# JRE version: Java(TM) SE Runtime Environment (8.0_111-b14) (build 1.8.0_111-b14)
# Java VM: Java HotSpot(TM) 64-Bit Server VM (25.111-b14 mixed mode windows-amd64 compressed oops)
Heap:
 PSYoungGen      total 37888K, used 3337K [0x00000000e0f00000, 0x00000000e3d80000, 0x0000000100000000)
  eden space 29184K, 11% used [0x00000000e0f00000,0x00000000e1242450,0x00000000e2b80000)
  from space 8704K, 0% used [0x00000000e3500000,0x00000000e3500000,0x00000000e3d80000)
  to   space 9216K, 0% used [0x00000000e2b80000,0x00000000e2b80000,0x00000000e3480000)
 ParOldGen       total 74752K, used 25595K [0x00000000a2c00000, 0x00000000a7500000, 0x00000000e0f00000)
  object space 74752K, 34% used [0x00000000a2c00000,0x00000000a44fec70,0x00000000a7500000)
 Metaspace       used 35997K, capacity 37102K, committed 37592K, reserved 1083392K
  class space    used 4145K, capacity 4494K, committed 4608K, reserved 1048576K
GC Heap History (10 events):
Event: 5190.680 GC heap before
{Heap before GC invocations=21 (full 1):
 PSYoungGen      total 31744K, used 17126K [0x00000000e0f00000, 0x00000000e4080000, 0x0000000100000000)
  eden space 30208K, 52% used [0x00000000e0f00000,0x00000000e1e8c690,0x00000000e2c80000)
  from space 1536K, 78% used [0x00000000e2d00000,0x00000000e2e2d3f8,0x00000000e2e80000)
  to   space 10240K, 0% used [0x00000000e3680000,0x00000000e3680000,0x00000000e4080000)
 ParOldGen       total 48128K, used 33812K [0x00000000a2c00000, 0x00000000a5b00000, 0x00000000e0f00000)
  object space 48128K, 70% used [0x00000000a2c00000,0x00000000a4d05380,0x00000000a5b00000)
 Metaspace       used 34199K, capacity 35240K, committed 35416K, reserved 1081344K
  class space    used 3891K, capacity 4201K, committed 4224K, reserved 1048576K
Event: 5190.750 GC heap after
Heap after GC invocations=21 (full 1):
 PSYoungGen      total 39424K, used 683K [0x00000000e0f00000, 0x00000000e4000000, 0x0000000100000000)
  eden space 29696K, 0% used [0x00000000e0f00000,0x00000000e0f00000,0x00000000e2c00000)
  from space 9728K, 7% used [0x00000000e3680000,0x00000000e372ade8,0x00000000e4000000)
  to   space 10240K, 0% used [0x00000000e2c00000,0x00000000e2c00000,0x00000000e3600000)
 ParOldGen       total 48128K, used 34004K [0x00000000a2c00000, 0x00000000a5b00000, 0x00000000e0f00000)
  object space 48128K, 70% used [0x00000000a2c00000,0x00000000a4d35380,0x00000000a5b00000)
 Metaspace       used 34199K, capacity 35240K, committed 35416K, reserved 1081344K
  class space    used 3891K, capacity 4201K, committed 4224K, reserved 1048576K
}
Event: 5190.762 GC heap before
{Heap before GC invocations=22 (full 2):
 PSYoungGen      total 39424K, used 683K [0x00000000e0f00000, 0x00000000e4000000, 0x0000000100000000)
  eden space 29696K, 0% used [0x00000000e0f00000,0x00000000e0f00000,0x00000000e2c00000)
  from space 9728K, 7% used [0x00000000e3680000,0x00000000e372ade8,0x00000000e4000000)
  to   space 10240K, 0% used [0x00000000e2c00000,0x00000000e2c00000,0x00000000e3600000)
 ParOldGen       total 48128K, used 34004K [0x00000000a2c00000, 0x00000000a5b00000, 0x00000000e0f00000)
  object space 48128K, 70% used [0x00000000a2c00000,0x00000000a4d35380,0x00000000a5b00000)
 Metaspace       used 34199K, capacity 35240K, committed 35416K, reserved 1081344K
  class space    used 3891K, capacity 4201K, committed 4224K, reserved 1048576K
Event: 5207.114 GC heap after
Heap after GC invocations=22 (full 2):
 PSYoungGen      total 39424K, used 0K [0x00000000e0f00000, 0x00000000e4000000, 0x0000000100000000)
  eden space 29696K, 0% used [0x00000000e0f00000,0x00000000e0f00000,0x00000000e2c00000)
  from space 9728K, 0% used [0x00000000e3680000,0x00000000e3680000,0x00000000e4000000)
  to   space 10240K, 0% used [0x00000000e2c00000,0x00000000e2c00000,0x00000000e3600000)
 ParOldGen       total 74752K, used 24359K [0x00000000a2c00000, 0x00000000a7500000, 0x00000000e0f00000)
  object space 74752K, 32% used [0x00000000a2c00000,0x00000000a43c9e78,0x00000000a7500000)
 Metaspace       used 33983K, capacity 34858K, committed 35416K, reserved 1081344K
  class space    used 3854K, capacity 4134K, committed 4224K, reserved 1048576K
}
Event: 5219.588 GC heap before
{Heap before GC invocations=23 (full 2):
 PSYoungGen      total 39424K, used 29696K [0x00000000e0f00000, 0x00000000e4000000, 0x0000000100000000)
  eden space 29696K, 100% used [0x00000000e0f00000,0x00000000e2c00000,0x00000000e2c00000)
  from space 9728K, 0% used [0x00000000e3680000,0x00000000e3680000,0x00000000e4000000)
  to   space 10240K, 0% used [0x00000000e2c00000,0x00000000e2c00000,0x00000000e3600000)
 ParOldGen       total 74752K, used 24359K [0x00000000a2c00000, 0x00000000a7500000, 0x00000000e0f00000)
  object space 74752K, 32% used [0x00000000a2c00000,0x00000000a43c9e78,0x00000000a7500000)
 Metaspace       used 35268K, capacity 36234K, committed 36696K, reserved 1081344K
  class space    used 4055K, capacity 4372K, committed 4480K, reserved 1048576K
Event: 5219.663 GC heap after
Heap after GC invocations=23 (full 2):
 PSYoungGen      total 32256K, used 2868K [0x00000000e0f00000, 0x00000000e3e80000, 0x0000000100000000)
  eden space 29184K, 0% used [0x00000000e0f00000,0x00000000e0f00000,0x00000000e2b80000)
  from space 3072K, 93% used [0x00000000e2c00000,0x00000000e2ecd1a8,0x00000000e2f00000)
  to   space 9728K, 0% used [0x00000000e3500000,0x00000000e3500000,0x00000000e3e80000)
 ParOldGen       total 74752K, used 24367K [0x00000000a2c00000, 0x00000000a7500000, 0x00000000e0f00000)
  object space 74752K, 32% used [0x00000000a2c00000,0x00000000a43cbe78,0x00000000a7500000)
 Metaspace       used 35268K, capacity 36234K, committed 36696K, reserved 1081344K
  class space    used 4055K, capacity 4372K, committed 4480K, reserved 1048576K
}
Event: 5256.355 GC heap before
{Heap before GC invocations=24 (full 2):
 PSYoungGen      total 32256K, used 31783K [0x00000000e0f00000, 0x00000000e3e80000, 0x0000000100000000)
  eden space 29184K, 99% used [0x00000000e0f00000,0x00000000e2b3ca78,0x00000000e2b80000)
  from space 3072K, 93% used [0x00000000e2c00000,0x00000000e2ecd1a8,0x00000000e2f00000)
  to   space 9728K, 0% used [0x00000000e3500000,0x00000000e3500000,0x00000000e3e80000)
 ParOldGen       total 74752K, used 24367K [0x00000000a2c00000, 0x00000000a7500000, 0x00000000e0f00000)
  object space 74752K, 32% used [0x00000000a2c00000,0x00000000a43cbe78,0x00000000a7500000)
 Metaspace       used 35946K, capacity 37014K, committed 37336K, reserved 1081344K
  class space    used 4140K, capacity 4490K, committed 4608K, reserved 1048576K
Event: 5257.058 GC heap after
Heap after GC invocations=24 (full 2):
 PSYoungGen      total 37888K, used 1072K [0x00000000e0f00000, 0x00000000e3d80000, 0x0000000100000000)
  eden space 29184K, 0% used [0x00000000e0f00000,0x00000000e0f00000,0x00000000e2b80000)
  from space 8704K, 12% used [0x00000000e3500000,0x00000000e360c250,0x00000000e3d80000)
  to   space 9216K, 0% used [0x00000000e2b80000,0x00000000e2b80000,0x00000000e3480000)
 ParOldGen       total 74752K, used 25934K [0x00000000a2c00000, 0x00000000a7500000, 0x00000000e0f00000)
  object space 74752K, 34% used [0x00000000a2c00000,0x00000000a4553970,0x00000000a7500000)
 Metaspace       used 35946K, capacity 37014K, committed 37336K, reserved 1081344K
  class space    used 4140K, capacity 4490K, committed 4608K, reserved 1048576K
}
Event: 5257.058 GC heap before
{Heap before GC invocations=25 (full 3):
 PSYoungGen      total 37888K, used 1072K [0x00000000e0f00000, 0x00000000e3d80000, 0x0000000100000000)
  eden space 29184K, 0% used [0x00000000e0f00000,0x00000000e0f00000,0x00000000e2b80000)
  from space 8704K, 12% used [0x00000000e3500000,0x00000000e360c250,0x00000000e3d80000)
  to   space 9216K, 0% used [0x00000000e2b80000,0x00000000e2b80000,0x00000000e3480000)
 ParOldGen       total 74752K, used 25934K [0x00000000a2c00000, 0x00000000a7500000, 0x00000000e0f00000)
  object space 74752K, 34% used [0x00000000a2c00000,0x00000000a4553970,0x00000000a7500000)
 Metaspace       used 35946K, capacity 37014K, committed 37336K, reserved 1081344K
  class space    used 4140K, capacity 4490K, committed 4608K, reserved 1048576K
Event: 5257.286 GC heap after
Heap after GC invocations=25 (full 3):
 PSYoungGen      total 37888K, used 0K [0x00000000e0f00000, 0x00000000e3d80000, 0x0000000100000000)
  eden space 29184K, 0% used [0x00000000e0f00000,0x00000000e0f00000,0x00000000e2b80000)
  from space 8704K, 0% used [0x00000000e3500000,0x00000000e3500000,0x00000000e3d80000)
  to   space 9216K, 0% used [0x00000000e2b80000,0x00000000e2b80000,0x00000000e3480000)
 ParOldGen       total 74752K, used 25595K [0x00000000a2c00000, 0x00000000a7500000, 0x00000000e0f00000)
  object space 74752K, 34% used [0x00000000a2c00000,0x00000000a44fec70,0x00000000a7500000)
 Metaspace       used 35946K, capacity 37014K, committed 37336K, reserved 1081344K
  class space    used 4140K, capacity 4490K, committed 4608K, reserved 1048576K
}

