<?xml version="1.0" encoding="UTF-8"?>
<testsuite name="Scenario: Webclcok Employee Punchout" time="0.286" tests="583" errors="18" skipped="56" failures="0">
  <properties>
[...]
</properties>
  <testcase name="Given Launch Browser and Open eClock" classname="Scenario: Valid Credentials should be able to login successfully" time="0.005"/>
  <testcase name="Given Launch Browser and Open eClock" classname="Scenario: Valid Credentials should be able to login successfully" time="0"/>
  <testcase name="When Enter valid credentials and click login" classname="Scenario: Valid Credentials should be able to login successfully" time="0"/>
  <testcase name="Then User should be able to login successfully" classname="Scenario: Valid Credentials should be able to login successfully" time="0"/>
  <testcase name="Then User should be able to login successfully" classname="Scenario: Valid Credentials should be able to login successfully" time="0"/>
  <testcase name="Then Loggedout successfully" classname="Scenario: Valid Credentials should be able to login successfully" time="0"/>
  <testcase name="Then Loggedout successfully" classname="Scenario: Valid Credentials should be able to login successfully" time="0"/>
  <testcase name="Scenario: Valid Credentials should be able to login successfully" classname="Scenario: Valid Credentials should be able to login successfully" time="0.001"/>
  <testcase name="Scenario: Valid Credentials should be able to login successfully" classname="Scenario: Valid Credentials should be able to login successfully" time="0"/>
  <testcase name="Given Launch Browser and Open eClock" classname="Scenario: Validate Punchin option" time="0"/>
  <testcase name="Given Launch Browser and Open eClock" classname="Scenario: Validate Punchin option" time="0"/>
  <testcase name="When Enter valid credentials and click login" classname="Scenario: Validate Punchin option" time="0"/>
  <testcase name="Then User should be able to login successfully" classname="Scenario: Validate Punchin option" time="0"/>
  <testcase name="Then User should be able to login successfully" classname="Scenario: Validate Punchin option" time="0"/>
  <testcase name="Then click on webclock from side menu" classname="Scenario: Validate Punchin option" time="0"/>
  <testcase name="Then click on Punch in Button" classname="Scenario: Validate Punchin option" time="0"/>
  <testcase name="Then click on Punch in Button" classname="Scenario: Validate Punchin option" time="0"/>
  <testcase name="Then Loggedout successfully" classname="Scenario: Validate Punchin option" time="0"/>
  <testcase name="Then Loggedout successfully" classname="Scenario: Validate Punchin option" time="0"/>
  <testcase name="Scenario: Validate Punchin option" classname="Scenario: Validate Punchin option" time="0.001"/>
  <testcase name="Scenario: Validate Punchin option" classname="Scenario: Validate Punchin option" time="0.001"/>
  <testcase name="Given Launch Browser and Open eClock" classname="Scenario: Validate Lunch start" time="0"/>
  <testcase name="Given Launch Browser and Open eClock" classname="Scenario: Validate Lunch start" time="0"/>
  <testcase name="When Enter valid credentials and click login" classname="Scenario: Validate Lunch start" time="0"/>
  <testcase name="Then User should be able to login successfully" classname="Scenario: Validate Lunch start" time="0"/>
  <testcase name="Then User should be able to login successfully" classname="Scenario: Validate Lunch start" time="0"/>
  <testcase name="Then click on webclock from side menu" classname="Scenario: Validate Lunch start" time="0"/>
  <testcase name="Then Clcik on Lunch start" classname="Scenario: Validate Lunch start" time="0"/>
  <testcase name="Then Clcik on Lunch start" classname="Scenario: Validate Lunch start" time="0"/>
  <testcase name="Then Loggedout successfully" classname="Scenario: Validate Lunch start" time="0"/>
  <testcase name="Then Loggedout successfully" classname="Scenario: Validate Lunch start" time="0"/>
  <testcase name="Scenario: Validate Lunch start" classname="Scenario: Validate Lunch start" time="0.001"/>
  <testcase name="Scenario: Validate Lunch start" classname="Scenario: Validate Lunch start" time="0"/>
  <testcase name="Given Launch Browser and Open eClock" classname="Scenario: Validate Lunch stop" time="0"/>
  <testcase name="Given Launch Browser and Open eClock" classname="Scenario: Validate Lunch stop" time="0"/>
  <testcase name="When Enter valid credentials and click login" classname="Scenario: Validate Lunch stop" time="0"/>
  <testcase name="Then User should be able to login successfully" classname="Scenario: Validate Lunch stop" time="0"/>
  <testcase name="Then User should be able to login successfully" classname="Scenario: Validate Lunch stop" time="0"/>
  <testcase name="Then click on webclock from side menu" classname="Scenario: Validate Lunch stop" time="0"/>
  <testcase name="Then Clcik on Lunch stop" classname="Scenario: Validate Lunch stop" time="0"/>
  <testcase name="Then Clcik on Lunch stop" classname="Scenario: Validate Lunch stop" time="0"/>
  <testcase name="Then Loggedout successfully" classname="Scenario: Validate Lunch stop" time="0"/>
  <testcase name="Then Loggedout successfully" classname="Scenario: Validate Lunch stop" time="0"/>
  <testcase name="Scenario: Validate Lunch stop" classname="Scenario: Validate Lunch stop" time="0"/>
  <testcase name="Scenario: Validate Lunch stop" classname="Scenario: Validate Lunch stop" time="0.003"/>
  <testcase name="Given Launch Browser and Open eClock" classname="Scenario: Validate Punch Out" time="0"/>
  <testcase name="Given Launch Browser and Open eClock" classname="Scenario: Validate Punch Out" time="0"/>
  <testcase name="When Enter valid credentials and click login" classname="Scenario: Validate Punch Out" time="0"/>
  <testcase name="Then User should be able to login successfully" classname="Scenario: Validate Punch Out" time="0"/>
  <testcase name="Then User should be able to login successfully" classname="Scenario: Validate Punch Out" time="0"/>
  <testcase name="Then click on webclock from side menu" classname="Scenario: Validate Punch Out" time="0"/>
  <testcase name="Then Click on Punchout Button" classname="Scenario: Validate Punch Out" time="0"/>
  <testcase name="Then Click on Punchout Button" classname="Scenario: Validate Punch Out" time="0"/>
  <testcase name="Then Loggedout successfully" classname="Scenario: Validate Punch Out" time="0"/>
  <testcase name="Then Loggedout successfully" classname="Scenario: Validate Punch Out" time="0"/>
  <testcase name="Scenario: Validate Punch Out" classname="Scenario: Validate Punch Out" time="0"/>
  <testcase name="Scenario: Validate Punch Out" classname="Scenario: Validate Punch Out" time="0"/>
  <testcase name="Given Launch Browser and Open eClock" classname="Scenario: Admin login - schedule  Time card Approvals" time="0"/>
  <testcase name="When Enter valid credentials and click login" classname="Scenario: Admin login - schedule  Time card Approvals" time="0"/>
  <testcase name="Then Admin clcik on Time card" classname="Scenario: Admin login - schedule  Time card Approvals" time="0"/>
  <testcase name="Then Admin Click on Time card Approvals" classname="Scenario: Admin login - schedule  Time card Approvals" time="0"/>
  <testcase name="Then Loggedout successfully" classname="Scenario: Admin login - schedule  Time card Approvals" time="0"/>
  <testcase name="Scenario: Admin login - schedule  Time card Approvals" classname="Scenario: Admin login - schedule  Time card Approvals" time="0"/>
  <testcase name="Given Launch Browser and Open eClock" classname="Scenario: Admin login - schedule  Time card Calendar" time="0"/>
  <testcase name="When Enter valid credentials and click login" classname="Scenario: Admin login - schedule  Time card Calendar" time="0"/>
  <testcase name="Then Admin clcik on Time card" classname="Scenario: Admin login - schedule  Time card Calendar" time="0"/>
  <testcase name="Then Admin Click on Time card Calendar" classname="Scenario: Admin login - schedule  Time card Calendar" time="0"/>
  <testcase name="Then Loggedout successfully" classname="Scenario: Admin login - schedule  Time card Calendar" time="0.001"/>
  <testcase name="Scenario: Admin login - schedule  Time card Calendar" classname="Scenario: Admin login - schedule  Time card Calendar" time="0.001"/>
  <testcase name="Given Launch Browser and Open eClock" classname="Scenario: Admin login - schedule  Time card Exception" time="0"/>
  <testcase name="When Enter valid credentials and click login" classname="Scenario: Admin login - schedule  Time card Exception" time="0"/>
  <testcase name="Then Admin clcik on Time card" classname="Scenario: Admin login - schedule  Time card Exception" time="0"/>
  <testcase name="Then Admin Click on Time card Exception" classname="Scenario: Admin login - schedule  Time card Exception" time="0"/>
  <testcase name="Then Loggedout successfully" classname="Scenario: Admin login - schedule  Time card Exception" time="0"/>
  <testcase name="Scenario: Admin login - schedule  Time card Exception" classname="Scenario: Admin login - schedule  Time card Exception" time="0"/>
  <testcase name="Given Launch Browser and Open eClock" classname="Scenario: Admin login - schedule for employees" time="0"/>
  <testcase name="When Enter valid credentials and click login" classname="Scenario: Admin login - schedule for employees" time="0"/>
  <testcase name="Then click on webclock from side menu" classname="Scenario: Admin login - schedule for employees" time="0"/>
  <testcase name="Then click on Punch in Button" classname="Scenario: Admin login - schedule for employees" time="0"/>
  <testcase name="Then Admin clcik on Schedule" classname="Scenario: Admin login - schedule for employees" time="0"/>
  <testcase name="Then Admin Click on schedule Default" classname="Scenario: Admin login - schedule for employees" time="0"/>
  <testcase name="Then Loggedout successfully" classname="Scenario: Admin login - schedule for employees" time="0"/>
  <testcase name="Scenario: Admin login - schedule for employees" classname="Scenario: Admin login - schedule for employees" time="0"/>
  <testcase name="Given Launch Browser and Open eClock" classname="Scenario: Admin login - Dashboard view" time="0.001"/>
  <testcase name="When Enter valid credentials and click login" classname="Scenario: Admin login - Dashboard view" time="0"/>
  <testcase name="Then click on webclock from side menu" classname="Scenario: Admin login - Dashboard view" time="0"/>
  <testcase name="Then Admin clcik on Schedule" classname="Scenario: Admin login - Dashboard view" time="0.001"/>
  <testcase name="Then Admin Click on Dashboard Default" classname="Scenario: Admin login - Dashboard view" time="0"/>
  <testcase name="Then Loggedout successfully" classname="Scenario: Admin login - Dashboard view" time="0"/>
  <testcase name="Scenario: Admin login - Dashboard view" classname="Scenario: Admin login - Dashboard view" time="0"/>
  <testcase name="Given Launch Browser and Open eClock" classname="Scenario: Admin login - Employee - Employee Access info" time="0"/>
  <testcase name="When Enter valid credentials and click login" classname="Scenario: Admin login - Employee - Employee Access info" time="0"/>
  <testcase name="Then Admin clcik on Employee" classname="Scenario: Admin login - Employee - Employee Access info" time="0"/>
  <testcase name="Then Admin clcik on Employee Access Info" classname="Scenario: Admin login - Employee - Employee Access info" time="0"/>
  <testcase name="Then Admin View or Edit Employee Access info" classname="Scenario: Admin login - Employee - Employee Access info" time="0">
    <skipped/>
  </testcase>
  <testcase name="Then Loggedout successfully" classname="Scenario: Admin login - Employee - Employee Access info" time="0">
    <skipped/>
  </testcase>
  <testcase name="Scenario: Admin login - Employee - Employee Access info" classname="Scenario: Admin login - Employee - Employee Access info" time="0">
    <skipped/>
  </testcase>
  <testcase name="Scenario: Admin login - Employee - Employee Access info" classname="Scenario: Admin login - Employee - Employee Access info" time="0.005"/>
  <testcase name="Given Launch Browser and Open eClock" classname="Scenario: Admin login - Employee - Employee settings" time="0"/>
  <testcase name="When Enter valid credentials and click login" classname="Scenario: Admin login - Employee - Employee settings" time="0"/>
  <testcase name="Then click on webclock from side menu" classname="Scenario: Admin login - Employee - Employee settings" time="0"/>
  <testcase name="Then Admin clcik on Employee" classname="Scenario: Admin login - Employee - Employee settings" time="0"/>
  <testcase name="Then Admin clcik on Employee settings" classname="Scenario: Admin login - Employee - Employee settings" time="0"/>
  <testcase name="Then Loggedout successfully" classname="Scenario: Admin login - Employee - Employee settings" time="0"/>
  <testcase name="Scenario: Admin login - Employee - Employee settings" classname="Scenario: Admin login - Employee - Employee settings" time="0"/>
  <testcase name="Given Launch Browser and Open eClock" classname="Scenario: Admin login - Employee - Employee benefits" time="0"/>
  <testcase name="When Enter valid credentials and click login" classname="Scenario: Admin login - Employee - Employee benefits" time="0"/>
  <testcase name="Then click on webclock from side menu" classname="Scenario: Admin login - Employee - Employee benefits" time="0"/>
  <testcase name="Then Admin clcik on Employee" classname="Scenario: Admin login - Employee - Employee benefits" time="0.001"/>
  <testcase name="Then Admin clcik on Employee benefits" classname="Scenario: Admin login - Employee - Employee benefits" time="0"/>
  <testcase name="Then Loggedout successfully" classname="Scenario: Admin login - Employee - Employee benefits" time="0"/>
  <testcase name="Scenario: Admin login - Employee - Employee benefits" classname="Scenario: Admin login - Employee - Employee benefits" time="0.001"/>
  <testcase name="Given Launch Browser and Open eClock" classname="Scenario: Admin login - Employee - Employee Points" time="0"/>
  <testcase name="When Enter valid credentials and click login" classname="Scenario: Admin login - Employee - Employee Points" time="0"/>
  <testcase name="Then click on webclock from side menu" classname="Scenario: Admin login - Employee - Employee Points" time="0"/>
  <testcase name="Then Admin clcik on Employee" classname="Scenario: Admin login - Employee - Employee Points" time="0"/>
  <testcase name="Then Admin clcik on Employee Points" classname="Scenario: Admin login - Employee - Employee Points" time="0"/>
  <testcase name="Then Loggedout successfully" classname="Scenario: Admin login - Employee - Employee Points" time="0"/>
  <testcase name="Scenario: Admin login - Employee - Employee Points" classname="Scenario: Admin login - Employee - Employee Points" time="0"/>
  <testcase name="Given Launch Browser and Open eClock" classname="Scenario: Admin login - Configure - Group" time="0"/>
  <testcase name="When Enter valid credentials and click login" classname="Scenario: Admin login - Configure - Group" time="0"/>
  <testcase name="Then click on webclock from side menu" classname="Scenario: Admin login - Configure - Group" time="0"/>
  <testcase name="Then clcik on Configure" classname="Scenario: Admin login - Configure - Group" time="0"/>
  <testcase name="Then Click on Group" classname="Scenario: Admin login - Configure - Group" time="0"/>
  <testcase name="When group details loaded on right pane check details" classname="Scenario: Admin login - Configure - Group" time="0"/>
  <testcase name="Then Loggedout successfully" classname="Scenario: Admin login - Configure - Group" time="0"/>
  <testcase name="Scenario: Admin login - Configure - Group" classname="Scenario: Admin login - Configure - Group" time="0.001"/>
  <testcase name="Given Launch Browser and Open eClock" classname="Scenario: Admin login - Configure - GroupSettings" time="0"/>
  <testcase name="When Enter valid credentials and click login" classname="Scenario: Admin login - Configure - GroupSettings" time="0"/>
  <testcase name="Then click on webclock from side menu" classname="Scenario: Admin login - Configure - GroupSettings" time="0"/>
  <testcase name="Then clcik on Configure" classname="Scenario: Admin login - Configure - GroupSettings" time="0"/>
  <testcase name="Then Click on Group settings" classname="Scenario: Admin login - Configure - GroupSettings" time="0"/>
  <testcase name="When group settings loads at right pane check details" classname="Scenario: Admin login - Configure - GroupSettings" time="0"/>
  <testcase name="Then Loggedout successfully" classname="Scenario: Admin login - Configure - GroupSettings" time="0"/>
  <testcase name="Scenario: Admin login - Configure - GroupSettings" classname="Scenario: Admin login - Configure - GroupSettings" time="0.003"/>
  <testcase name="Given Launch Browser and Open eClock" classname="Scenario: Admin login - Configure - Department" time="0"/>
  <testcase name="When Enter valid credentials and click login" classname="Scenario: Admin login - Configure - Department" time="0"/>
  <testcase name="Then click on webclock from side menu" classname="Scenario: Admin login - Configure - Department" time="0"/>
  <testcase name="Then clcik on Configure" classname="Scenario: Admin login - Configure - Department" time="0"/>
  <testcase name="Then Click on Departments" classname="Scenario: Admin login - Configure - Department" time="0"/>
  <testcase name="Then Loggedout successfully" classname="Scenario: Admin login - Configure - Department" time="0"/>
  <testcase name="Scenario: Admin login - Configure - Department" classname="Scenario: Admin login - Configure - Department" time="0.001"/>
  <testcase name="Given Launch Browser and Open eClock" classname="Scenario: Admin login - Configure - Position" time="0"/>
  <testcase name="When Enter valid credentials and click login" classname="Scenario: Admin login - Configure - Position" time="0"/>
  <testcase name="Then click on webclock from side menu" classname="Scenario: Admin login - Configure - Position" time="0"/>
  <testcase name="Then clcik on Configure" classname="Scenario: Admin login - Configure - Position" time="0"/>
  <testcase name="Then Click on Position" classname="Scenario: Admin login - Configure - Position" time="0"/>
  <testcase name="Then Loggedout successfully" classname="Scenario: Admin login - Configure - Position" time="0"/>
  <testcase name="Scenario: Admin login - Configure - Position" classname="Scenario: Admin login - Configure - Position" time="0"/>
  <testcase name="Given Launch Browser and Open eClock" classname="Scenario: Admin login - Configure - Job Type" time="0"/>
  <testcase name="When Enter valid credentials and click login" classname="Scenario: Admin login - Configure - Job Type" time="0"/>
  <testcase name="Then click on webclock from side menu" classname="Scenario: Admin login - Configure - Job Type" time="0"/>
  <testcase name="Then clcik on Configure" classname="Scenario: Admin login - Configure - Job Type" time="0"/>
  <testcase name="Then click on Job Type" classname="Scenario: Admin login - Configure - Job Type" time="0"/>
  <testcase name="Then Loggedout successfully" classname="Scenario: Admin login - Configure - Job Type" time="0"/>
  <testcase name="Scenario: Admin login - Configure - Job Type" classname="Scenario: Admin login - Configure - Job Type" time="0"/>
  <testcase name="Given Launch Browser and Open eClock" classname="Scenario: Admin Login - Configure - Status Codes" time="0"/>
  <testcase name="When Enter valid credentials and click login" classname="Scenario: Admin Login - Configure - Status Codes" time="0"/>
  <testcase name="Then click on webclock from side menu" classname="Scenario: Admin Login - Configure - Status Codes" time="0"/>
  <testcase name="Then clcik on Configure" classname="Scenario: Admin Login - Configure - Status Codes" time="0"/>
  <testcase name="Then Click on Status code" classname="Scenario: Admin Login - Configure - Status Codes" time="0"/>
  <testcase name="Then Loggedout successfully" classname="Scenario: Admin Login - Configure - Status Codes" time="0"/>
  <testcase name="Scenario: Admin Login - Configure - Status Codes" classname="Scenario: Admin Login - Configure - Status Codes" time="0.001"/>
  <testcase name="Given Launch Browser and Open eClock" classname="Scenario: Admin Login - Configure - View benefits" time="0"/>
  <testcase name="When Enter valid credentials and click login" classname="Scenario: Admin Login - Configure - View benefits" time="0"/>
  <testcase name="Then click on webclock from side menu" classname="Scenario: Admin Login - Configure - View benefits" time="0"/>
  <testcase name="Then clcik on Configure" classname="Scenario: Admin Login - Configure - View benefits" time="0.001"/>
  <testcase name="Then Clcik on View benefits" classname="Scenario: Admin Login - Configure - View benefits" time="0"/>
  <testcase name="Then Loggedout successfully" classname="Scenario: Admin Login - Configure - View benefits" time="0"/>
  <testcase name="Scenario: Admin Login - Configure - View benefits" classname="Scenario: Admin Login - Configure - View benefits" time="0.001"/>
  <testcase name="Given Launch Browser and Open eClock" classname="Scenario: Admin Login - Configure - Group Default" time="0"/>
  <testcase name="When Enter valid credentials and click login" classname="Scenario: Admin Login - Configure - Group Default" time="0"/>
  <testcase name="Then click on webclock from side menu" classname="Scenario: Admin Login - Configure - Group Default" time="0"/>
  <testcase name="Then clcik on Configure" classname="Scenario: Admin Login - Configure - Group Default" time="0"/>
  <testcase name="Then Clcik on Group Default" classname="Scenario: Admin Login - Configure - Group Default" time="0"/>
  <testcase name="Then Loggedout successfully" classname="Scenario: Admin Login - Configure - Group Default" time="0"/>
  <testcase name="Scenario: Admin Login - Configure - Group Default" classname="Scenario: Admin Login - Configure - Group Default" time="0"/>
  <testcase name="Given Launch Browser and Open eClock" classname="Scenario: Admin Login - Configure - Task" time="0"/>
  <testcase name="When Enter valid credentials and click login" classname="Scenario: Admin Login - Configure - Task" time="0"/>
  <testcase name="Then click on webclock from side menu" classname="Scenario: Admin Login - Configure - Task" time="0"/>
  <testcase name="Then clcik on Configure" classname="Scenario: Admin Login - Configure - Task" time="0"/>
  <testcase name="Then Clcik on Task" classname="Scenario: Admin Login - Configure - Task" time="0"/>
  <testcase name="Then Loggedout successfully" classname="Scenario: Admin Login - Configure - Task" time="0"/>
  <testcase name="Scenario: Admin Login - Configure - Task" classname="Scenario: Admin Login - Configure - Task" time="0.003"/>
  <testcase name="Given Launch Browser and Open eClock" classname="Scenario: Admin Login - Configure - Prj Sales Items" time="0"/>
  <testcase name="When Enter valid credentials and click login" classname="Scenario: Admin Login - Configure - Prj Sales Items" time="0"/>
  <testcase name="Then click on webclock from side menu" classname="Scenario: Admin Login - Configure - Prj Sales Items" time="0"/>
  <testcase name="Then clcik on Configure" classname="Scenario: Admin Login - Configure - Prj Sales Items" time="0"/>
  <testcase name="Then Clcik on Prj Sales Items" classname="Scenario: Admin Login - Configure - Prj Sales Items" time="0"/>
  <testcase name="Then Loggedout successfully" classname="Scenario: Admin Login - Configure - Prj Sales Items" time="0"/>
  <testcase name="Scenario: Admin Login - Configure - Prj Sales Items" classname="Scenario: Admin Login - Configure - Prj Sales Items" time="0.001"/>
  <testcase name="Given Launch Browser and Open eClock" classname="Scenario: Admin Login - Configure - Project Items" time="0"/>
  <testcase name="When Enter valid credentials and click login" classname="Scenario: Admin Login - Configure - Project Items" time="0"/>
  <testcase name="Then click on webclock from side menu" classname="Scenario: Admin Login - Configure - Project Items" time="0"/>
  <testcase name="Then clcik on Configure" classname="Scenario: Admin Login - Configure - Project Items" time="0"/>
  <testcase name="Then Clcik on Project Items" classname="Scenario: Admin Login - Configure - Project Items" time="0.001"/>
  <testcase name="Then Loggedout successfully" classname="Scenario: Admin Login - Configure - Project Items" time="0"/>
  <testcase name="Scenario: Admin Login - Configure - Project Items" classname="Scenario: Admin Login - Configure - Project Items" time="0"/>
  <testcase name="Given Launch Browser and Open eClock" classname="Scenario: Admin Login - Configure - Certification" time="0"/>
  <testcase name="When Enter valid credentials and click login" classname="Scenario: Admin Login - Configure - Certification" time="0"/>
  <testcase name="Then click on webclock from side menu" classname="Scenario: Admin Login - Configure - Certification" time="0"/>
  <testcase name="Then clcik on Configure" classname="Scenario: Admin Login - Configure - Certification" time="0"/>
  <testcase name="Then Clcik on Certification" classname="Scenario: Admin Login - Configure - Certification" time="0"/>
  <testcase name="Then Loggedout successfully" classname="Scenario: Admin Login - Configure - Certification" time="0"/>
  <testcase name="Scenario: Admin Login - Configure - Certification" classname="Scenario: Admin Login - Configure - Certification" time="0.001"/>
  <testcase name="Given Launch Browser and Open eClock" classname="Scenario: Admin Login - Configure - Breaks" time="0"/>
  <testcase name="When Enter valid credentials and click login" classname="Scenario: Admin Login - Configure - Breaks" time="0"/>
  <testcase name="Then click on webclock from side menu" classname="Scenario: Admin Login - Configure - Breaks" time="0"/>
  <testcase name="Then clcik on Configure" classname="Scenario: Admin Login - Configure - Breaks" time="0"/>
  <testcase name="Then clcik on Breaks" classname="Scenario: Admin Login - Configure - Breaks" time="0"/>
  <testcase name="Then Loggedout successfully" classname="Scenario: Admin Login - Configure - Breaks" time="0"/>
  <testcase name="Scenario: Admin Login - Configure - Breaks" classname="Scenario: Admin Login - Configure - Breaks" time="0.001"/>
  <testcase name="Given Launch Browser and Open eClock" classname="Scenario: Admin Login - Configure - Holiday Template" time="0"/>
  <testcase name="When Enter valid credentials and click login" classname="Scenario: Admin Login - Configure - Holiday Template" time="0"/>
  <testcase name="Then click on webclock from side menu" classname="Scenario: Admin Login - Configure - Holiday Template" time="0"/>
  <testcase name="Then clcik on Configure" classname="Scenario: Admin Login - Configure - Holiday Template" time="0"/>
  <testcase name="Then Clcik on Holiday Template" classname="Scenario: Admin Login - Configure - Holiday Template" time="0"/>
  <testcase name="Then Loggedout successfully" classname="Scenario: Admin Login - Configure - Holiday Template" time="0"/>
  <testcase name="Scenario: Admin Login - Configure - Holiday Template" classname="Scenario: Admin Login - Configure - Holiday Template" time="0.001"/>
  <testcase name="Given Launch Browser and Open eClock" classname="Scenario: Admin Login - Configure - Holiday Set" time="0"/>
  <testcase name="When Enter valid credentials and click login" classname="Scenario: Admin Login - Configure - Holiday Set" time="0"/>
  <testcase name="Then click on webclock from side menu" classname="Scenario: Admin Login - Configure - Holiday Set" time="0"/>
  <testcase name="Then clcik on Configure" classname="Scenario: Admin Login - Configure - Holiday Set" time="0"/>
  <testcase name="Then clcik on Holiday Set" classname="Scenario: Admin Login - Configure - Holiday Set" time="0"/>
  <testcase name="Then Loggedout successfully" classname="Scenario: Admin Login - Configure - Holiday Set" time="0.001"/>
  <testcase name="Scenario: Admin Login - Configure - Holiday Set" classname="Scenario: Admin Login - Configure - Holiday Set" time="0.001"/>
  <testcase name="Given Launch Browser and Open eClock" classname="Scenario: Admin Login - Configure - Holidays" time="0"/>
  <testcase name="When Enter valid credentials and click login" classname="Scenario: Admin Login - Configure - Holidays" time="0"/>
  <testcase name="Then click on webclock from side menu" classname="Scenario: Admin Login - Configure - Holidays" time="0"/>
  <testcase name="Then clcik on Configure" classname="Scenario: Admin Login - Configure - Holidays" time="0"/>
  <testcase name="Then Click on Holidays" classname="Scenario: Admin Login - Configure - Holidays" time="0"/>
  <testcase name="Then Loggedout successfully" classname="Scenario: Admin Login - Configure - Holidays" time="0"/>
  <testcase name="Scenario: Admin Login - Configure - Holidays" classname="Scenario: Admin Login - Configure - Holidays" time="0.002"/>
  <testcase name="Given Launch Browser and Open eClock" classname="Scenario: Admin Login - Configure - Pay Rules" time="0"/>
  <testcase name="When Enter valid credentials and click login" classname="Scenario: Admin Login - Configure - Pay Rules" time="0"/>
  <testcase name="Then click on webclock from side menu" classname="Scenario: Admin Login - Configure - Pay Rules" time="0"/>
  <testcase name="Then clcik on Configure" classname="Scenario: Admin Login - Configure - Pay Rules" time="0"/>
  <testcase name="Then Clcik on Pay Rules" classname="Scenario: Admin Login - Configure - Pay Rules" time="0"/>
  <testcase name="Then Loggedout successfully" classname="Scenario: Admin Login - Configure - Pay Rules" time="0"/>
  <testcase name="Scenario: Admin Login - Configure - Pay Rules" classname="Scenario: Admin Login - Configure - Pay Rules" time="0.001"/>
  <testcase name="Given Launch Browser and Open eClock" classname="Scenario: Admin Login - Configure - Points" time="0"/>
  <testcase name="When Enter valid credentials and click login" classname="Scenario: Admin Login - Configure - Points" time="0"/>
  <testcase name="Then click on webclock from side menu" classname="Scenario: Admin Login - Configure - Points" time="0"/>
  <testcase name="Then clcik on Configure" classname="Scenario: Admin Login - Configure - Points" time="0"/>
  <testcase name="Then Clcik on Points" classname="Scenario: Admin Login - Configure - Points" time="0"/>
  <testcase name="Then Loggedout successfully" classname="Scenario: Admin Login - Configure - Points" time="0"/>
  <testcase name="Scenario: Admin Login - Configure - Points" classname="Scenario: Admin Login - Configure - Points" time="0"/>
  <testcase name="Given Launch Browser and Open eClock" classname="Scenario: Admin Login - Configure - Points Reason" time="0"/>
  <testcase name="When Enter valid credentials and click login" classname="Scenario: Admin Login - Configure - Points Reason" time="0"/>
  <testcase name="Then click on webclock from side menu" classname="Scenario: Admin Login - Configure - Points Reason" time="0"/>
  <testcase name="Then clcik on Configure" classname="Scenario: Admin Login - Configure - Points Reason" time="0"/>
  <testcase name="Then Clcik on Point Reason" classname="Scenario: Admin Login - Configure - Points Reason" time="0"/>
  <testcase name="Then Loggedout successfully" classname="Scenario: Admin Login - Configure - Points Reason" time="0"/>
  <testcase name="Scenario: Admin Login - Configure - Points Reason" classname="Scenario: Admin Login - Configure - Points Reason" time="0.002"/>
  <testcase name="Given Launch Browser and Open eClock" classname="Scenario: Admin Login - Configure - Email Templates" time="0"/>
  <testcase name="When Enter valid credentials and click login" classname="Scenario: Admin Login - Configure - Email Templates" time="0"/>
  <testcase name="Then click on webclock from side menu" classname="Scenario: Admin Login - Configure - Email Templates" time="0"/>
  <testcase name="Then clcik on Configure" classname="Scenario: Admin Login - Configure - Email Templates" time="0"/>
  <testcase name="Then Clcik on Email templates" classname="Scenario: Admin Login - Configure - Email Templates" time="0"/>
  <testcase name="Then Loggedout successfully" classname="Scenario: Admin Login - Configure - Email Templates" time="0"/>
  <testcase name="Scenario: Admin Login - Configure - Email Templates" classname="Scenario: Admin Login - Configure - Email Templates" time="0.001"/>
  <testcase name="Given Launch Browser and Open eClock" classname="Scenario: Admin Login - Configure - Pay Types" time="0"/>
  <testcase name="When Enter valid credentials and click login" classname="Scenario: Admin Login - Configure - Pay Types" time="0"/>
  <testcase name="Then click on webclock from side menu" classname="Scenario: Admin Login - Configure - Pay Types" time="0"/>
  <testcase name="Then clcik on Configure" classname="Scenario: Admin Login - Configure - Pay Types" time="0"/>
  <testcase name="Then Clcik on Pay Types" classname="Scenario: Admin Login - Configure - Pay Types" time="0.001"/>
  <testcase name="Then Loggedout successfully" classname="Scenario: Admin Login - Configure - Pay Types" time="0"/>
  <testcase name="Scenario: Admin Login - Configure - Pay Types" classname="Scenario: Admin Login - Configure - Pay Types" time="0"/>
  <testcase name="Given Launch Browser and Open eClock" classname="Scenario: Admin Login - Configure - Comments" time="0"/>
  <testcase name="When Enter valid credentials and click login" classname="Scenario: Admin Login - Configure - Comments" time="0"/>
  <testcase name="Then click on webclock from side menu" classname="Scenario: Admin Login - Configure - Comments" time="0"/>
  <testcase name="Then clcik on Configure" classname="Scenario: Admin Login - Configure - Comments" time="0"/>
  <testcase name="Then Clcik on Comments" classname="Scenario: Admin Login - Configure - Comments" time="0.001"/>
  <testcase name="Then Loggedout successfully" classname="Scenario: Admin Login - Configure - Comments" time="0"/>
  <testcase name="Scenario: Admin Login - Configure - Comments" classname="Scenario: Admin Login - Configure - Comments" time="0.001"/>
  <testcase name="Given Launch Browser and Open eClock" classname="Scenario: Admin Login - Configure - Pay Categories" time="0"/>
  <testcase name="When Enter valid credentials and click login" classname="Scenario: Admin Login - Configure - Pay Categories" time="0"/>
  <testcase name="Then click on webclock from side menu" classname="Scenario: Admin Login - Configure - Pay Categories" time="0"/>
  <testcase name="Then clcik on Configure" classname="Scenario: Admin Login - Configure - Pay Categories" time="0"/>
  <testcase name="Then Clcik on Pay categories" classname="Scenario: Admin Login - Configure - Pay Categories" time="0"/>
  <testcase name="Then Loggedout successfully" classname="Scenario: Admin Login - Configure - Pay Categories" time="0"/>
  <testcase name="Scenario: Admin Login - Configure - Pay Categories" classname="Scenario: Admin Login - Configure - Pay Categories" time="0"/>
  <testcase name="Given Launch Browser and Open eClock" classname="Scenario: Admin Login - Configure - Shift" time="0"/>
  <testcase name="When Enter valid credentials and click login" classname="Scenario: Admin Login - Configure - Shift" time="0"/>
  <testcase name="Then click on webclock from side menu" classname="Scenario: Admin Login - Configure - Shift" time="0"/>
  <testcase name="Then clcik on Configure" classname="Scenario: Admin Login - Configure - Shift" time="0"/>
  <testcase name="Then Clcik on Shift" classname="Scenario: Admin Login - Configure - Shift" time="0"/>
  <testcase name="Then Loggedout successfully" classname="Scenario: Admin Login - Configure - Shift" time="0"/>
  <testcase name="Scenario: Admin Login - Configure - Shift" classname="Scenario: Admin Login - Configure - Shift" time="0.001"/>
  <testcase name="Given Launch Browser and Open eClock" classname="Scenario: Admin login - View / Edit Project screen" time="0"/>
  <testcase name="When Enter valid credentials and click login" classname="Scenario: Admin login - View / Edit Project screen" time="0"/>
  <testcase name="Then Admin click on Project Button" classname="Scenario: Admin login - View / Edit Project screen" time="0"/>
  <testcase name="Then Admin clcik on Project submenu" classname="Scenario: Admin login - View / Edit Project screen" time="0"/>
  <testcase name="And Admin Check for Project details at main screen" classname="Scenario: Admin login - View / Edit Project screen" time="0"/>
  <testcase name="Then Loggedout successfully" classname="Scenario: Admin login - View / Edit Project screen" time="0"/>
  <testcase name="Scenario: Admin login - View / Edit Project screen" classname="Scenario: Admin login - View / Edit Project screen" time="0.001"/>
  <testcase name="Given Launch Browser and Open eClock" classname="Scenario: Admin login - View / Edit Project Management" time="0"/>
  <testcase name="When Enter valid credentials and click login" classname="Scenario: Admin login - View / Edit Project Management" time="0"/>
  <testcase name="Then Admin click on Project Button" classname="Scenario: Admin login - View / Edit Project Management" time="0"/>
  <testcase name="Then Admin clcik on Project management submenu" classname="Scenario: Admin login - View / Edit Project Management" time="0"/>
  <testcase name="And Admin Check for Project management details at main screen" classname="Scenario: Admin login - View / Edit Project Management" time="0"/>
  <testcase name="Then Loggedout successfully" classname="Scenario: Admin login - View / Edit Project Management" time="0"/>
  <testcase name="Scenario: Admin login - View / Edit Project Management" classname="Scenario: Admin login - View / Edit Project Management" time="0.001"/>
  <testcase name="Given Launch Browser and Open eClock" classname="Scenario: Admin login - View Approve Time off request" time="0"/>
  <testcase name="When Enter valid credentials and click login" classname="Scenario: Admin login - View Approve Time off request" time="0"/>
  <testcase name="Then Admin click on Time card Button" classname="Scenario: Admin login - View Approve Time off request" time="0"/>
  <testcase name="Then Admin clcik on Time off approval at submenu" classname="Scenario: Admin login - View Approve Time off request" time="0"/>
  <testcase name="And Admin Check for View Approve Time off request details at main screen" classname="Scenario: Admin login - View Approve Time off request" time="0"/>
  <testcase name="Then Loggedout successfully" classname="Scenario: Admin login - View Approve Time off request" time="0"/>
  <testcase name="Scenario: Admin login - View Approve Time off request" classname="Scenario: Admin login - View Approve Time off request" time="0.001"/>
  <testcase name="Given Launch Browser and Open eClock" classname="Scenario: Admin login - Add message for Employee" time="0.001"/>
  <testcase name="When Enter valid credentials and click login" classname="Scenario: Admin login - Add message for Employee" time="0"/>
  <testcase name="Then Admin click on Messaging" classname="Scenario: Admin login - Add message for Employee" time="0"/>
  <testcase name="When message screen loaded at rightpane add message details" classname="Scenario: Admin login - Add message for Employee" time="0"/>
  <testcase name="And check message added" classname="Scenario: Admin login - Add message for Employee" time="0"/>
  <testcase name="Then Loggedout successfully" classname="Scenario: Admin login - Add message for Employee" time="0"/>
  <testcase name="Scenario: Admin login - Add message for Employee" classname="Scenario: Admin login - Add message for Employee" time="0"/>
  <testcase name="Given Launch Browser and Open eClock" classname="Scenario: Admin login - View / approve time off Request" time="0"/>
  <testcase name="When Enter valid credentials and click login" classname="Scenario: Admin login - View / approve time off Request" time="0"/>
  <testcase name="Then Admin click on Time card Button" classname="Scenario: Admin login - View / approve time off Request" time="0"/>
  <testcase name="Then Admin clcik on Time off Request at submenu" classname="Scenario: Admin login - View / approve time off Request" time="0"/>
  <testcase name="When request time off loaded check View details" classname="Scenario: Admin login - View / approve time off Request" time="0"/>
  <testcase name="Then Loggedout successfully" classname="Scenario: Admin login - View / approve time off Request" time="0"/>
  <testcase name="Scenario: Admin login - View / approve time off Request" classname="Scenario: Admin login - View / approve time off Request" time="0"/>
  <testcase name="Given Launch Browser and Open eClock" classname="Scenario: Validate Employee Credentials should be able to login successfully" time="0"/>
  <testcase name="When Enter valid Employee credentials and click login" classname="Scenario: Validate Employee Credentials should be able to login successfully" time="0"/>
  <testcase name="Then User should be able to login successfully" classname="Scenario: Validate Employee Credentials should be able to login successfully" time="0"/>
  <testcase name="Then Loggedout successfully" classname="Scenario: Validate Employee Credentials should be able to login successfully" time="0"/>
  <testcase name="Scenario: Validate Employee Credentials should be able to login successfully" classname="Scenario: Validate Employee Credentials should be able to login successfully" time="0.001"/>
  <testcase name="Given Launch Browser and Open eClock" classname="Scenario: Validate Employee Punchin option" time="0"/>
  <testcase name="When Enter valid Employee credentials and click login" classname="Scenario: Validate Employee Punchin option" time="0"/>
  <testcase name="Then User should be able to login successfully" classname="Scenario: Validate Employee Punchin option" time="0"/>
  <testcase name="Then emp click on webclock from side menu" classname="Scenario: Validate Employee Punchin option" time="0"/>
  <testcase name="Then click on Punch in Button" classname="Scenario: Validate Employee Punchin option" time="0"/>
  <testcase name="Then Loggedout successfully" classname="Scenario: Validate Employee Punchin option" time="0"/>
  <testcase name="Scenario: Validate Employee Punchin option" classname="Scenario: Validate Employee Punchin option" time="0.001"/>
  <testcase name="Given Launch Browser and Open eClock" classname="Scenario: Validate Employee  Lunch start" time="0"/>
  <testcase name="When Enter valid Employee credentials and click login" classname="Scenario: Validate Employee  Lunch start" time="0"/>
  <testcase name="Then User should be able to login successfully" classname="Scenario: Validate Employee  Lunch start" time="0"/>
  <testcase name="Then emp click on webclock from side menu" classname="Scenario: Validate Employee  Lunch start" time="0"/>
  <testcase name="Then click on Punch in Button" classname="Scenario: Validate Employee  Lunch start" time="0"/>
  <testcase name="Then Clcik on Lunch start" classname="Scenario: Validate Employee  Lunch start" time="0"/>
  <testcase name="Then Loggedout successfully" classname="Scenario: Validate Employee  Lunch start" time="0"/>
  <testcase name="Scenario: Validate Employee  Lunch start" classname="Scenario: Validate Employee  Lunch start" time="0"/>
  <testcase name="Given Launch Browser and Open eClock" classname="Scenario: Validate  Employee Lunch stop" time="0"/>
  <testcase name="When Enter valid Employee credentials and click login" classname="Scenario: Validate  Employee Lunch stop" time="0"/>
  <testcase name="Then User should be able to login successfully" classname="Scenario: Validate  Employee Lunch stop" time="0"/>
  <testcase name="Then emp click on webclock from side menu" classname="Scenario: Validate  Employee Lunch stop" time="0"/>
  <testcase name="Then click on Punch in Button" classname="Scenario: Validate  Employee Lunch stop" time="0"/>
  <testcase name="Then Clcik on Lunch stop" classname="Scenario: Validate  Employee Lunch stop" time="0"/>
  <testcase name="Then Loggedout successfully" classname="Scenario: Validate  Employee Lunch stop" time="0"/>
  <testcase name="Scenario: Validate  Employee Lunch stop" classname="Scenario: Validate  Employee Lunch stop" time="0"/>
  <testcase name="Given Launch Browser and Open eClock" classname="Scenario: Validate  Employee Punch Out" time="0"/>
  <testcase name="When Enter valid Employee credentials and click login" classname="Scenario: Validate  Employee Punch Out" time="0"/>
  <testcase name="Then User should be able to login successfully" classname="Scenario: Validate  Employee Punch Out" time="0"/>
  <testcase name="Then emp click on webclock from side menu" classname="Scenario: Validate  Employee Punch Out" time="0"/>
  <testcase name="Then Click on Punchout Button" classname="Scenario: Validate  Employee Punch Out" time="0"/>
  <testcase name="Then Loggedout successfully" classname="Scenario: Validate  Employee Punch Out" time="0"/>
  <testcase name="Scenario: Validate  Employee Punch Out" classname="Scenario: Validate  Employee Punch Out" time="0.001"/>
  <testcase name="Given Launch Browser and Open eClock" classname="Scenario: Validate Employee Time card entry" time="0"/>
  <testcase name="When Enter valid Employee credentials and click login" classname="Scenario: Validate Employee Time card entry" time="0"/>
  <testcase name="Then User should be able to login successfully" classname="Scenario: Validate Employee Time card entry" time="0"/>
  <testcase name="Then emp click on webclock from side menu" classname="Scenario: Validate Employee Time card entry" time="0"/>
  <testcase name="Then employee click on employee Employees from side bar menu" classname="Scenario: Validate Employee Time card entry" time="0"/>
  <testcase name="Then click on Add time card link" classname="Scenario: Validate Employee Time card entry" time="0"/>
  <testcase name="Then Loggedout successfully" classname="Scenario: Validate Employee Time card entry" time="0"/>
  <testcase name="Scenario: Validate Employee Time card entry" classname="Scenario: Validate Employee Time card entry" time="0"/>
  <testcase name="Given Launch Browser and Open eClock" classname="Scenario: validate View Employee Employee info" time="0"/>
  <testcase name="When Enter valid Employee credentials and click login" classname="Scenario: validate View Employee Employee info" time="0"/>
  <testcase name="Then User should be able to login successfully" classname="Scenario: validate View Employee Employee info" time="0"/>
  <testcase name="Then employee click on employee Employees from side bar menu" classname="Scenario: validate View Employee Employee info" time="0"/>
  <testcase name="Then check employee informarion at main screen" classname="Scenario: validate View Employee Employee info" time="0"/>
  <testcase name="Then Loggedout successfully" classname="Scenario: validate View Employee Employee info" time="0"/>
  <testcase name="Scenario: validate View Employee Employee info" classname="Scenario: validate View Employee Employee info" time="0.001"/>
  <testcase name="Given Launch Browser and Open eClock" classname="Scenario: validate View Employee Personal Info" time="0"/>
  <testcase name="When Enter valid Employee credentials and click login" classname="Scenario: validate View Employee Personal Info" time="0"/>
  <testcase name="Then User should be able to login successfully" classname="Scenario: validate View Employee Personal Info" time="0"/>
  <testcase name="Then employee click on employee Personal info from side bar menu" classname="Scenario: validate View Employee Personal Info" time="0"/>
  <testcase name="Then check employee Personal informarion at main screen" classname="Scenario: validate View Employee Personal Info" time="0"/>
  <testcase name="Then Loggedout successfully" classname="Scenario: validate View Employee Personal Info" time="0"/>
  <testcase name="Scenario: validate View Employee Personal Info" classname="Scenario: validate View Employee Personal Info" time="0.001"/>
  <testcase name="Given Launch Browser and Open eClock" classname="Scenario: validate View Employee Employee benefits" time="0"/>
  <testcase name="When Enter valid Employee credentials and click login" classname="Scenario: validate View Employee Employee benefits" time="0"/>
  <testcase name="Then User should be able to login successfully" classname="Scenario: validate View Employee Employee benefits" time="0"/>
  <testcase name="Then employee click on employee Employee Benefits from side bar menu" classname="Scenario: validate View Employee Employee benefits" time="0"/>
  <testcase name="Then check employee Employee Benefits at main screen" classname="Scenario: validate View Employee Employee benefits" time="0"/>
  <testcase name="Then Loggedout successfully" classname="Scenario: validate View Employee Employee benefits" time="0"/>
  <testcase name="Scenario: validate View Employee Employee benefits" classname="Scenario: validate View Employee Employee benefits" time="0.001"/>
  <testcase name="Given Launch Browser and Open eClock" classname="Scenario: validate View Employee Time off Request" time="0"/>
  <testcase name="When Enter valid Employee credentials and click login" classname="Scenario: validate View Employee Time off Request" time="0"/>
  <testcase name="Then User should be able to login successfully" classname="Scenario: validate View Employee Time off Request" time="0"/>
  <testcase name="Then employee click on employee Employee Time off Request from side bar menu" classname="Scenario: validate View Employee Time off Request" time="0"/>
  <testcase name="Then check Employee Time off Request at main screen" classname="Scenario: validate View Employee Time off Request" time="0"/>
  <testcase name="Then Loggedout successfully" classname="Scenario: validate View Employee Time off Request" time="0"/>
  <testcase name="Scenario: validate View Employee Time off Request" classname="Scenario: validate View Employee Time off Request" time="0"/>
  <testcase name="Given Launch Browser and Open eClock" classname="Scenario: validate View Employee Calendar" time="0"/>
  <testcase name="When Enter valid Employee credentials and click login" classname="Scenario: validate View Employee Calendar" time="0"/>
  <testcase name="Then User should be able to login successfully" classname="Scenario: validate View Employee Calendar" time="0"/>
  <testcase name="Then employee click on employee Employee Calendar from side bar menu" classname="Scenario: validate View Employee Calendar" time="0"/>
  <testcase name="Then check Calendar details at main screen" classname="Scenario: validate View Employee Calendar" time="0"/>
  <testcase name="Then Loggedout successfully" classname="Scenario: validate View Employee Calendar" time="0"/>
  <testcase name="Scenario: validate View Employee Calendar" classname="Scenario: validate View Employee Calendar" time="0.001"/>
  <testcase name="When Enter valid supervisor credentials and click login" classname="Scenario: Valid Credentials should be able to login successfully" time="0"/>
  <testcase name="When Enter valid supervisor credentials and click login" classname="Scenario: Validate Punchin option" time="0"/>
  <testcase name="Then supervisor click on webclock from side menu" classname="Scenario: Validate Punchin option" time="0"/>
  <testcase name="When Enter valid supervisor credentials and click login" classname="Scenario: Validate Lunch start" time="0"/>
  <testcase name="Then supervisor click on webclock from side menu" classname="Scenario: Validate Lunch start" time="0"/>
  <testcase name="Then click on Punch in Button" classname="Scenario: Validate Lunch start" time="0"/>
  <testcase name="When Enter valid supervisor credentials and click login" classname="Scenario: Validate Lunch stop" time="0"/>
  <testcase name="Then supervisor click on webclock from side menu" classname="Scenario: Validate Lunch stop" time="0"/>
  <testcase name="Then click on Punch in Button" classname="Scenario: Validate Lunch stop" time="0"/>
  <testcase name="When Enter valid supervisor credentials and click login" classname="Scenario: Validate Punch Out" time="0"/>
  <testcase name="Then supervisor click on webclock from side menu" classname="Scenario: Validate Punch Out" time="0"/>
  <testcase name="Given Launch Browser and Open eClock" classname="Scenario: Supervisor View Edit Calendar" time="0"/>
  <testcase name="When Enter valid supervisor credentials and click login" classname="Scenario: Supervisor View Edit Calendar" time="0"/>
  <testcase name="Then User should be able to login successfully" classname="Scenario: Supervisor View Edit Calendar" time="0"/>
  <testcase name="Then supervisor click on  Calendar from side menu" classname="Scenario: Supervisor View Edit Calendar" time="0"/>
  <testcase name="Then Loggedout successfully" classname="Scenario: Supervisor View Edit Calendar" time="0"/>
  <testcase name="Scenario: Supervisor View Edit Calendar" classname="Scenario: Supervisor View Edit Calendar" time="0.001"/>
  <testcase name="Given Launch Browser and Open eClock" classname="Scenario: SupervisorView Timecard Exception" time="0"/>
  <testcase name="Given Launch Browser and Open eClock" classname="Scenario: SupervisorView Timecard Exception" time="0"/>
  <testcase name="When Enter valid supervisor credentials and click login" classname="Scenario: SupervisorView Timecard Exception" time="0"/>
  <testcase name="When Enter valid supervisor credentials and click login" classname="Scenario: SupervisorView Timecard Exception" time="0"/>
  <testcase name="Then User should be able to login successfully" classname="Scenario: SupervisorView Timecard Exception" time="0"/>
  <testcase name="Then User should be able to login successfully" classname="Scenario: SupervisorView Timecard Exception" time="0"/>
  <testcase name="Then supervisor click on  Time card Exception from side menu" classname="Scenario: SupervisorView Timecard Exception" time="0"/>
  <testcase name="Then Loggedout successfully" classname="Scenario: SupervisorView Timecard Exception" time="0"/>
  <testcase name="Then Loggedout successfully" classname="Scenario: SupervisorView Timecard Exception" time="0"/>
  <testcase name="Scenario: SupervisorView Timecard Exception" classname="Scenario: SupervisorView Timecard Exception" time="0"/>
  <testcase name="Scenario: SupervisorView Timecard Exception" classname="Scenario: SupervisorView Timecard Exception" time="0"/>
  <testcase name="Given Launch Browser and Open eClock" classname="Scenario: Supervisor View employee info" time="0"/>
  <testcase name="When Enter valid supervisor credentials and click login" classname="Scenario: Supervisor View employee info" time="0"/>
  <testcase name="Then User should be able to login successfully" classname="Scenario: Supervisor View employee info" time="0"/>
  <testcase name="Then supervisor click on  Employee Employee info from side menu" classname="Scenario: Supervisor View employee info" time="0"/>
  <testcase name="Then Loggedout successfully" classname="Scenario: Supervisor View employee info" time="0"/>
  <testcase name="Scenario: Supervisor View employee info" classname="Scenario: Supervisor View employee info" time="0"/>
  <testcase name="Then supervisor click on  Employee Employee Exception from side menu" classname="Scenario: SupervisorView Timecard Exception" time="0"/>
  <testcase name="Given Launch Browser and Open eClock" classname="Scenario: Supervisor Edit personal info" time="0"/>
  <testcase name="When Enter valid supervisor credentials and click login" classname="Scenario: Supervisor Edit personal info" time="0"/>
  <testcase name="Then User should be able to login successfully" classname="Scenario: Supervisor Edit personal info" time="0"/>
  <testcase name="Then supervisor click on  Employee Personal info from side menu" classname="Scenario: Supervisor Edit personal info" time="0"/>
  <testcase name="Then Loggedout successfully" classname="Scenario: Supervisor Edit personal info" time="0"/>
  <testcase name="Scenario: Supervisor Edit personal info" classname="Scenario: Supervisor Edit personal info" time="0"/>
  <testcase name="Given Launch Browser and Open eClock" classname="Scenario: Supervisor View Employee Benefits" time="0"/>
  <testcase name="When Enter valid supervisor credentials and click login" classname="Scenario: Supervisor View Employee Benefits" time="0"/>
  <testcase name="Then User should be able to login successfully" classname="Scenario: Supervisor View Employee Benefits" time="0"/>
  <testcase name="Then supervisor click on  Employee Employee Benefits from side menu" classname="Scenario: Supervisor View Employee Benefits" time="0"/>
  <testcase name="Then Loggedout successfully" classname="Scenario: Supervisor View Employee Benefits" time="0"/>
  <testcase name="Scenario: Supervisor View Employee Benefits" classname="Scenario: Supervisor View Employee Benefits" time="0.004"/>
  <testcase name="Given Launch Browser and Open eClock" classname="Scenario: Supervisor View Excused calendar" time="0"/>
  <testcase name="When Enter valid supervisor credentials and click login" classname="Scenario: Supervisor View Excused calendar" time="0"/>
  <testcase name="Then User should be able to login successfully" classname="Scenario: Supervisor View Excused calendar" time="0"/>
  <testcase name="Then supervisor click on  Time card Excused calendar from side menu" classname="Scenario: Supervisor View Excused calendar" time="0"/>
  <testcase name="Then Loggedout successfully" classname="Scenario: Supervisor View Excused calendar" time="0"/>
  <testcase name="Scenario: Supervisor View Excused calendar" classname="Scenario: Supervisor View Excused calendar" time="0.001"/>
  <testcase name="Given Launch Browser and Open eClock" classname="Scenario: Supervisor View Employee Points" time="0"/>
  <testcase name="When Enter valid supervisor credentials and click login" classname="Scenario: Supervisor View Employee Points" time="0"/>
  <testcase name="Then User should be able to login successfully" classname="Scenario: Supervisor View Employee Points" time="0"/>
  <testcase name="Then supervisor click on  Employee Employee points from side menu" classname="Scenario: Supervisor View Employee Points" time="0"/>
  <testcase name="Then Loggedout successfully" classname="Scenario: Supervisor View Employee Points" time="0"/>
  <testcase name="Scenario: Supervisor View Employee Points" classname="Scenario: Supervisor View Employee Points" time="0.001"/>
  <testcase name="Given Launch Browser and Open eClock" classname="Scenario: Supervisor View/Edit Project Screen" time="0"/>
  <testcase name="When Enter valid supervisor credentials and click login" classname="Scenario: Supervisor View/Edit Project Screen" time="0"/>
  <testcase name="Then User should be able to login successfully" classname="Scenario: Supervisor View/Edit Project Screen" time="0"/>
  <testcase name="Then supervisor click on  Project Project from side menu" classname="Scenario: Supervisor View/Edit Project Screen" time="0"/>
  <testcase name="Then Loggedout successfully" classname="Scenario: Supervisor View/Edit Project Screen" time="0"/>
  <testcase name="Scenario: Supervisor View/Edit Project Screen" classname="Scenario: Supervisor View/Edit Project Screen" time="0.001"/>
  <testcase name="Given Launch Browser and Open eClock" classname="Scenario: Supervisor View /Edit Project Management" time="0"/>
  <testcase name="When Enter valid supervisor credentials and click login" classname="Scenario: Supervisor View /Edit Project Management" time="0"/>
  <testcase name="Then User should be able to login successfully" classname="Scenario: Supervisor View /Edit Project Management" time="0"/>
  <testcase name="Then supervisor click on  Project Project management from side menu" classname="Scenario: Supervisor View /Edit Project Management" time="0"/>
  <testcase name="Then Loggedout successfully" classname="Scenario: Supervisor View /Edit Project Management" time="0"/>
  <testcase name="Scenario: Supervisor View /Edit Project Management" classname="Scenario: Supervisor View /Edit Project Management" time="0.001"/>
  <testcase name="Given Launch Browser and Open eClock" classname="Scenario: Supervisor View/edit time entry of his team members" time="0"/>
  <testcase name="When Enter valid supervisor credentials and click login" classname="Scenario: Supervisor View/edit time entry of his team members" time="0"/>
  <testcase name="Then User should be able to login successfully" classname="Scenario: Supervisor View/edit time entry of his team members" time="0"/>
  <testcase name="Then supervisor click on  Timecard Timecard from side menu" classname="Scenario: Supervisor View/edit time entry of his team members" time="0"/>
  <testcase name="Then Loggedout successfully" classname="Scenario: Supervisor View/edit time entry of his team members" time="0"/>
  <testcase name="Scenario: Supervisor View/edit time entry of his team members" classname="Scenario: Supervisor View/edit time entry of his team members" time="0"/>
  <testcase name="Given Launch Browser and Open eClock" classname="Scenario: Supervisor View Dashboard details of team members" time="0"/>
  <testcase name="When Enter valid supervisor credentials and click login" classname="Scenario: Supervisor View Dashboard details of team members" time="0"/>
  <testcase name="Then User should be able to login successfully" classname="Scenario: Supervisor View Dashboard details of team members" time="0"/>
  <testcase name="Then supervisor click on Dashboard Dashboard" classname="Scenario: Supervisor View Dashboard details of team members" time="0"/>
  <testcase name="Then supervisor click on Dashboard outof office" classname="Scenario: Supervisor View Dashboard details of team members" time="0"/>
  <testcase name="Scenario: Supervisor View Dashboard details of team members" classname="Scenario: Supervisor View Dashboard details of team members" time="0.002"/>
  <testcase name="Given Launch Browser and Open eClock" classname="Scenario: Supervisor View/approve time off request of his team members" time="0"/>
  <testcase name="When Enter valid supervisor credentials and click login" classname="Scenario: Supervisor View/approve time off request of his team members" time="0.001"/>
  <testcase name="Then User should be able to login successfully" classname="Scenario: Supervisor View/approve time off request of his team members" time="0"/>
  <testcase name="Then supervisor click on  Timecard Approvals from side menu" classname="Scenario: Supervisor View/approve time off request of his team members" time="0"/>
  <testcase name="Then Loggedout successfully" classname="Scenario: Supervisor View/approve time off request of his team members" time="0"/>
  <testcase name="Scenario: Supervisor View/approve time off request of his team members" classname="Scenario: Supervisor View/approve time off request of his team members" time="0.001"/>
  <testcase name="Given Launch Browser and Open eClock" classname="Scenario: Supervisor login - Add message for Employee" time="0"/>
  <testcase name="When Enter valid supervisor credentials and click login" classname="Scenario: Supervisor login - Add message for Employee" time="0"/>
  <testcase name="Then User should be able to login successfully" classname="Scenario: Supervisor login - Add message for Employee" time="0"/>
  <testcase name="Then Supervisor click on Messaging" classname="Scenario: Supervisor login - Add message for Employee" time="0"/>
  <testcase name="When message screen loaded at rightpane add message details" classname="Scenario: Supervisor login - Add message for Employee" time="0"/>
  <testcase name="And check message added" classname="Scenario: Supervisor login - Add message for Employee" time="0"/>
  <testcase name="Then Loggedout successfully" classname="Scenario: Supervisor login - Add message for Employee" time="0"/>
  <testcase name="Scenario: Supervisor login - Add message for Employee" classname="Scenario: Supervisor login - Add message for Employee" time="0"/>
  <testcase name="Given Launch Browser and Open eClock" classname="Scenario: Supervisor login - View / approve time off Request" time="0"/>
  <testcase name="When Enter valid supervisor credentials and click login" classname="Scenario: Supervisor login - View / approve time off Request" time="0"/>
  <testcase name="Then User should be able to login successfully" classname="Scenario: Supervisor login - View / approve time off Request" time="0"/>
  <testcase name="Then Supervisor click on Timecard TimeOff Request" classname="Scenario: Supervisor login - View / approve time off Request" time="0.001"/>
  <testcase name="When request time off loaded check View details" classname="Scenario: Supervisor login - View / approve time off Request" time="0"/>
  <testcase name="Then Loggedout successfully" classname="Scenario: Supervisor login - View / approve time off Request" time="0"/>
  <testcase name="Scenario: Supervisor login - View / approve time off Request" classname="Scenario: Supervisor login - View / approve time off Request" time="0"/>
  <testcase name="Given Launch Browser and Open eClock" classname="Scenario: Validate supervisor Time entry from timecard" time="0"/>
  <testcase name="When Enter valid supervisor credentials and click login" classname="Scenario: Validate supervisor Time entry from timecard" time="0"/>
  <testcase name="Then User should be able to login successfully" classname="Scenario: Validate supervisor Time entry from timecard" time="0"/>
  <testcase name="Then supervisor click on webclock from side menu" classname="Scenario: Validate supervisor Time entry from timecard" time="0"/>
  <testcase name="Then supervisor click on  Timecard Timecard from side menu" classname="Scenario: Validate supervisor Time entry from timecard" time="0"/>
  <testcase name="Then employee click on Add New time at main screen" classname="Scenario: Validate supervisor Time entry from timecard" time="0"/>
  <testcase name="Then Loggedout successfully" classname="Scenario: Validate supervisor Time entry from timecard" time="0.015">
    <error message="unexpected alert open: {Alert text : There was a problem updating 1 or more record(s) due to  time overlaps.}&#10;  (Session info: chrome=84.0.4147.89)&#10;  (Driver info: chromedriver=84.0.4147.30 (48b3e868b4cc0aa7e8149519690b6f6949e110a8-refs/branch-heads/4147@{#310}),platform=Windows NT 10.0.18362 x86_64) (WARNING: The server did not provide any stacktrace information)&#10;Command duration or timeout: 8.30 seconds: null&#10;Build info: version: &apos;2.44.0&apos;, revision: &apos;76d78cf323ce037c5f92db6c1bba601c2ac43ad8&apos;, time: &apos;2014-10-23 13:11:40&apos;&#10;System info: host: &apos;PIS076&apos;, ip: &apos;192.168.20.24&apos;, os.name: &apos;Windows 10&apos;, os.arch: &apos;amd64&apos;, os.version: &apos;10.0&apos;, java.version: &apos;1.8.0_251&apos;&#10;Driver info: org.openqa.selenium.chrome.ChromeDriver&#10;Capabilities [{mobileEmulationEnabled=false, timeouts={implicit=0, pageLoad=300000, script=30000}, hasTouchScreen=false, platform=XP, acceptSslCerts=false, goog:chromeOptions={debuggerAddress=localhost:53632}, acceptInsecureCerts=false, webStorageEnabled=true, browserName=chrome, takesScreenshot=true, javascriptEnabled=true, setWindowRect=true, unexpectedAlertBehaviour=ignore, applicationCacheEnabled=false, rotatable=false, networkConnectionEnabled=false, chrome={chromedriverVersion=84.0.4147.30 (48b3e868b4cc0aa7e8149519690b6f6949e110a8-refs/branch-heads/4147@{#310}), userDataDir=C:\Users\schandan\AppData\Local\Temp\scoped_dir10852_1795962031}, takesHeapSnapshot=true, pageLoadStrategy=normal, strictFileInteractability=false, databaseEnabled=false, handlesAlerts=true, version=84.0.4147.89, browserConnectionEnabled=false, proxy={}, nativeEvents=true, locationContextEnabled=true, cssSelectorsEnabled=true, webauthn:virtualAuthenticators=true}]&#10;Session ID: 92bd800b0db149d26eea4acf383fe7d5" type="org.openqa.selenium.UnhandledAlertException">org.openqa.selenium.UnhandledAlertException: unexpected alert open: {Alert text : There was a problem updating 1 or more record(s) due to  time overlaps.}
  (Session info: chrome=84.0.4147.89)
  (Driver info: chromedriver=84.0.4147.30 (48b3e868b4cc0aa7e8149519690b6f6949e110a8-refs/branch-heads/4147@{#310}),platform=Windows NT 10.0.18362 x86_64) (WARNING: The server did not provide any stacktrace information)
Command duration or timeout: 8.30 seconds: null
Build info: version: '2.44.0', revision: '76d78cf323ce037c5f92db6c1bba601c2ac43ad8', time: '2014-10-23 13:11:40'
System info: host: 'PIS076', ip: '192.168.20.24', os.name: 'Windows 10', os.arch: 'amd64', os.version: '10.0', java.version: '1.8.0_251'
Driver info: org.openqa.selenium.chrome.ChromeDriver
Capabilities [{mobileEmulationEnabled=false, timeouts={implicit=0, pageLoad=300000, script=30000}, hasTouchScreen=false, platform=XP, acceptSslCerts=false, goog:chromeOptions={debuggerAddress=localhost:53632}, acceptInsecureCerts=false, webStorageEnabled=true, browserName=chrome, takesScreenshot=true, javascriptEnabled=true, setWindowRect=true, unexpectedAlertBehaviour=ignore, applicationCacheEnabled=false, rotatable=false, networkConnectionEnabled=false, chrome={chromedriverVersion=84.0.4147.30 (48b3e868b4cc0aa7e8149519690b6f6949e110a8-refs/branch-heads/4147@{#310}), userDataDir=C:\Users\schandan\AppData\Local\Temp\scoped_dir10852_1795962031}, takesHeapSnapshot=true, pageLoadStrategy=normal, strictFileInteractability=false, databaseEnabled=false, handlesAlerts=true, version=84.0.4147.89, browserConnectionEnabled=false, proxy={}, nativeEvents=true, locationContextEnabled=true, cssSelectorsEnabled=true, webauthn:virtualAuthenticators=true}]
Session ID: 92bd800b0db149d26eea4acf383fe7d5
	at sun.reflect.NativeConstructorAccessorImpl.newInstance0(Native Method)
	at sun.reflect.NativeConstructorAccessorImpl.newInstance(NativeConstructorAccessorImpl.java:62)
	at sun.reflect.DelegatingConstructorAccessorImpl.newInstance(DelegatingConstructorAccessorImpl.java:45)
	at java.lang.reflect.Constructor.newInstance(Constructor.java:423)
	at org.openqa.selenium.remote.ErrorHandler.createThrowable(ErrorHandler.java:204)
	at org.openqa.selenium.remote.ErrorHandler.throwIfResponseFailed(ErrorHandler.java:162)
	at org.openqa.selenium.remote.RemoteWebDriver.execute(RemoteWebDriver.java:599)
	at org.openqa.selenium.remote.RemoteWebDriver$RemoteTargetLocator.defaultContent(RemoteWebDriver.java:889)
	at stepDef.stepdef.loggedout_successfully(stepdef.java:218)
	at ✽.Then Loggedout successfully(featurefiles/supervisor.feature:195)
</error>
  </testcase>
  <testcase name="Scenario: Validate supervisor Time entry from timecard" classname="Scenario: Validate supervisor Time entry from timecard" time="0.019">
    <error message="unexpected alert open: {Alert text : There was a problem updating 1 or more record(s) due to  time overlaps.}&#10;  (Session info: chrome=84.0.4147.89)&#10;  (Driver info: chromedriver=84.0.4147.30 (48b3e868b4cc0aa7e8149519690b6f6949e110a8-refs/branch-heads/4147@{#310}),platform=Windows NT 10.0.18362 x86_64) (WARNING: The server did not provide any stacktrace information)&#10;Command duration or timeout: 8.30 seconds: null&#10;Build info: version: &apos;2.44.0&apos;, revision: &apos;76d78cf323ce037c5f92db6c1bba601c2ac43ad8&apos;, time: &apos;2014-10-23 13:11:40&apos;&#10;System info: host: &apos;PIS076&apos;, ip: &apos;192.168.20.24&apos;, os.name: &apos;Windows 10&apos;, os.arch: &apos;amd64&apos;, os.version: &apos;10.0&apos;, java.version: &apos;1.8.0_251&apos;&#10;Driver info: org.openqa.selenium.chrome.ChromeDriver&#10;Capabilities [{mobileEmulationEnabled=false, timeouts={implicit=0, pageLoad=300000, script=30000}, hasTouchScreen=false, platform=XP, acceptSslCerts=false, goog:chromeOptions={debuggerAddress=localhost:53632}, acceptInsecureCerts=false, webStorageEnabled=true, browserName=chrome, takesScreenshot=true, javascriptEnabled=true, setWindowRect=true, unexpectedAlertBehaviour=ignore, applicationCacheEnabled=false, rotatable=false, networkConnectionEnabled=false, chrome={chromedriverVersion=84.0.4147.30 (48b3e868b4cc0aa7e8149519690b6f6949e110a8-refs/branch-heads/4147@{#310}), userDataDir=C:\Users\schandan\AppData\Local\Temp\scoped_dir10852_1795962031}, takesHeapSnapshot=true, pageLoadStrategy=normal, strictFileInteractability=false, databaseEnabled=false, handlesAlerts=true, version=84.0.4147.89, browserConnectionEnabled=false, proxy={}, nativeEvents=true, locationContextEnabled=true, cssSelectorsEnabled=true, webauthn:virtualAuthenticators=true}]&#10;Session ID: 92bd800b0db149d26eea4acf383fe7d5" type="org.openqa.selenium.UnhandledAlertException">org.openqa.selenium.UnhandledAlertException: unexpected alert open: {Alert text : There was a problem updating 1 or more record(s) due to  time overlaps.}
  (Session info: chrome=84.0.4147.89)
  (Driver info: chromedriver=84.0.4147.30 (48b3e868b4cc0aa7e8149519690b6f6949e110a8-refs/branch-heads/4147@{#310}),platform=Windows NT 10.0.18362 x86_64) (WARNING: The server did not provide any stacktrace information)
Command duration or timeout: 8.30 seconds: null
Build info: version: '2.44.0', revision: '76d78cf323ce037c5f92db6c1bba601c2ac43ad8', time: '2014-10-23 13:11:40'
System info: host: 'PIS076', ip: '192.168.20.24', os.name: 'Windows 10', os.arch: 'amd64', os.version: '10.0', java.version: '1.8.0_251'
Driver info: org.openqa.selenium.chrome.ChromeDriver
Capabilities [{mobileEmulationEnabled=false, timeouts={implicit=0, pageLoad=300000, script=30000}, hasTouchScreen=false, platform=XP, acceptSslCerts=false, goog:chromeOptions={debuggerAddress=localhost:53632}, acceptInsecureCerts=false, webStorageEnabled=true, browserName=chrome, takesScreenshot=true, javascriptEnabled=true, setWindowRect=true, unexpectedAlertBehaviour=ignore, applicationCacheEnabled=false, rotatable=false, networkConnectionEnabled=false, chrome={chromedriverVersion=84.0.4147.30 (48b3e868b4cc0aa7e8149519690b6f6949e110a8-refs/branch-heads/4147@{#310}), userDataDir=C:\Users\schandan\AppData\Local\Temp\scoped_dir10852_1795962031}, takesHeapSnapshot=true, pageLoadStrategy=normal, strictFileInteractability=false, databaseEnabled=false, handlesAlerts=true, version=84.0.4147.89, browserConnectionEnabled=false, proxy={}, nativeEvents=true, locationContextEnabled=true, cssSelectorsEnabled=true, webauthn:virtualAuthenticators=true}]
Session ID: 92bd800b0db149d26eea4acf383fe7d5
	at sun.reflect.NativeConstructorAccessorImpl.newInstance0(Native Method)
	at sun.reflect.NativeConstructorAccessorImpl.newInstance(NativeConstructorAccessorImpl.java:62)
	at sun.reflect.DelegatingConstructorAccessorImpl.newInstance(DelegatingConstructorAccessorImpl.java:45)
	at java.lang.reflect.Constructor.newInstance(Constructor.java:423)
	at org.openqa.selenium.remote.ErrorHandler.createThrowable(ErrorHandler.java:204)
	at org.openqa.selenium.remote.ErrorHandler.throwIfResponseFailed(ErrorHandler.java:162)
	at org.openqa.selenium.remote.RemoteWebDriver.execute(RemoteWebDriver.java:599)
	at org.openqa.selenium.remote.RemoteWebDriver$RemoteTargetLocator.defaultContent(RemoteWebDriver.java:889)
	at stepDef.stepdef.loggedout_successfully(stepdef.java:218)
	at ✽.Then Loggedout successfully(featurefiles/supervisor.feature:195)
</error>
  </testcase>
  <testcase name="Scenario: Validate supervisor Time entry from project time" classname="Scenario: Validate supervisor Time entry from project time" time="0.033">
    <error message="unexpected alert open: {Alert text : There was a problem updating 1 or more record(s) due to  time overlaps.}&#10;  (Session info: chrome=84.0.4147.89)&#10;  (Driver info: chromedriver=84.0.4147.30 (48b3e868b4cc0aa7e8149519690b6f6949e110a8-refs/branch-heads/4147@{#310}),platform=Windows NT 10.0.18362 x86_64) (WARNING: The server did not provide any stacktrace information)&#10;Command duration or timeout: 4 milliseconds: null&#10;Build info: version: &apos;2.44.0&apos;, revision: &apos;76d78cf323ce037c5f92db6c1bba601c2ac43ad8&apos;, time: &apos;2014-10-23 13:11:40&apos;&#10;System info: host: &apos;PIS076&apos;, ip: &apos;192.168.20.24&apos;, os.name: &apos;Windows 10&apos;, os.arch: &apos;amd64&apos;, os.version: &apos;10.0&apos;, java.version: &apos;1.8.0_251&apos;&#10;Driver info: org.openqa.selenium.chrome.ChromeDriver&#10;Capabilities [{mobileEmulationEnabled=false, timeouts={implicit=0, pageLoad=300000, script=30000}, hasTouchScreen=false, platform=XP, acceptSslCerts=false, goog:chromeOptions={debuggerAddress=localhost:53632}, acceptInsecureCerts=false, webStorageEnabled=true, browserName=chrome, takesScreenshot=true, javascriptEnabled=true, setWindowRect=true, unexpectedAlertBehaviour=ignore, applicationCacheEnabled=false, rotatable=false, networkConnectionEnabled=false, chrome={chromedriverVersion=84.0.4147.30 (48b3e868b4cc0aa7e8149519690b6f6949e110a8-refs/branch-heads/4147@{#310}), userDataDir=C:\Users\schandan\AppData\Local\Temp\scoped_dir10852_1795962031}, takesHeapSnapshot=true, pageLoadStrategy=normal, strictFileInteractability=false, databaseEnabled=false, handlesAlerts=true, version=84.0.4147.89, browserConnectionEnabled=false, proxy={}, nativeEvents=true, locationContextEnabled=true, cssSelectorsEnabled=true, webauthn:virtualAuthenticators=true}]&#10;Session ID: 92bd800b0db149d26eea4acf383fe7d5" type="org.openqa.selenium.UnhandledAlertException">org.openqa.selenium.UnhandledAlertException: unexpected alert open: {Alert text : There was a problem updating 1 or more record(s) due to  time overlaps.}
  (Session info: chrome=84.0.4147.89)
  (Driver info: chromedriver=84.0.4147.30 (48b3e868b4cc0aa7e8149519690b6f6949e110a8-refs/branch-heads/4147@{#310}),platform=Windows NT 10.0.18362 x86_64) (WARNING: The server did not provide any stacktrace information)
Command duration or timeout: 4 milliseconds: null
Build info: version: '2.44.0', revision: '76d78cf323ce037c5f92db6c1bba601c2ac43ad8', time: '2014-10-23 13:11:40'
System info: host: 'PIS076', ip: '192.168.20.24', os.name: 'Windows 10', os.arch: 'amd64', os.version: '10.0', java.version: '1.8.0_251'
Driver info: org.openqa.selenium.chrome.ChromeDriver
Capabilities [{mobileEmulationEnabled=false, timeouts={implicit=0, pageLoad=300000, script=30000}, hasTouchScreen=false, platform=XP, acceptSslCerts=false, goog:chromeOptions={debuggerAddress=localhost:53632}, acceptInsecureCerts=false, webStorageEnabled=true, browserName=chrome, takesScreenshot=true, javascriptEnabled=true, setWindowRect=true, unexpectedAlertBehaviour=ignore, applicationCacheEnabled=false, rotatable=false, networkConnectionEnabled=false, chrome={chromedriverVersion=84.0.4147.30 (48b3e868b4cc0aa7e8149519690b6f6949e110a8-refs/branch-heads/4147@{#310}), userDataDir=C:\Users\schandan\AppData\Local\Temp\scoped_dir10852_1795962031}, takesHeapSnapshot=true, pageLoadStrategy=normal, strictFileInteractability=false, databaseEnabled=false, handlesAlerts=true, version=84.0.4147.89, browserConnectionEnabled=false, proxy={}, nativeEvents=true, locationContextEnabled=true, cssSelectorsEnabled=true, webauthn:virtualAuthenticators=true}]
Session ID: 92bd800b0db149d26eea4acf383fe7d5
	at sun.reflect.NativeConstructorAccessorImpl.newInstance0(Native Method)
	at sun.reflect.NativeConstructorAccessorImpl.newInstance(NativeConstructorAccessorImpl.java:62)
[...]
rror message="unexpected alert open: {Alert text : There was a problem updating 1 or more record(s) due to  time overlaps.}&#10;  (Session info: chrome=84.0.4147.89)&#10;  (Driver info: chromedriver=84.0.4147.30 (48b3e868b4cc0aa7e8149519690b6f6949e110a8-refs/branch-heads/4147@{#310}),platform=Windows NT 10.0.18362 x86_64) (WARNING: The server did not provide any stacktrace information)&#10;Command duration or timeout: 3 milliseconds: null&#10;Build info: version: &apos;2.44.0&apos;, revision: &apos;76d78cf323ce037c5f92db6c1bba601c2ac43ad8&apos;, time: &apos;2014-10-23 13:11:40&apos;&#10;System info: host: &apos;PIS076&apos;, ip: &apos;192.168.20.24&apos;, os.name: &apos;Windows 10&apos;, os.arch: &apos;amd64&apos;, os.version: &apos;10.0&apos;, java.version: &apos;1.8.0_251&apos;&#10;Driver info: org.openqa.selenium.chrome.ChromeDriver&#10;Capabilities [{mobileEmulationEnabled=false, timeouts={implicit=0, pageLoad=300000, script=30000}, hasTouchScreen=false, platform=XP, acceptSslCerts=false, goog:chromeOptions={debuggerAddress=localhost:53632}, acceptInsecureCerts=false, webStorageEnabled=true, browserName=chrome, takesScreenshot=true, javascriptEnabled=true, setWindowRect=true, unexpectedAlertBehaviour=ignore, applicationCacheEnabled=false, rotatable=false, networkConnectionEnabled=false, chrome={chromedriverVersion=84.0.4147.30 (48b3e868b4cc0aa7e8149519690b6f6949e110a8-refs/branch-heads/4147@{#310}), userDataDir=C:\Users\schandan\AppData\Local\Temp\scoped_dir10852_1795962031}, takesHeapSnapshot=true, pageLoadStrategy=normal, strictFileInteractability=false, databaseEnabled=false, handlesAlerts=true, version=84.0.4147.89, browserConnectionEnabled=false, proxy={}, nativeEvents=true, locationContextEnabled=true, cssSelectorsEnabled=true, webauthn:virtualAuthenticators=true}]&#10;Session ID: 92bd800b0db149d26eea4acf383fe7d5" type="org.openqa.selenium.UnhandledAlertException">org.openqa.selenium.UnhandledAlertException: unexpected alert open: {Alert text : There was a problem updating 1 or more record(s) due to  time overlaps.}
  (Session info: chrome=84.0.4147.89)
  (Driver info: chromedriver=84.0.4147.30 (48b3e868b4cc0aa7e8149519690b6f6949e110a8-refs/branch-heads/4147@{#310}),platform=Windows NT 10.0.18362 x86_64) (WARNING: The server did not provide any stacktrace information)
Command duration or timeout: 3 milliseconds: null
Build info: version: '2.44.0', revision: '76d78cf323ce037c5f92db6c1bba601c2ac43ad8', time: '2014-10-23 13:11:40'
System info: host: 'PIS076', ip: '192.168.20.24', os.name: 'Windows 10', os.arch: 'amd64', os.version: '10.0', java.version: '1.8.0_251'
Driver info: org.openqa.selenium.chrome.ChromeDriver
Capabilities [{mobileEmulationEnabled=false, timeouts={implicit=0, pageLoad=300000, script=30000}, hasTouchScreen=false, platform=XP, acceptSslCerts=false, goog:chromeOptions={debuggerAddress=localhost:53632}, acceptInsecureCerts=false, webStorageEnabled=true, browserName=chrome, takesScreenshot=true, javascriptEnabled=true, setWindowRect=true, unexpectedAlertBehaviour=ignore, applicationCacheEnabled=false, rotatable=false, networkConnectionEnabled=false, chrome={chromedriverVersion=84.0.4147.30 (48b3e868b4cc0aa7e8149519690b6f6949e110a8-refs/branch-heads/4147@{#310}), userDataDir=C:\Users\schandan\AppData\Local\Temp\scoped_dir10852_1795962031}, takesHeapSnapshot=true, pageLoadStrategy=normal, strictFileInteractability=false, databaseEnabled=false, handlesAlerts=true, version=84.0.4147.89, browserConnectionEnabled=false, proxy={}, nativeEvents=true, locationContextEnabled=true, cssSelectorsEnabled=true, webauthn:virtualAuthenticators=true}]
Session ID: 92bd800b0db149d26eea4acf383fe7d5
	at sun.reflect.GeneratedConstructorAccessor18.newInstance(Unknown Source)
	at sun.reflect.DelegatingConstructorAccessorImpl.newInstance(DelegatingConstructorAccessorImpl.java:45)
	at java.lang.reflect.Constructor.newInstance(Constructor.java:423)
	at org.openqa.selenium.remote.ErrorHandler.createThrowable(ErrorHandler.java:204)
	at org.openqa.selenium.remote.ErrorHandler.throwIfResponseFailed(ErrorHandler.java:162)
	at org.openqa.selenium.remote.RemoteWebDriver.execute(RemoteWebDriver.java:599)
	at org.openqa.selenium.remote.RemoteWebDriver$RemoteWebDriverOptions$RemoteWindow.maximize(RemoteWebDriver.java:829)
	at stepDef.UtilityDriver.inibrowser(UtilityDriver.java:55)
	at stepDef.Hooks.openBrowser(Hooks.java:27)
	at sun.reflect.GeneratedMethodAccessor18.invoke(Unknown Source)
	at sun.reflect.DelegatingMethodAccessorImpl.invoke(DelegatingMethodAccessorImpl.java:43)
	at java.lang.reflect.Method.invoke(Method.java:498)
	at cucumber.runtime.Utils$1.call(Utils.java:34)
	at cucumber.runtime.Timeout.timeout(Timeout.java:13)
	at cucumber.runtime.Utils.invoke(Utils.java:30)
	at cucumber.runtime.java.JavaHookDefinition.execute(JavaHookDefinition.java:59)
	at cucumber.runtime.Runtime.runHookIfTagsMatch(Runtime.java:222)
	at cucumber.runtime.Runtime.runHooks(Runtime.java:210)
	at cucumber.runtime.Runtime.runBeforeHooks(Runtime.java:200)
	at cucumber.runtime.model.CucumberScenario.run(CucumberScenario.java:44)
	at cucumber.runtime.junit.ExecutionUnitRunner.run(ExecutionUnitRunner.java:91)
	at cucumber.runtime.junit.FeatureRunner.runChild(FeatureRunner.java:63)
	at cucumber.runtime.junit.FeatureRunner.runChild(FeatureRunner.java:18)
	at org.junit.runners.ParentRunner$3.run(ParentRunner.java:238)
	at org.junit.runners.ParentRunner$1.schedule(ParentRunner.java:63)
	at org.junit.runners.ParentRunner.runChildren(ParentRunner.java:236)
	at org.junit.runners.ParentRunner.access$000(ParentRunner.java:53)
	at org.junit.runners.ParentRunner$2.evaluate(ParentRunner.java:229)
	at org.junit.runners.ParentRunner.run(ParentRunner.java:309)
	at cucumber.runtime.junit.FeatureRunner.run(FeatureRunner.java:70)
	at cucumber.api.junit.Cucumber.runChild(Cucumber.java:93)
	at cucumber.api.junit.Cucumber.runChild(Cucumber.java:37)
	at org.junit.runners.ParentRunner$3.run(ParentRunner.java:238)
	at org.junit.runners.ParentRunner$1.schedule(ParentRunner.java:63)
	at org.junit.runners.ParentRunner.runChildren(ParentRunner.java:236)
	at org.junit.runners.ParentRunner.access$000(ParentRunner.java:53)
	at org.junit.runners.ParentRunner$2.evaluate(ParentRunner.java:229)
	at org.junit.runners.ParentRunner.run(ParentRunner.java:309)
	at cucumber.api.junit.Cucumber.run(Cucumber.java:98)
	at org.junit.runners.Suite.runChild(Suite.java:127)
	at org.junit.runners.Suite.runChild(Suite.java:26)
	at org.junit.runners.ParentRunner$3.run(ParentRunner.java:238)
	at org.junit.runners.ParentRunner$1.schedule(ParentRunner.java:63)
	at org.junit.runners.ParentRunner.runChildren(ParentRunner.java:236)
	at org.junit.runners.ParentRunner.access$000(ParentRunner.java:53)
	at org.junit.runners.ParentRunner$2.evaluate(ParentRunner.java:229)
	at org.junit.runners.ParentRunner.run(ParentRunner.java:309)
	at org.junit.runner.JUnitCore.run(JUnitCore.java:160)
	at org.junit.runner.JUnitCore.run(JUnitCore.java:138)
	at org.apache.maven.surefire.junitcore.JUnitCoreWrapper.createRequestAndRun(JUnitCoreWrapper.java:107)
	at org.apache.maven.surefire.junitcore.JUnitCoreWrapper.executeEager(JUnitCoreWrapper.java:77)
	at org.apache.maven.surefire.junitcore.JUnitCoreWrapper.execute(JUnitCoreWrapper.java:53)
	at org.apache.maven.surefire.junitcore.JUnitCoreProvider.invoke(JUnitCoreProvider.java:144)
	at org.apache.maven.surefire.booter.ForkedBooter.invokeProviderInSameClassLoader(ForkedBooter.java:203)
	at org.apache.maven.surefire.booter.ForkedBooter.runSuitesInProcess(ForkedBooter.java:155)
	at org.apache.maven.surefire.booter.ForkedBooter.main(ForkedBooter.java:103)
</error>
    <system-out><![CDATA[driver already initialized
]]></system-out>
    <system-err><![CDATA[unexpected alert open: {Alert text : There was a problem updating 1 or more record(s) due to  time overlaps.}
  (Session info: chrome=84.0.4147.89)
  (Driver info: chromedriver=84.0.4147.30 (48b3e868b4cc0aa7e8149519690b6f6949e110a8-refs/branch-heads/4147@{#310}),platform=Windows NT 10.0.18362 x86_64) (WARNING: The server did not provide any stacktrace information)
Command duration or timeout: 2 milliseconds: null
Build info: version: '2.44.0', revision: '76d78cf323ce037c5f92db6c1bba601c2ac43ad8', time: '2014-10-23 13:11:40'
System info: host: 'PIS076', ip: '192.168.20.24', os.name: 'Windows 10', os.arch: 'amd64', os.version: '10.0', java.version: '1.8.0_251'
Driver info: org.openqa.selenium.chrome.ChromeDriver
Capabilities [{mobileEmulationEnabled=false, timeouts={implicit=0, pageLoad=300000, script=30000}, hasTouchScreen=false, platform=XP, acceptSslCerts=false, goog:chromeOptions={debuggerAddress=localhost:53632}, acceptInsecureCerts=false, webStorageEnabled=true, browserName=chrome, takesScreenshot=true, javascriptEnabled=true, setWindowRect=true, unexpectedAlertBehaviour=ignore, applicationCacheEnabled=false, rotatable=false, networkConnectionEnabled=false, chrome={chromedriverVersion=84.0.4147.30 (48b3e868b4cc0aa7e8149519690b6f6949e110a8-refs/branch-heads/4147@{#310}), userDataDir=C:\Users\schandan\AppData\Local\Temp\scoped_dir10852_1795962031}, takesHeapSnapshot=true, pageLoadStrategy=normal, strictFileInteractability=false, databaseEnabled=false, handlesAlerts=true, version=84.0.4147.89, browserConnectionEnabled=false, proxy={}, nativeEvents=true, locationContextEnabled=true, cssSelectorsEnabled=true, webauthn:virtualAuthenticators=true}]
Session ID: 92bd800b0db149d26eea4acf383fe7d5
]]></system-err>
  </testcase>
  <testcase name="Given Launch Browser and Open webClock" classname="Scenario: Webclcok Employee  POS. Transfer" time="0">
    <skipped/>
  </testcase>
  <testcase name="When enter valid Employee credentials at webclock" classname="Scenario: Webclcok Employee  POS. Transfer" time="0">
    <skipped/>
  </testcase>
  <testcase name="Then check  POS Transfer" classname="Scenario: Webclcok Employee  POS. Transfer" time="0">
    <skipped/>
  </testcase>
  <testcase name="Scenario: Webclcok Employee Punchout" classname="Scenario: Webclcok Employee Punchout" time="0.008">
    <error message="unexpected alert open: {Alert text : There was a problem updating 1 or more record(s) due to  time overlaps.}&#10;  (Session info: chrome=84.0.4147.89)&#10;  (Driver info: chromedriver=84.0.4147.30 (48b3e868b4cc0aa7e8149519690b6f6949e110a8-refs/branch-heads/4147@{#310}),platform=Windows NT 10.0.18362 x86_64) (WARNING: The server did not provide any stacktrace information)&#10;Command duration or timeout: 3 milliseconds: null&#10;Build info: version: &apos;2.44.0&apos;, revision: &apos;76d78cf323ce037c5f92db6c1bba601c2ac43ad8&apos;, time: &apos;2014-10-23 13:11:40&apos;&#10;System info: host: &apos;PIS076&apos;, ip: &apos;192.168.20.24&apos;, os.name: &apos;Windows 10&apos;, os.arch: &apos;amd64&apos;, os.version: &apos;10.0&apos;, java.version: &apos;1.8.0_251&apos;&#10;Driver info: org.openqa.selenium.chrome.ChromeDriver&#10;Capabilities [{mobileEmulationEnabled=false, timeouts={implicit=0, pageLoad=300000, script=30000}, hasTouchScreen=false, platform=XP, acceptSslCerts=false, goog:chromeOptions={debuggerAddress=localhost:53632}, acceptInsecureCerts=false, webStorageEnabled=true, browserName=chrome, takesScreenshot=true, javascriptEnabled=true, setWindowRect=true, unexpectedAlertBehaviour=ignore, applicationCacheEnabled=false, rotatable=false, networkConnectionEnabled=false, chrome={chromedriverVersion=84.0.4147.30 (48b3e868b4cc0aa7e8149519690b6f6949e110a8-refs/branch-heads/4147@{#310}), userDataDir=C:\Users\schandan\AppData\Local\Temp\scoped_dir10852_1795962031}, takesHeapSnapshot=true, pageLoadStrategy=normal, strictFileInteractability=false, databaseEnabled=false, handlesAlerts=true, version=84.0.4147.89, browserConnectionEnabled=false, proxy={}, nativeEvents=true, locationContextEnabled=true, cssSelectorsEnabled=true, webauthn:virtualAuthenticators=true}]&#10;Session ID: 92bd800b0db149d26eea4acf383fe7d5" type="org.openqa.selenium.UnhandledAlertException">org.openqa.selenium.UnhandledAlertException: unexpected alert open: {Alert text : There was a problem updating 1 or more record(s) due to  time overlaps.}
  (Session info: chrome=84.0.4147.89)
  (Driver info: chromedriver=84.0.4147.30 (48b3e868b4cc0aa7e8149519690b6f6949e110a8-refs/branch-heads/4147@{#310}),platform=Windows NT 10.0.18362 x86_64) (WARNING: The server did not provide any stacktrace information)
Command duration or timeout: 3 milliseconds: null
Build info: version: '2.44.0', revision: '76d78cf323ce037c5f92db6c1bba601c2ac43ad8', time: '2014-10-23 13:11:40'
System info: host: 'PIS076', ip: '192.168.20.24', os.name: 'Windows 10', os.arch: 'amd64', os.version: '10.0', java.version: '1.8.0_251'
Driver info: org.openqa.selenium.chrome.ChromeDriver
Capabilities [{mobileEmulationEnabled=false, timeouts={implicit=0, pageLoad=300000, script=30000}, hasTouchScreen=false, platform=XP, acceptSslCerts=false, goog:chromeOptions={debuggerAddress=localhost:53632}, acceptInsecureCerts=false, webStorageEnabled=true, browserName=chrome, takesScreenshot=true, javascriptEnabled=true, setWindowRect=true, unexpectedAlertBehaviour=ignore, applicationCacheEnabled=false, rotatable=false, networkConnectionEnabled=false, chrome={chromedriverVersion=84.0.4147.30 (48b3e868b4cc0aa7e8149519690b6f6949e110a8-refs/branch-heads/4147@{#310}), userDataDir=C:\Users\schandan\AppData\Local\Temp\scoped_dir10852_1795962031}, takesHeapSnapshot=true, pageLoadStrategy=normal, strictFileInteractability=false, databaseEnabled=false, handlesAlerts=true, version=84.0.4147.89, browserConnectionEnabled=false, proxy={}, nativeEvents=true, locationContextEnabled=true, cssSelectorsEnabled=true, webauthn:virtualAuthenticators=true}]
Session ID: 92bd800b0db149d26eea4acf383fe7d5
	at sun.reflect.GeneratedConstructorAccessor18.newInstance(Unknown Source)
	at sun.reflect.DelegatingConstructorAccessorImpl.newInstance(DelegatingConstructorAccessorImpl.java:45)
	at java.lang.reflect.Constructor.newInstance(Constructor.java:423)
	at org.openqa.selenium.remote.ErrorHandler.createThrowable(ErrorHandler.java:204)
	at org.openqa.selenium.remote.ErrorHandler.throwIfResponseFailed(ErrorHandler.java:162)
	at org.openqa.selenium.remote.RemoteWebDriver.execute(RemoteWebDriver.java:599)
	at org.openqa.selenium.remote.RemoteWebDriver$RemoteWebDriverOptions$RemoteWindow.maximize(RemoteWebDriver.java:829)
	at stepDef.UtilityDriver.inibrowser(UtilityDriver.java:55)
	at stepDef.Hooks.openBrowser(Hooks.java:27)
	at sun.reflect.GeneratedMethodAccessor18.invoke(Unknown Source)
	at sun.reflect.DelegatingMethodAccessorImpl.invoke(DelegatingMethodAccessorImpl.java:43)
	at java.lang.reflect.Method.invoke(Method.java:498)
	at cucumber.runtime.Utils$1.call(Utils.java:34)
	at cucumber.runtime.Timeout.timeout(Timeout.java:13)
	at cucumber.runtime.Utils.invoke(Utils.java:30)
	at cucumber.runtime.java.JavaHookDefinition.execute(JavaHookDefinition.java:59)
	at cucumber.runtime.Runtime.runHookIfTagsMatch(Runtime.java:222)
	at cucumber.runtime.Runtime.runHooks(Runtime.java:210)
	at cucumber.runtime.Runtime.runBeforeHooks(Runtime.java:200)
	at cucumber.runtime.model.CucumberScenario.run(CucumberScenario.java:44)
	at cucumber.runtime.junit.ExecutionUnitRunner.run(ExecutionUnitRunner.java:91)
	at cucumber.runtime.junit.FeatureRunner.runChild(FeatureRunner.java:63)
	at cucumber.runtime.junit.FeatureRunner.runChild(FeatureRunner.java:18)
	at org.junit.runners.ParentRunner$3.run(ParentRunner.java:238)
	at org.junit.runners.ParentRunner$1.schedule(ParentRunner.java:63)
	at org.junit.runners.ParentRunner.runChildren(ParentRunner.java:236)
	at org.junit.runners.ParentRunner.access$000(ParentRunner.java:53)
	at org.junit.runners.ParentRunner$2.evaluate(ParentRunner.java:229)
	at org.junit.runners.ParentRunner.run(ParentRunner.java:309)
	at cucumber.runtime.junit.FeatureRunner.run(FeatureRunner.java:70)
	at cucumber.api.junit.Cucumber.runChild(Cucumber.java:93)
	at cucumber.api.junit.Cucumber.runChild(Cucumber.java:37)
	at org.junit.runners.ParentRunner$3.run(ParentRunner.java:238)
	at org.junit.runners.ParentRunner$1.schedule(ParentRunner.java:63)
	at org.junit.runners.ParentRunner.runChildren(ParentRunner.java:236)
	at org.junit.runners.ParentRunner.access$000(ParentRunner.java:53)
	at org.junit.runners.ParentRunner$2.evaluate(ParentRunner.java:229)
	at org.junit.runners.ParentRunner.run(ParentRunner.java:309)
	at cucumber.api.junit.Cucumber.run(Cucumber.java:98)
	at org.junit.runners.Suite.runChild(Suite.java:127)
	at org.junit.runners.Suite.runChild(Suite.java:26)
	at org.junit.runners.ParentRunner$3.run(ParentRunner.java:238)
	at org.junit.runners.ParentRunner$1.schedule(ParentRunner.java:63)
	at org.junit.runners.ParentRunner.runChildren(ParentRunner.java:236)
	at org.junit.runners.ParentRunner.access$000(ParentRunner.java:53)
	at org.junit.runners.ParentRunner$2.evaluate(ParentRunner.java:229)
	at org.junit.runners.ParentRunner.run(ParentRunner.java:309)
	at org.junit.runner.JUnitCore.run(JUnitCore.java:160)
	at org.junit.runner.JUnitCore.run(JUnitCore.java:138)
	at org.apache.maven.surefire.junitcore.JUnitCoreWrapper.createRequestAndRun(JUnitCoreWrapper.java:107)
	at org.apache.maven.surefire.junitcore.JUnitCoreWrapper.executeEager(JUnitCoreWrapper.java:77)
	at org.apache.maven.surefire.junitcore.JUnitCoreWrapper.execute(JUnitCoreWrapper.java:53)
	at org.apache.maven.surefire.junitcore.JUnitCoreProvider.invoke(JUnitCoreProvider.java:144)
	at org.apache.maven.surefire.booter.ForkedBooter.invokeProviderInSameClassLoader(ForkedBooter.java:203)
	at org.apache.maven.surefire.booter.ForkedBooter.runSuitesInProcess(ForkedBooter.java:155)
	at org.apache.maven.surefire.booter.ForkedBooter.main(ForkedBooter.java:103)
</error>
    <system-out><![CDATA[driver already initialized
]]></system-out>
    <system-err><![CDATA[unexpected alert open: {Alert text : There was a problem updating 1 or more record(s) due to  time overlaps.}
  (Session info: chrome=84.0.4147.89)
  (Driver info: chromedriver=84.0.4147.30 (48b3e868b4cc0aa7e8149519690b6f6949e110a8-refs/branch-heads/4147@{#310}),platform=Windows NT 10.0.18362 x86_64) (WARNING: The server did not provide any stacktrace information)
Command duration or timeout: 2 milliseconds: null
Build info: version: '2.44.0', revision: '76d78cf323ce037c5f92db6c1bba601c2ac43ad8', time: '2014-10-23 13:11:40'
System info: host: 'PIS076', ip: '192.168.20.24', os.name: 'Windows 10', os.arch: 'amd64', os.version: '10.0', java.version: '1.8.0_251'
Driver info: org.openqa.selenium.chrome.ChromeDriver
Capabilities [{mobileEmulationEnabled=false, timeouts={implicit=0, pageLoad=300000, script=30000}, hasTouchScreen=false, platform=XP, acceptSslCerts=false, goog:chromeOptions={debuggerAddress=localhost:53632}, acceptInsecureCerts=false, webStorageEnabled=true, browserName=chrome, takesScreenshot=true, javascriptEnabled=true, setWindowRect=true, unexpectedAlertBehaviour=ignore, applicationCacheEnabled=false, rotatable=false, networkConnectionEnabled=false, chrome={chromedriverVersion=84.0.4147.30 (48b3e868b4cc0aa7e8149519690b6f6949e110a8-refs/branch-heads/4147@{#310}), userDataDir=C:\Users\schandan\AppData\Local\Temp\scoped_dir10852_1795962031}, takesHeapSnapshot=true, pageLoadStrategy=normal, strictFileInteractability=false, databaseEnabled=false, handlesAlerts=true, version=84.0.4147.89, browserConnectionEnabled=false, proxy={}, nativeEvents=true, locationContextEnabled=true, cssSelectorsEnabled=true, webauthn:virtualAuthenticators=true}]
Session ID: 92bd800b0db149d26eea4acf383fe7d5
]]></system-err>
  </testcase>
  <testcase name="Given Launch Browser and Open webClock" classname="Scenario: Webclcok Employee Punchout" time="0">
    <skipped/>
  </testcase>
  <testcase name="When enter valid Employee credentials at webclock" classname="Scenario: Webclcok Employee Punchout" time="0">
    <skipped/>
  </testcase>
  <testcase name="Then check Punchout" classname="Scenario: Webclcok Employee Punchout" time="0">
    <skipped/>
  </testcase>
</testsuite>