<?xml version="1.0" encoding="UTF-8"?><testsuite failures="17" name="cucumber.runtime.formatter.JUnitFormatter" skipped="1" tests="91" time="2501.018629">
<testcase classname="Admin view scenarios" name="Valid Credentials should be able to login successfully" time="19.645983">
<system-out><![CDATA[Given Launch Browser and Open eClock........................................passed
When Enter valid credentials and click login................................passed
Then User should be able to login successfully..............................passed
Then Loggedout successfully.................................................passed
]]></system-out>
</testcase>
<testcase classname="Admin view scenarios" name="Validate Punchin option" time="35.3927">
<system-out><![CDATA[Given Launch Browser and Open eClock........................................passed
When Enter valid credentials and click login................................passed
Then User should be able to login successfully..............................passed
Then click on webclock from side menu.......................................passed
Then click on Punch in Button...............................................passed
Then Loggedout successfully.................................................passed
]]></system-out>
</testcase>
<testcase classname="Admin view scenarios" name="Validate Lunch start" time="31.279551">
<system-out><![CDATA[Given Launch Browser and Open eClock........................................passed
When Enter valid credentials and click login................................passed
Then User should be able to login successfully..............................passed
Then click on webclock from side menu.......................................passed
Then Clcik on Lunch start...................................................passed
Then Loggedout successfully.................................................passed
]]></system-out>
</testcase>
<testcase classname="Admin view scenarios" name="Validate Lunch stop" time="30.451382">
<system-out><![CDATA[Given Launch Browser and Open eClock........................................passed
When Enter valid credentials and click login................................passed
Then User should be able to login successfully..............................passed
Then click on webclock from side menu.......................................passed
Then Clcik on Lunch stop....................................................passed
Then Loggedout successfully.................................................passed
]]></system-out>
</testcase>
<testcase classname="Admin view scenarios" name="Validate Punch Out" time="31.89472">
<system-out><![CDATA[Given Launch Browser and Open eClock........................................passed
When Enter valid credentials and click login................................passed
Then User should be able to login successfully..............................passed
Then click on webclock from side menu.......................................passed
Then Click on Punchout Button...............................................passed
Then Loggedout successfully.................................................passed
]]></system-out>
</testcase>
<testcase classname="Admin view scenarios" name="Admin login - schedule  Time card Approvals" time="15.14861">
<system-out><![CDATA[Given Launch Browser and Open eClock........................................passed
When Enter valid credentials and click login................................passed
Then Admin clcik on Time card...............................................passed
Then Admin Click on Time card Approvals.....................................passed
Then Loggedout successfully.................................................passed
]]></system-out>
</testcase>
<testcase classname="Admin view scenarios" name="Admin login - schedule  Time card Calendar" time="24.155763">
<system-out><![CDATA[Given Launch Browser and Open eClock........................................passed
When Enter valid credentials and click login................................passed
Then Admin clcik on Time card...............................................passed
Then Admin Click on Time card Calendar......................................passed
Then Loggedout successfully.................................................passed
]]></system-out>
</testcase>
<testcase classname="Admin view scenarios" name="Admin login - schedule  Time card Exception" time="17.360355">
<system-out><![CDATA[Given Launch Browser and Open eClock........................................passed
When Enter valid credentials and click login................................passed
Then Admin clcik on Time card...............................................passed
Then Admin Click on Time card Exception.....................................passed
Then Loggedout successfully.................................................passed
]]></system-out>
</testcase>
<testcase classname="Admin view scenarios" name="Admin login - schedule for employees" time="36.267047">
<system-out><![CDATA[Given Launch Browser and Open eClock........................................passed
When Enter valid credentials and click login................................passed
Then click on webclock from side menu.......................................passed
Then click on Punch in Button...............................................passed
Then Admin clcik on Schedule................................................passed
Then Admin Click on schedule Default........................................passed
Then Loggedout successfully.................................................passed
]]></system-out>
</testcase>
<testcase classname="Admin view scenarios" name="Admin login - Dashboard view" time="37.561167">
<system-out><![CDATA[Given Launch Browser and Open eClock........................................passed
When Enter valid credentials and click login................................passed
Then click on webclock from side menu.......................................passed
Then Admin clcik on Schedule................................................passed
Then Admin Click on Dashboard Default.......................................passed
Then Loggedout successfully.................................................passed
]]></system-out>
</testcase>
<testcase classname="Admin view scenarios" name="Admin login - Employee - Employee Access info" time="21.048694">
<skipped><![CDATA[Given Launch Browser and Open eClock........................................passed
When Enter valid credentials and click login................................passed
Then Admin clcik on Employee................................................passed
Then Admin clcik on Employee Access Info....................................passed
Then Admin View or Edit Employee Access info................................undefined
Then Loggedout successfully.................................................skipped
]]></skipped>
</testcase>
<testcase classname="Admin view scenarios" name="Admin login - Employee - Employee settings" time="33.62103">
<system-out><![CDATA[Given Launch Browser and Open eClock........................................passed
When Enter valid credentials and click login................................passed
Then click on webclock from side menu.......................................passed
Then Admin clcik on Employee................................................passed
Then Admin clcik on Employee settings.......................................passed
Then Loggedout successfully.................................................passed
]]></system-out>
</testcase>
<testcase classname="Admin view scenarios" name="Admin login - Employee - Employee benefits" time="34.531646">
<system-out><![CDATA[Given Launch Browser and Open eClock........................................passed
When Enter valid credentials and click login................................passed
Then click on webclock from side menu.......................................passed
Then Admin clcik on Employee................................................passed
Then Admin clcik on Employee benefits.......................................passed
Then Loggedout successfully.................................................passed
]]></system-out>
</testcase>
<testcase classname="Admin view scenarios" name="Admin login - Employee - Employee Points" time="33.373115">
<system-out><![CDATA[Given Launch Browser and Open eClock........................................passed
When Enter valid credentials and click login................................passed
Then click on webclock from side menu.......................................passed
Then Admin clcik on Employee................................................passed
Then Admin clcik on Employee Points.........................................passed
Then Loggedout successfully.................................................passed
]]></system-out>
</testcase>
<testcase classname="Admin view scenarios" name="Admin login - Configure - Group" time="35.146688">
<system-out><![CDATA[Given Launch Browser and Open eClock........................................passed
When Enter valid credentials and click login................................passed
Then click on webclock from side menu.......................................passed
Then clcik on Configure.....................................................passed
Then Click on Group.........................................................passed
When group details loaded on right pane check details.......................passed
Then Loggedout successfully.................................................passed
]]></system-out>
</testcase>
<testcase classname="Admin view scenarios" name="Admin login - Configure - GroupSettings" time="35.605013">
<system-out><![CDATA[Given Launch Browser and Open eClock........................................passed
When Enter valid credentials and click login................................passed
Then click on webclock from side menu.......................................passed
Then clcik on Configure.....................................................passed
Then Click on Group settings................................................passed
When group settings loads at right pane check details.......................passed
Then Loggedout successfully.................................................passed
]]></system-out>
</testcase>
<testcase classname="Admin view scenarios" name="Admin login - Configure - Department" time="30.0847">
<system-out><![CDATA[Given Launch Browser and Open eClock........................................passed
When Enter valid credentials and click login................................passed
Then click on webclock from side menu.......................................passed
Then clcik on Configure.....................................................passed
Then Click on Departments...................................................passed
Then Loggedout successfully.................................................passed
]]></system-out>
</testcase>
<testcase classname="Admin view scenarios" name="Admin login - Configure - Position" time="29.4429">
<system-out><![CDATA[Given Launch Browser and Open eClock........................................passed
When Enter valid credentials and click login................................passed
Then click on webclock from side menu.......................................passed
Then clcik on Configure.....................................................passed
Then Click on Position......................................................passed
Then Loggedout successfully.................................................passed
]]></system-out>
</testcase>
<testcase classname="Admin view scenarios" name="Admin login - Configure - Job Type" time="28.545375">
<system-out><![CDATA[Given Launch Browser and Open eClock........................................passed
When Enter valid credentials and click login................................passed
Then click on webclock from side menu.......................................passed
Then clcik on Configure.....................................................passed
Then click on Job Type......................................................passed
Then Loggedout successfully.................................................passed
]]></system-out>
</testcase>
<testcase classname="Admin view scenarios" name="Admin Login - Configure - Status Codes" time="31.180166">
<system-out><![CDATA[Given Launch Browser and Open eClock........................................passed
When Enter valid credentials and click login................................passed
Then click on webclock from side menu.......................................passed
Then clcik on Configure.....................................................passed
Then Click on Status code...................................................passed
Then Loggedout successfully.................................................passed
]]></system-out>
</testcase>
<testcase classname="Admin view scenarios" name="Admin Login - Configure - View benefits" time="30.460037">
<system-out><![CDATA[Given Launch Browser and Open eClock........................................passed
When Enter valid credentials and click login................................passed
Then click on webclock from side menu.......................................passed
Then clcik on Configure.....................................................passed
Then Clcik on View benefits.................................................passed
Then Loggedout successfully.................................................passed
]]></system-out>
</testcase>
<testcase classname="Admin view scenarios" name="Admin Login - Configure - Group Default" time="29.498374">
<system-out><![CDATA[Given Launch Browser and Open eClock........................................passed
When Enter valid credentials and click login................................passed
Then click on webclock from side menu.......................................passed
Then clcik on Configure.....................................................passed
Then Clcik on Group Default.................................................passed
Then Loggedout successfully.................................................passed
]]></system-out>
</testcase>
<testcase classname="Admin view scenarios" name="Admin Login - Configure - Task" time="30.663605">
<system-out><![CDATA[Given Launch Browser and Open eClock........................................passed
When Enter valid credentials and click login................................passed
Then click on webclock from side menu.......................................passed
Then clcik on Configure.....................................................passed
Then Clcik on Task..........................................................passed
Then Loggedout successfully.................................................passed
]]></system-out>
</testcase>
<testcase classname="Admin view scenarios" name="Admin Login - Configure - Prj Sales Items" time="31.440143">
<system-out><![CDATA[Given Launch Browser and Open eClock........................................passed
When Enter valid credentials and click login................................passed
Then click on webclock from side menu.......................................passed
Then clcik on Configure.....................................................passed
Then Clcik on Prj Sales Items...............................................passed
Then Loggedout successfully.................................................passed
]]></system-out>
</testcase>
<testcase classname="Admin view scenarios" name="Admin Login - Configure - Project Items" time="31.158852">
<system-out><![CDATA[Given Launch Browser and Open eClock........................................passed
When Enter valid credentials and click login................................passed
Then click on webclock from side menu.......................................passed
Then clcik on Configure.....................................................passed
Then Clcik on Project Items.................................................passed
Then Loggedout successfully.................................................passed
]]></system-out>
</testcase>
<testcase classname="Admin view scenarios" name="Admin Login - Configure - Certification" time="30.483807">
<system-out><![CDATA[Given Launch Browser and Open eClock........................................passed
When Enter valid credentials and click login................................passed
Then click on webclock from side menu.......................................passed
Then clcik on Configure.....................................................passed
Then Clcik on Certification.................................................passed
Then Loggedout successfully.................................................passed
]]></system-out>
</testcase>
<testcase classname="Admin view scenarios" name="Admin Login - Configure - Breaks" time="29.887623">
<system-out><![CDATA[Given Launch Browser and Open eClock........................................passed
When Enter valid credentials and click login................................passed
Then click on webclock from side menu.......................................passed
Then clcik on Configure.....................................................passed
Then clcik on Breaks........................................................passed
Then Loggedout successfully.................................................passed
]]></system-out>
</testcase>
<testcase classname="Admin view scenarios" name="Admin Login - Configure - Holiday Template" time="29.475166">
<system-out><![CDATA[Given Launch Browser and Open eClock........................................passed
When Enter valid credentials and click login................................passed
Then click on webclock from side menu.......................................passed
Then clcik on Configure.....................................................passed
Then Clcik on Holiday Template..............................................passed
Then Loggedout successfully.................................................passed
]]></system-out>
</testcase>
<testcase classname="Admin view scenarios" name="Admin Login - Configure - Holiday Set" time="28.68365">
<system-out><![CDATA[Given Launch Browser and Open eClock........................................passed
When Enter valid credentials and click login................................passed
Then click on webclock from side menu.......................................passed
Then clcik on Configure.....................................................passed
Then clcik on Holiday Set...................................................passed
Then Loggedout successfully.................................................passed
]]></system-out>
</testcase>
<testcase classname="Admin view scenarios" name="Admin Login - Configure - Holidays" time="29.853004">
<system-out><![CDATA[Given Launch Browser and Open eClock........................................passed
When Enter valid credentials and click login................................passed
Then click on webclock from side menu.......................................passed
Then clcik on Configure.....................................................passed
Then Click on Holidays......................................................passed
Then Loggedout successfully.................................................passed
]]></system-out>
</testcase>
<testcase classname="Admin view scenarios" name="Admin Login - Configure - Pay Rules" time="29.458598">
<system-out><![CDATA[Given Launch Browser and Open eClock........................................passed
When Enter valid credentials and click login................................passed
Then click on webclock from side menu.......................................passed
Then clcik on Configure.....................................................passed
Then Clcik on Pay Rules.....................................................passed
Then Loggedout successfully.................................................passed
]]></system-out>
</testcase>
<testcase classname="Admin view scenarios" name="Admin Login - Configure - Points" time="30.212216">
<system-out><![CDATA[Given Launch Browser and Open eClock........................................passed
When Enter valid credentials and click login................................passed
Then click on webclock from side menu.......................................passed
Then clcik on Configure.....................................................passed
Then Clcik on Points........................................................passed
Then Loggedout successfully.................................................passed
]]></system-out>
</testcase>
<testcase classname="Admin view scenarios" name="Admin Login - Configure - Points Reason" time="29.899633">
<system-out><![CDATA[Given Launch Browser and Open eClock........................................passed
When Enter valid credentials and click login................................passed
Then click on webclock from side menu.......................................passed
Then clcik on Configure.....................................................passed
Then Clcik on Point Reason..................................................passed
Then Loggedout successfully.................................................passed
]]></system-out>
</testcase>
<testcase classname="Admin view scenarios" name="Admin Login - Configure - Email Templates" time="30.258608">
<system-out><![CDATA[Given Launch Browser and Open eClock........................................passed
When Enter valid credentials and click login................................passed
Then click on webclock from side menu.......................................passed
Then clcik on Configure.....................................................passed
Then Clcik on Email templates...............................................passed
Then Loggedout successfully.................................................passed
]]></system-out>
</testcase>
<testcase classname="Admin view scenarios" name="Admin Login - Configure - Pay Types" time="30.248341">
<system-out><![CDATA[Given Launch Browser and Open eClock........................................passed
When Enter valid credentials and click login................................passed
Then click on webclock from side menu.......................................passed
Then clcik on Configure.....................................................passed
Then Clcik on Pay Types.....................................................passed
Then Loggedout successfully.................................................passed
]]></system-out>
</testcase>
<testcase classname="Admin view scenarios" name="Admin Login - Configure - Comments" time="31.183951">
<system-out><![CDATA[Given Launch Browser and Open eClock........................................passed
When Enter valid credentials and click login................................passed
Then click on webclock from side menu.......................................passed
Then clcik on Configure.....................................................passed
Then Clcik on Comments......................................................passed
Then Loggedout successfully.................................................passed
]]></system-out>
</testcase>
<testcase classname="Admin view scenarios" name="Admin Login - Configure - Pay Categories" time="29.408072">
<system-out><![CDATA[Given Launch Browser and Open eClock........................................passed
When Enter valid credentials and click login................................passed
Then click on webclock from side menu.......................................passed
Then clcik on Configure.....................................................passed
Then Clcik on Pay categories................................................passed
Then Loggedout successfully.................................................passed
]]></system-out>
</testcase>
<testcase classname="Admin view scenarios" name="Admin Login - Configure - Shift" time="28.146235">
<system-out><![CDATA[Given Launch Browser and Open eClock........................................passed
When Enter valid credentials and click login................................passed
Then click on webclock from side menu.......................................passed
Then clcik on Configure.....................................................passed
Then Clcik on Shift.........................................................passed
Then Loggedout successfully.................................................passed
]]></system-out>
</testcase>
<testcase classname="Admin view scenarios" name="Admin login - View / Edit Project screen" time="24.121194">
<system-out><![CDATA[Given Launch Browser and Open eClock........................................passed
When Enter valid credentials and click login................................passed
Then Admin click on Project Button..........................................passed
Then Admin clcik on Project submenu.........................................passed
And Admin Check for Project details at main screen..........................passed
Then Loggedout successfully.................................................passed
]]></system-out>
</testcase>
<testcase classname="Admin view scenarios" name="Admin login - View / Edit Project Management" time="25.141761">
<system-out><![CDATA[Given Launch Browser and Open eClock........................................passed
When Enter valid credentials and click login................................passed
Then Admin click on Project Button..........................................passed
Then Admin clcik on Project management submenu..............................passed
And Admin Check for Project management details at main screen...............passed
Then Loggedout successfully.................................................passed
]]></system-out>
</testcase>
<testcase classname="Admin view scenarios" name="Admin login - View Approve Time off request" time="28.796305">
<system-out><![CDATA[Given Launch Browser and Open eClock........................................passed
When Enter valid credentials and click login................................passed
Then Admin click on Time card Button........................................passed
Then Admin clcik on Time off approval at submenu............................passed
And Admin Check for View Approve Time off request details at main screen....passed
Then Loggedout successfully.................................................passed
]]></system-out>
</testcase>
<testcase classname="Admin view scenarios" name="Admin login - Add message for Employee" time="25.411768">
<system-out><![CDATA[Given Launch Browser and Open eClock........................................passed
When Enter valid credentials and click login................................passed
Then Admin click on Messaging...............................................passed
When message screen loaded at rightpane add message details.................passed
And check message added.....................................................passed
Then Loggedout successfully.................................................passed
]]></system-out>
</testcase>
<testcase classname="Admin view scenarios" name="Admin login - View / approve time off Request" time="44.523235">
<system-out><![CDATA[Given Launch Browser and Open eClock........................................passed
When Enter valid credentials and click login................................passed
Then Admin click on Time card Button........................................passed
Then Admin clcik on Time off Request at submenu.............................passed
When request time off loaded check View details.............................passed
Then Loggedout successfully.................................................passed
]]></system-out>
</testcase>
<testcase classname="Employee Login Check and employee feature scenarios validated here.. [0303]" name="Validate Employee Credentials should be able to login successfully" time="7.85742">
<system-out><![CDATA[Given Launch Browser and Open eClock........................................passed
When Enter valid Employee credentials and click login.......................passed
Then User should be able to login successfully..............................passed
Then Loggedout successfully.................................................passed
]]></system-out>
</testcase>
<testcase classname="Employee Login Check and employee feature scenarios validated here.. [0303]" name="Validate Employee Punchin option" time="31.307296">
<system-out><![CDATA[Given Launch Browser and Open eClock........................................passed
When Enter valid Employee credentials and click login.......................passed
Then User should be able to login successfully..............................passed
Then emp click on webclock from side menu...................................passed
Then click on Punch in Button...............................................passed
Then Loggedout successfully.................................................passed
]]></system-out>
</testcase>
<testcase classname="Employee Login Check and employee feature scenarios validated here.. [0303]" name="Validate Employee  Lunch start" time="38.549697">
<system-out><![CDATA[Given Launch Browser and Open eClock........................................passed
When Enter valid Employee credentials and click login.......................passed
Then User should be able to login successfully..............................passed
Then emp click on webclock from side menu...................................passed
Then click on Punch in Button...............................................passed
Then Clcik on Lunch start...................................................passed
Then Loggedout successfully.................................................passed
]]></system-out>
</testcase>
<testcase classname="Employee Login Check and employee feature scenarios validated here.. [0303]" name="Validate  Employee Lunch stop" time="39.18703">
<system-out><![CDATA[Given Launch Browser and Open eClock........................................passed
When Enter valid Employee credentials and click login.......................passed
Then User should be able to login successfully..............................passed
Then emp click on webclock from side menu...................................passed
Then click on Punch in Button...............................................passed
Then Clcik on Lunch stop....................................................passed
Then Loggedout successfully.................................................passed
]]></system-out>
</testcase>
<testcase classname="Employee Login Check and employee feature scenarios validated here.. [0303]" name="Validate  Employee Punch Out" time="29.011603">
<system-out><![CDATA[Given Launch Browser and Open eClock........................................passed
When Enter valid Employee credentials and click login.......................passed
Then User should be able to login successfully..............................passed
Then emp click on webclock from side menu...................................passed
Then Click on Punchout Button...............................................passed
Then Loggedout successfully.................................................passed
]]></system-out>
</testcase>
<testcase classname="Employee Login Check and employee feature scenarios validated here.. [0303]" name="Validate Employee Time card entry" time="23.643092">
<system-out><![CDATA[Given Launch Browser and Open eClock........................................passed
When Enter valid Employee credentials and click login.......................passed
Then User should be able to login successfully..............................passed
Then emp click on webclock from side menu...................................passed
Then employee click on employee Employees from side bar menu................passed
Then click on Add time card link............................................passed
Then Loggedout successfully.................................................passed
]]></system-out>
</testcase>
<testcase classname="Employee Login Check and employee feature scenarios validated here.. [0303]" name="validate View Employee Employee info" time="16.824588">
<system-out><![CDATA[Given Launch Browser and Open eClock........................................passed
When Enter valid Employee credentials and click login.......................passed
Then User should be able to login successfully..............................passed
Then employee click on employee Employees from side bar menu................passed
Then check employee informarion at main screen..............................passed
Then Loggedout successfully.................................................passed
]]></system-out>
</testcase>
<testcase classname="Employee Login Check and employee feature scenarios validated here.. [0303]" name="validate View Employee Personal Info" time="16.736216">
<system-out><![CDATA[Given Launch Browser and Open eClock........................................passed
When Enter valid Employee credentials and click login.......................passed
Then User should be able to login successfully..............................passed
Then employee click on employee Personal info from side bar menu............passed
Then check employee Personal informarion at main screen.....................passed
Then Loggedout successfully.................................................passed
]]></system-out>
</testcase>
<testcase classname="Employee Login Check and employee feature scenarios validated here.. [0303]" name="validate View Employee Employee benefits" time="16.33159">
<system-out><![CDATA[Given Launch Browser and Open eClock........................................passed
When Enter valid Employee credentials and click login.......................passed
Then User should be able to login successfully..............................passed
Then employee click on employee Employee Benefits from side bar menu........passed
Then check employee Employee Benefits at main screen........................passed
Then Loggedout successfully.................................................passed
]]></system-out>
</testcase>
<testcase classname="Employee Login Check and employee feature scenarios validated here.. [0303]" name="validate View Employee Time off Request" time="22.762556">
<system-out><![CDATA[Given Launch Browser and Open eClock........................................passed
When Enter valid Employee credentials and click login.......................passed
Then User should be able to login successfully..............................passed
Then employee click on employee Employee Time off Request from side bar menu.passed
Then check Employee Time off Request at main screen.........................passed
Then Loggedout successfully.................................................passed
]]></system-out>
</testcase>
<testcase classname="Employee Login Check and employee feature scenarios validated here.. [0303]" name="validate View Employee Calendar" time="12.261328">
<system-out><![CDATA[Given Launch Browser and Open eClock........................................passed
When Enter valid Employee credentials and click login.......................passed
Then User should be able to login successfully..............................passed
Then employee click on employee Employee Calendar from side bar menu........passed
Then check Calendar details at main screen..................................passed
Then Loggedout successfully.................................................passed
]]></system-out>
</testcase>
<testcase classname="Supervisor Login Check with supervisor credentials -0202" name="Valid Credentials should be able to login successfully" time="8.21479">
<system-out><![CDATA[Given Launch Browser and Open eClock........................................passed
When Enter valid supervisor credentials and click login.....................passed
Then User should be able to login successfully..............................passed
Then Loggedout successfully.................................................passed
]]></system-out>
</testcase>
<testcase classname="Supervisor Login Check with supervisor credentials -0202" name="Validate Punchin option" time="26.687348">
<system-out><![CDATA[Given Launch Browser and Open eClock........................................passed
When Enter valid supervisor credentials and click login.....................passed
Then User should be able to login successfully..............................passed
Then supervisor click on webclock from side menu............................passed
Then click on Punch in Button...............................................passed
Then Loggedout successfully.................................................passed
]]></system-out>
</testcase>
<testcase classname="Supervisor Login Check with supervisor credentials -0202" name="Validate Lunch start" time="34.408264">
<system-out><![CDATA[Given Launch Browser and Open eClock........................................passed
When Enter valid supervisor credentials and click login.....................passed
Then User should be able to login successfully..............................passed
Then supervisor click on webclock from side menu............................passed
Then click on Punch in Button...............................................passed
Then Clcik on Lunch start...................................................passed
Then Loggedout successfully.................................................passed
]]></system-out>
</testcase>
<testcase classname="Supervisor Login Check with supervisor credentials -0202" name="Validate Lunch stop" time="33.8389">
<system-out><![CDATA[Given Launch Browser and Open eClock........................................passed
When Enter valid supervisor credentials and click login.....................passed
Then User should be able to login successfully..............................passed
Then supervisor click on webclock from side menu............................passed
Then click on Punch in Button...............................................passed
Then Clcik on Lunch stop....................................................passed
Then Loggedout successfully.................................................passed
]]></system-out>
</testcase>
<testcase classname="Supervisor Login Check with supervisor credentials -0202" name="Validate Punch Out" time="24.948458">
<system-out><![CDATA[Given Launch Browser and Open eClock........................................passed
When Enter valid supervisor credentials and click login.....................passed
Then User should be able to login successfully..............................passed
Then supervisor click on webclock from side menu............................passed
Then Click on Punchout Button...............................................passed
Then Loggedout successfully.................................................passed
]]></system-out>
</testcase>
<testcase classname="Supervisor Login Check with supervisor credentials -0202" name="Supervisor View Edit Calendar" time="22.979033">
<system-out><![CDATA[Given Launch Browser and Open eClock........................................passed
When Enter valid supervisor credentials and click login.....................passed
Then User should be able to login successfully..............................passed
Then supervisor click on  Calendar from side menu...........................passed
Then Loggedout successfully.................................................passed
]]></system-out>
</testcase>
<testcase classname="Supervisor Login Check with supervisor credentials -0202" name="SupervisorView Timecard Exception" time="14.568477">
<system-out><![CDATA[Given Launch Browser and Open eClock........................................passed
When Enter valid supervisor credentials and click login.....................passed
Then User should be able to login successfully..............................passed
Then supervisor click on  Time card Exception from side menu................passed
Then Loggedout successfully.................................................passed
]]></system-out>
</testcase>
<testcase classname="Supervisor Login Check with supervisor credentials -0202" name="Supervisor View employee info" time="13.847122">
<system-out><![CDATA[Given Launch Browser and Open eClock........................................passed
When Enter valid supervisor credentials and click login.....................passed
Then User should be able to login successfully..............................passed
Then supervisor click on  Employee Employee info from side menu.............passed
Then Loggedout successfully.................................................passed
]]></system-out>
</testcase>
<testcase classname="Supervisor Login Check with supervisor credentials -0202" name="SupervisorView Timecard Exception" time="14.583007">
<system-out><![CDATA[Given Launch Browser and Open eClock........................................passed
When Enter valid supervisor credentials and click login.....................passed
Then User should be able to login successfully..............................passed
Then supervisor click on  Employee Employee Exception from side menu........passed
Then Loggedout successfully.................................................passed
]]></system-out>
</testcase>
<testcase classname="Supervisor Login Check with supervisor credentials -0202" name="Supervisor Edit personal info" time="13.583369">
<system-out><![CDATA[Given Launch Browser and Open eClock........................................passed
When Enter valid supervisor credentials and click login.....................passed
Then User should be able to login successfully..............................passed
Then supervisor click on  Employee Personal info from side menu.............passed
Then Loggedout successfully.................................................passed
]]></system-out>
</testcase>
<testcase classname="Supervisor Login Check with supervisor credentials -0202" name="Supervisor View Employee Benefits" time="14.085814">
<system-out><![CDATA[Given Launch Browser and Open eClock........................................passed
When Enter valid supervisor credentials and click login.....................passed
Then User should be able to login successfully..............................passed
Then supervisor click on  Employee Employee Benefits from side menu.........passed
Then Loggedout successfully.................................................passed
]]></system-out>
</testcase>
<testcase classname="Supervisor Login Check with supervisor credentials -0202" name="Supervisor View Excused calendar" time="14.759596">
<system-out><![CDATA[Given Launch Browser and Open eClock........................................passed
When Enter valid supervisor credentials and click login.....................passed
Then User should be able to login successfully..............................passed
Then supervisor click on  Time card Excused calendar from side menu.........passed
Then Loggedout successfully.................................................passed
]]></system-out>
</testcase>
<testcase classname="Supervisor Login Check with supervisor credentials -0202" name="Supervisor View Employee Points" time="14.277212">
<system-out><![CDATA[Given Launch Browser and Open eClock........................................passed
When Enter valid supervisor credentials and click login.....................passed
Then User should be able to login successfully..............................passed
Then supervisor click on  Employee Employee points from side menu...........passed
Then Loggedout successfully.................................................passed
]]></system-out>
</testcase>
<testcase classname="Supervisor Login Check with supervisor credentials -0202" name="Supervisor View/Edit Project Screen" time="18.725558">
<system-out><![CDATA[Given Launch Browser and Open eClock........................................passed
When Enter valid supervisor credentials and click login.....................passed
Then User should be able to login successfully..............................passed
Then supervisor click on  Project Project from side menu....................passed
Then Loggedout successfully.................................................passed
]]></system-out>
</testcase>
<testcase classname="Supervisor Login Check with supervisor credentials -0202" name="Supervisor View /Edit Project Management" time="27.171101">
<system-out><![CDATA[Given Launch Browser and Open eClock........................................passed
When Enter valid supervisor credentials and click login.....................passed
Then User should be able to login successfully..............................passed
Then supervisor click on  Project Project management from side menu.........passed
Then Loggedout successfully.................................................passed
]]></system-out>
</testcase>
<testcase classname="Supervisor Login Check with supervisor credentials -0202" name="Supervisor View/edit time entry of his team members" time="269.19932">
<system-out><![CDATA[Given Launch Browser and Open eClock........................................passed
When Enter valid supervisor credentials and click login.....................passed
Then User should be able to login successfully..............................passed
Then supervisor click on  Timecard Timecard from side menu..................passed
Then Loggedout successfully.................................................passed
]]></system-out>
</testcase>
<testcase classname="Supervisor Login Check with supervisor credentials -0202" name="Supervisor View Dashboard details of team members" time="36.405837">
<system-out><![CDATA[Given Launch Browser and Open eClock........................................passed
When Enter valid supervisor credentials and click login.....................passed
Then User should be able to login successfully..............................passed
Then supervisor click on Dashboard Dashboard................................passed
Then supervisor click on Dashboard outof office.............................passed
]]></system-out>
</testcase>
<testcase classname="Supervisor Login Check with supervisor credentials -0202" name="Supervisor View/approve time off request of his team members" time="13.513329">
<system-out><![CDATA[Given Launch Browser and Open eClock........................................passed
When Enter valid supervisor credentials and click login.....................passed
Then User should be able to login successfully..............................passed
Then supervisor click on  Timecard Approvals from side menu.................passed
Then Loggedout successfully.................................................passed
]]></system-out>
</testcase>
<testcase classname="Supervisor Login Check with supervisor credentials -0202" name="Supervisor login - Add message for Employee" time="25.529178">
<system-out><![CDATA[Given Launch Browser and Open eClock........................................passed
When Enter valid supervisor credentials and click login.....................passed
Then User should be able to login successfully..............................passed
Then Supervisor click on Messaging..........................................passed
When message screen loaded at rightpane add message details.................passed
And check message added.....................................................passed
Then Loggedout successfully.................................................passed
]]></system-out>
</testcase>
<testcase classname="Supervisor Login Check with supervisor credentials -0202" name="Supervisor login - View / approve time off Request" time="36.920935">
<system-out><![CDATA[Given Launch Browser and Open eClock........................................passed
When Enter valid supervisor credentials and click login.....................passed
Then User should be able to login successfully..............................passed
Then Supervisor click on Timecard TimeOff Request...........................passed
When request time off loaded check View details.............................passed
Then Loggedout successfully.................................................passed
]]></system-out>
</testcase>
<testcase classname="Supervisor Login Check with supervisor credentials -0202" name="Validate supervisor Time entry from timecard" time="288.01519">
<failure message="org.openqa.selenium.UnhandledAlertException: unexpected alert open: {Alert text : There was a problem updating 1 or more record(s) due to  time overlaps.}&#10;  (Session info: chrome=84.0.4147.89)&#10;  (Driver info: chromedriver=84.0.4147.30 (48b3e868b4cc0aa7e8149519690b6f6949e110a8-refs/branch-heads/4147@{#310}),platform=Windows NT 10.0.18362 x86_64) (WARNING: The server did not provide any stacktrace information)&#10;Command duration or timeout: 8.30 seconds: null&#10;Build info: version: '2.44.0', revision: '76d78cf323ce037c5f92db6c1bba601c2ac43ad8', time: '2014-10-23 13:11:40'&#10;System info: host: 'PIS076', ip: '192.168.20.24', os.name: 'Windows 10', os.arch: 'amd64', os.version: '10.0', java.version: '1.8.0_251'&#10;Driver info: org.openqa.selenium.chrome.ChromeDriver&#10;Capabilities [{mobileEmulationEnabled=false, timeouts={implicit=0, pageLoad=300000, script=30000}, hasTouchScreen=false, platform=XP, acceptSslCerts=false, goog:chromeOptions={debuggerAddress=localhost:53632}, acceptInsecureCerts=false, webStorageEnabled=true, browserName=chrome, takesScreenshot=true, javascriptEnabled=true, setWindowRect=true, unexpectedAlertBehaviour=ignore, applicationCacheEnabled=false, rotatable=false, networkConnectionEnabled=false, chrome={chromedriverVersion=84.0.4147.30 (48b3e868b4cc0aa7e8149519690b6f6949e110a8-refs/branch-heads/4147@{#310}), userDataDir=C:\Users\schandan\AppData\Local\Temp\scoped_dir10852_1795962031}, takesHeapSnapshot=true, pageLoadStrategy=normal, strictFileInteractability=false, databaseEnabled=false, handlesAlerts=true, version=84.0.4147.89, browserConnectionEnabled=false, proxy={}, nativeEvents=true, locationContextEnabled=true, cssSelectorsEnabled=true, webauthn:virtualAuthenticators=true}]&#10;Session ID: 92bd800b0db149d26eea4acf383fe7d5&#13;&#10;&#9;at sun.reflect.NativeConstructorAccessorImpl.newInstance0(Native Method)&#13;&#10;&#9;at sun.reflect.NativeConstructorAccessorImpl.newInstance(NativeConstructorAccessorImpl.java:62)&#13;&#10;&#9;at sun.reflect.DelegatingConstructorAccessorImpl.newInstance(DelegatingConstructorAccessorImpl.java:45)&#13;&#10;&#9;at java.lang.reflect.Constructor.newInstance(Constructor.java:423)&#13;&#10;&#9;at org.openqa.selenium.remote.ErrorHandler.createThrowable(ErrorHandler.java:204)&#13;&#10;&#9;at org.openqa.selenium.remote.ErrorHandler.throwIfResponseFailed(ErrorHandler.java:162)&#13;&#10;&#9;at org.openqa.selenium.remote.RemoteWebDriver.execute(RemoteWebDriver.java:599)&#13;&#10;&#9;at org.openqa.selenium.remote.RemoteWebDriver$RemoteTargetLocator.defaultContent(RemoteWebDriver.java:889)&#13;&#10;&#9;at stepDef.stepdef.loggedout_successfully(stepdef.java:218)&#13;&#10;&#9;at ✽.Then Loggedout successfully(featurefiles/supervisor.feature:195)&#13;&#10;"><![CDATA[Given Launch Browser and Open eClock........................................passed
When Enter valid supervisor credentials and click login.....................passed
Then User should be able to login successfully..............................passed
Then supervisor click on webclock from side menu............................passed
Then supervisor click on  Timecard Timecard from side menu..................passed
Then employee click on Add New time at main screen..........................passed
Then Loggedout successfully.................................................failed

StackTrace:
org.openqa.selenium.UnhandledAlertException: unexpected alert open: {Alert text : There was a problem updating 1 or more record(s) due to  time overlaps.}
  (Session info: chrome=84.0.4147.89)
  (Driver info: chromedriver=84.0.4147.30 (48b3e868b4cc0aa7e8149519690b6f6949e110a8-refs/branch-heads/4147@{#310}),platform=Windows NT 10.0.18362 x86_64) (WARNING: The server did not provide any stacktrace information)
Command duration or timeout: 8.30 seconds: null
Build info: version: '2.44.0', revision: '76d78cf323ce037c5f92db6c1bba601c2ac43ad8', time: '2014-10-23 13:11:40'
System info: host: 'PIS076', ip: '192.168.20.24', os.name: 'Windows 10', os.arch: 'amd64', os.version: '10.0', java.version: '1.8.0_251'
Driver info: org.openqa.selenium.chrome.ChromeDriver
Capabilities [{mobileEmulationEnabled=false, timeouts={implicit=0, pageLoad=300000, script=30000}, hasTouchScreen=false, platform=XP, acceptSslCerts=false, goog:chromeOptions={debuggerAddress=localhost:53632}, acceptInsecureCerts=false, webStorageEnabled=true, browserName=chrome, takesScreenshot=true, javascriptEnabled=true, setWindowRect=true, unexpectedAlertBehaviour=ignore, applicationCacheEnabled=false, rotatable=false, networkConnectionEnabled=false, chrome={chromedriverVersion=84.0.4147.30 (48b3e868b4cc0aa7e8149519690b6f6949e110a8-refs/branch-heads/4147@{#310}), userDataDir=C:\Users\schandan\AppData\Local\Temp\scoped_dir10852_1795962031}, takesHeapSnapshot=true, pageLoadStrategy=normal, strictFileInteractability=false, databaseEnabled=false, handlesAlerts=true, version=84.0.4147.89, browserConnectionEnabled=false, proxy={}, nativeEvents=true, locationContextEnabled=true, cssSelectorsEnabled=true, webauthn:virtualAuthenticators=true}]
Session ID: 92bd800b0db149d26eea4acf383fe7d5
	at sun.reflect.NativeConstructorAccessorImpl.newInstance0(Native Method)
	at sun.reflect.NativeConstructorAccessorImpl.newInstance(NativeConstructorAccessorImpl.java:62)
	at sun.reflect.DelegatingConstructorAccessorImpl.newInstance(DelegatingConstructorAccessorImpl.java:45)
	at java.lang.reflect.Constructor.newInstance(Constructor.java:423)
	at org.openqa.selenium.remote.ErrorHandler.createThrowable(ErrorHandler.java:204)
	at org.openqa.selenium.remote.ErrorHandler.throwIfResponseFailed(ErrorHandler.java:162)
	at org.openqa.selenium.remote.RemoteWebDriver.execute(RemoteWebDriver.java:599)
	at org.openqa.selenium.remote.RemoteWebDriver$RemoteTargetLocator.defaultContent(RemoteWebDriver.java:889)
	at stepDef.stepdef.loggedout_successfully(stepdef.java:218)
	at ✽.Then Loggedout successfully(featurefiles/supervisor.feature:195)
]]></failure>
</testcase>
<testcase classname="Supervisor Login Check with supervisor credentials -0202" name="Validate supervisor Time entry from project time" time="0.010852">
<failure message="org.openqa.selenium.UnhandledAlertException: unexpected alert open: {Alert text : There was a problem updating 1 or more record(s) due to  time overlaps.}&#10;  (Session info: chrome=84.0.4147.89)&#10;  (Driver info: chromedriver=84.0.4147.30 (48b3e868b4cc0aa7e8149519690b6f6949e110a8-refs/branch-heads/4147@{#310}),platform=Windows NT 10.0.18362 x86_64) (WARNING: The server did not provide any stacktrace information)&#10;Command duration or timeout: 4 milliseconds: null&#10;Build info: version: '2.44.0', revision: '76d78cf323ce037c5f92db6c1bba601c2ac43ad8', time: '2014-10-23 13:11:40'&#10;System info: host: 'PIS076', ip: '192.168.20.24', os.name: 'Windows 10', os.arch: 'amd64', os.version: '10.0', java.version: '1.8.0_251'&#10;Driver info: org.openqa.selenium.chrome.ChromeDriver&#10;Capabilities [{mobileEmulationEnabled=false, timeouts={implicit=0, pageLoad=300000, script=30000}, hasTouchScreen=false, platform=XP, acceptSslCerts=false, goog:chromeOptions={debuggerAddress=localhost:53632}, acceptInsecureCerts=false, webStorageEnabled=true, browserName=chrome, takesScreenshot=true, javascriptEnabled=true, setWindowRect=true, unexpectedAlertBehaviour=ignore, applicationCacheEnabled=false, rotatable=false, networkConnectionEnabled=false, chrome={chromedriverVersion=84.0.4147.30 (48b3e868b4cc0aa7e8149519690b6f6949e110a8-refs/branch-heads/4147@{#310}), userDataDir=C:\Users\schandan\AppData\Local\Temp\scoped_dir10852_1795962031}, takesHeapSnapshot=true, pageLoadStrategy=normal, strictFileInteractability=false, databaseEnabled=false, handlesAlerts=true, version=84.0.4147.89, browserConnectionEnabled=false, proxy={}, nativeEvents=true, locationContextEnabled=true, cssSelectorsEnabled=true, webauthn:virtualAuthenticators=true}]&#10;Session ID: 92bd800b0db149d26eea4acf383fe7d5&#13;&#10;&#9;at sun.reflect.NativeConstructorAccessorImpl.newInstance0(Native Method)&#13;&#10;&#9;at sun.reflect.NativeConstructorAccessorImpl.newInstance(NativeConstructorAccessorImpl.java:62)&#13;&#10;&#9;at sun.reflect.DelegatingConstructorAccessorImpl.newInstance(DelegatingConstructorAccessorImpl.java:45)&#13;&#10;&#9;at java.lang.reflect.Constructor.newInstance(Constructor.java:423)&#13;&#10;&#9;at org.openqa.selenium.remote.ErrorHandler.createThrowable(ErrorHandler.java:204)&#13;&#10;&#9;at org.openqa.selenium.remote.ErrorHandler.throwIfResponseFailed(ErrorHandler.java:162)&#13;&#10;&#9;at org.openqa.selenium.remote.RemoteWebDriver.execute(RemoteWebDriver.java:599)&#13;&#10;&#9;at org.openqa.selenium.remote.RemoteWebDriver$RemoteWebDriverOptions$RemoteWindow.maximize(RemoteWebDriver.java:829)&#13;&#10;&#9;at stepDef.UtilityDriver.inibrowser(UtilityDriver.java:55)&#13;&#10;&#9;at stepDef.Hooks.openBrowser(Hooks.java:27)&#13;&#10;&#9;at sun.reflect.GeneratedMethodAccessor18.invoke(Unknown Source)&#13;&#10;&#9;at sun.reflect.DelegatingMethodAccessorImpl.invoke(DelegatingMethodAccessorImpl.java:43)&#13;&#10;&#9;at java.lang.reflect.Method.invoke(Method.java:498)&#13;&#10;&#9;at cucumber.runtime.Utils$1.call(Utils.java:34)&#13;&#10;&#9;at cucumber.runtime.Timeout.timeout(Timeout.java:13)&#13;&#10;&#9;at cucumber.runtime.Utils.invoke(Utils.java:30)&#13;&#10;&#9;at cucumber.runtime.java.JavaHookDefinition.execute(JavaHookDefinition.java:59)&#13;&#10;&#9;at cucumber.runtime.Runtime.runHookIfTagsMatch(Runtime.java:222)&#13;&#10;&#9;at cucumber.runtime.Runtime.runHooks(Runtime.java:210)&#13;&#10;&#9;at cucumber.runtime.Runtime.runBeforeHooks(Runtime.java:200)&#13;&#10;&#9;at cucumber.runtime.model.CucumberScenario.run(CucumberScenario.java:44)&#13;&#10;&#9;at cucumber.runtime.junit.ExecutionUnitRunner.run(ExecutionUnitRunner.java:91)&#13;&#10;&#9;at cucumber.runtime.junit.FeatureRunner.runChild(FeatureRunner.java:63)&#13;&#10;&#9;at cucumber.runtime.junit.FeatureRunner.runChild(FeatureRunner.java:18)&#13;&#10;&#9;at org.junit.runners.ParentRunner$3.run(ParentRunner.java:238)&#13;&#10;&#9;at org.junit.runners.ParentRunner$1.schedule(ParentRunner.java:63)&#13;&#10;&#9;at org.junit.runners.ParentRunner.runChildren(ParentRunner.java:236)&#13;&#10;&#9;at org.junit.runners.ParentRunner.access$000(ParentRunner.java:53)&#13;&#10;&#9;at org.junit.runners.ParentRunner$2.evaluate(ParentRunner.java:229)&#13;&#10;&#9;at org.junit.runners.ParentRunner.run(ParentRunner.java:309)&#13;&#10;&#9;at cucumber.runtime.junit.FeatureRunner.run(FeatureRunner.java:70)&#13;&#10;&#9;at cucumber.api.junit.Cucumber.runChild(Cucumber.java:93)&#13;&#10;&#9;at cucumber.api.junit.Cucumber.runChild(Cucumber.java:37)&#13;&#10;&#9;at org.junit.runners.ParentRunner$3.run(ParentRunner.java:238)&#13;&#10;&#9;at org.junit.runners.ParentRunner$1.schedule(ParentRunner.java:63)&#13;&#10;&#9;at org.junit.runners.ParentRunner.runChildren(ParentRunner.java:236)&#13;&#10;&#9;at org.junit.runners.ParentRunner.access$000(ParentRunner.java:53)&#13;&#10;&#9;at org.junit.runners.ParentRunner$2.evaluate(ParentRunner.java:229)&#13;&#10;&#9;at org.junit.runners.ParentRunner.run(ParentRunner.java:309)&#13;&#10;&#9;at cucumber.api.junit.Cucumber.run(Cucumber.java:98)&#13;&#10;&#9;at org.junit.runners.Suite.runChild(Suite.java:127)&#13;&#10;&#9;at org.junit.runners.Suite.runChild(Suite.java:26)&#13;&#10;&#9;at org.junit.runners.ParentRunner$3.run(ParentRunner.java:238)&#13;&#10;&#9;at org.junit.runners.ParentRunner$1.schedule(ParentRunner.java:63)&#13;&#10;&#9;at org.junit.runners.ParentRunner.runChildren(ParentRunner.java:236)&#13;&#10;&#9;at org.junit.runners.ParentRunner.access$000(ParentRunner.java:53)&#13;&#10;&#9;at org.junit.runners.ParentRunner$2.evaluate(ParentRunner.java:229)&#13;&#10;&#9;at org.junit.runners.ParentRunner.run(ParentRunner.java:309)&#13;&#10;&#9;at org.junit.runner.JUnitCore.run(JUnitCore.java:160)&#13;&#10;&#9;at org.junit.runner.JUnitCore.run(JUnitCore.java:138)&#13;&#10;&#9;at org.apache.maven.surefire.junitcore.JUnitCoreWrapper.createRequestAndRun(JUnitCoreWrapper.java:107)&#13;&#10;&#9;at org.apache.maven.surefire.junitcore.JUnitCoreWrapper.executeEager(JUnitCoreWrapper.java:77)&#13;&#10;&#9;at org.apache.maven.surefire.junitcore.JUnitCoreWrapper.execute(JUnitCoreWrapper.java:53)&#13;&#10;&#9;at org.apache.maven.surefire.junitcore.JUnitCoreProvider.invoke(JUnitCoreProvider.java:144)&#13;&#10;&#9;at org.apache.maven.surefire.booter.ForkedBooter.invokeProviderInSameClassLoader(ForkedBooter.java:203)&#13;&#10;&#9;at org.apache.maven.surefire.booter.ForkedBooter.runSuitesInProcess(ForkedBooter.java:155)&#13;&#10;&#9;at org.apache.maven.surefire.booter.ForkedBooter.main(ForkedBooter.java:103)&#13;&#10;"><![CDATA[Given Launch Browser and Open eClock........................................skipped
When Enter valid supervisor credentials and click login.....................skipped
Then User should be able to login successfully..............................skipped
Then supervisor click on webclock from side menu............................skipped
Then Loggedout successfully.................................................skipped

StackTrace:
org.openqa.selenium.UnhandledAlertException: unexpected alert open: {Alert text : There was a problem updating 1 or more record(s) due to  time overlaps.}
  (Session info: chrome=84.0.4147.89)
  (Driver info: chromedriver=84.0.4147.30 (48b3e868b4cc0aa7e8149519690b6f6949e110a8-refs/branch-heads/4147@{#310}),platform=Windows NT 10.0.18362 x86_64) (WARNING: The server did not provide any stacktrace information)
Command duration or timeout: 4 milliseconds: null
Build info: version: '2.44.0', revision: '76d78cf323ce037c5f92db6c1bba601c2ac43ad8', time: '2014-10-23 13:11:40'
System info: host: 'PIS076', ip: '192.168.20.24', os.name: 'Windows 10', os.arch: 'amd64', os.version: '10.0', java.version: '1.8.0_251'
Driver info: org.openqa.selenium.chrome.ChromeDriver
Capabilities [{mobileEmulationEnabled=false, timeouts={implicit=0, pageLoad=300000, script=30000}, hasTouchScreen=false, platform=XP, acceptSslCerts=false, goog:chromeOptions={debuggerAddress=localhost:53632}, acceptInsecureCerts=false, webStorageEnabled=true, browserName=chrome, takesScreenshot=true, javascriptEnabled=true, setWindowRect=true, unexpectedAlertBehaviour=ignore, applicationCacheEnabled=false, rotatable=false, networkConnectionEnabled=false, chrome={chromedriverVersion=84.0.4147.30 (48b3e868b4cc0aa7e8149519690b6f6949e110a8-refs/branch-heads/4147@{#310}), userDataDir=C:\Users\schandan\AppData\Local\Temp\scoped_dir10852_1795962031}, takesHeapSnapshot=true, pageLoadStrategy=normal, strictFileInteractability=false, databaseEnabled=false, handlesAlerts=true, version=84.0.4147.89, browserConnectionEnabled=false, proxy={}, nativeEvents=true, locationContextEnabled=true, cssSelectorsEnabled=true, webauthn:virtualAuthenticators=true}]
Session ID: 92bd800b0db149d26eea4acf383fe7d5
	at sun.reflect.NativeConstructorAccessorImpl.newInstance0(Native Method)
	at sun.reflect.NativeConstructorAccessorImpl.newInstance(NativeConstructorAccessorImpl.java:62)
	at sun.reflect.DelegatingConstructorAccessorImpl.newInstance(DelegatingConstructorAccessorImpl.java:45)
	at java.lang.reflect.Constructor.newInstance(Constructor.java:423)
	at org.openqa.selenium.remote.ErrorHandler.createThrowable(ErrorHandler.java:204)
	at org.openqa.selenium.remote.ErrorHandler.throwIfResponseFailed(ErrorHandler.java:162)
	at org.openqa.selenium.remote.RemoteWebDriver.execute(RemoteWebDriver.java:599)
	at org.openqa.selenium.remote.RemoteWebDriver$RemoteWebDriverOptions$RemoteWindow.maximize(RemoteWebDriver.java:829)
	at stepDef.UtilityDriver.inibrowser(UtilityDriver.java:55)
	at stepDef.Hooks.openBrowser(Hooks.java:27)
	at sun.reflect.GeneratedMethodAccessor18.invoke(Unknown Source)
	at sun.reflect.DelegatingMethodAccessorImpl.invoke(DelegatingMethodAccessorImpl.java:43)
	at java.lang.reflect.Method.invoke(Method.java:498)
	at cucumber.runtime.Utils$1.call(Utils.java:34)
	at cucumber.runtime.Timeout.timeout(Timeout.java:13)
	at cucumber.runtime.Utils.invoke(Utils.java:30)
	at cucumber.runtime.java.JavaHookDefinition.execute(JavaHookDefinition.java:59)
	at cucumber.runtime.Runtime.runHookIfTagsMatch(Runtime.java:222)
	at cucumber.runtime.Runtime.runHooks(Runtime.java:210)
	at cucumber.runtime.Runtime.runBeforeHooks(Runtime.java:200)
	at cucumber.runtime.model.CucumberScenario.run(CucumberScenario.java:44)
	at cucumber.runtime.junit.ExecutionUnitRunner.run(ExecutionUnitRunner.java:91)
	at cucumber.runtime.junit.FeatureRunner.runChild(FeatureRunner.java:63)
	at cucumber.runtime.junit.FeatureRunner.runChild(FeatureRunner.java:18)
	at org.junit.runners.ParentRunner$3.run(ParentRunner.java:238)
	at org.junit.runners.ParentRunner$1.schedule(ParentRunner.java:63)
	at org.junit.runners.ParentRunner.runChildren(ParentRunner.java:236)
	at org.junit.runners.ParentRunner.access$000(ParentRunner.java:53)
	at org.junit.runners.ParentRunner$2.evaluate(ParentRunner.java:229)
	at org.junit.runners.ParentRunner.run(ParentRunner.java:309)
	at cucumber.runtime.junit.FeatureRunner.run(FeatureRunner.java:70)
	at cucumber.api.junit.Cucumber.runChild(Cucumber.java:93)
	at cucumber.api.junit.Cucumber.runChild(Cucumber.java:37)
	at org.junit.runners.ParentRunner$3.run(ParentRunner.java:238)
	at org.junit.runners.ParentRunner$1.schedule(ParentRunner.java:63)
	at org.junit.runners.ParentRunner.runChildren(ParentRunner.java:236)
	at org.junit.runners.ParentRunner.access$000(ParentRunner.java:53)
	at org.junit.runners.ParentRunner$2.evaluate(ParentRunner.java:229)
	at org.junit.runners.ParentRunner.run(ParentRunner.java:309)
	at cucumber.api.junit.Cucumber.run(Cucumber.java:98)
	at org.junit.runners.Suite.runChild(Suite.java:127)
	at org.junit.runners.Suite.runChild(Suite.java:26)
	at org.junit.runners.ParentRunner$3.run(ParentRunner.java:238)
	at org.junit.runners.ParentRunner$1.schedule(ParentRunner.java:63)
	at org.junit.runners.ParentRunner.runChildren(ParentRunner.java:236)
	at org.junit.runners.ParentRunner.access$000(ParentRunner.java:53)
	at org.junit.runners.ParentRunner$2.evaluate(ParentRunner.java:229)
	at org.junit.runners.ParentRunner.run(ParentRunner.java:309)
	at org.junit.runner.JUnitCore.run(JUnitCore.java:160)
	at org.junit.runner.JUnitCore.run(JUnitCore.java:138)
	at org.apache.maven.surefire.junitcore.JUnitCoreWrapper.createRequestAndRun(JUnitCoreWrapper.java:107)
	at org.apache.maven.surefire.junitcore.JUnitCoreWrapper.executeEager(JUnitCoreWrapper.java:77)
	at org.apache.maven.surefire.junitcore.JUnitCoreWrapper.execute(JUnitCoreWrapper.java:53)
	at org.apache.maven.surefire.junitcore.JUnitCoreProvider.invoke(JUnitCoreProvider.java:144)
	at org.apache.maven.surefire.booter.ForkedBooter.invokeProviderInSameClassLoader(ForkedBooter.java:203)
	at org.apache.maven.surefire.booter.ForkedBooter.runSuitesInProcess(ForkedBooter.java:155)
	at org.apache.maven.surefire.booter.ForkedBooter.main(ForkedBooter.java:103)
]]></failure>
</testcase>
<testcase classname="Supervisor Login Check with supervisor credentials -0202" name="Supervisor View schedule for employees/Team members" time="0.006522">
<failure message="org.openqa.selenium.UnhandledAlertException: unexpected alert open: {Alert text : There was a problem updating 1 or more record(s) due to  time overlaps.}&#10;  (Session info: chrome=84.0.4147.89)&#10;  (Driver info: chromedriver=84.0.4147.30 (48b3e868b4cc0aa7e8149519690b6f6949e110a8-refs/branch-heads/4147@{#310}),platform=Windows NT 10.0.18362 x86_64) (WARNING: The server did not provide any stacktrace information)&#10;Command duration or timeout: 2 milliseconds: null&#10;Build info: version: '2.44.0', revision: '76d78cf323ce037c5f92db6c1bba601c2ac43ad8', time: '2014-10-23 13:11:40'&#10;System info: host: 'PIS076', ip: '192.168.20.24', os.name: 'Windows 10', os.arch: 'amd64', os.version: '10.0', java.version: '1.8.0_251'&#10;Driver info: org.openqa.selenium.chrome.ChromeDriver&#10;Capabilities [{mobileEmulationEnabled=false, timeouts={implicit=0, pageLoad=300000, script=30000}, hasTouchScreen=false, platform=XP, acceptSslCerts=false, goog:chromeOptions={debuggerAddress=localhost:53632}, acceptInsecureCerts=false, webStorageEnabled=true, browserName=chrome, takesScreenshot=true, javascriptEnabled=true, setWindowRect=true, unexpectedAlertBehaviour=ignore, applicationCacheEnabled=false, rotatable=false, networkConnectionEnabled=false, chrome={chromedriverVersion=84.0.4147.30 (48b3e868b4cc0aa7e8149519690b6f6949e110a8-refs/branch-heads/4147@{#310}), userDataDir=C:\Users\schandan\AppData\Local\Temp\scoped_dir10852_1795962031}, takesHeapSnapshot=true, pageLoadStrategy=normal, strictFileInteractability=false, databaseEnabled=false, handlesAlerts=true, version=84.0.4147.89, browserConnectionEnabled=false, proxy={}, nativeEvents=true, locationContextEnabled=true, cssSelectorsEnabled=true, webauthn:virtualAuthenticators=true}]&#10;Session ID: 92bd800b0db149d26eea4acf383fe7d5&#13;&#10;&#9;at sun.reflect.NativeConstructorAccessorImpl.newInstance0(Native Method)&#13;&#10;&#9;at sun.reflect.NativeConstructorAccessorImpl.newInstance(NativeConstructorAccessorImpl.java:62)&#13;&#10;&#9;at sun.reflect.DelegatingConstructorAccessorImpl.newInstance(DelegatingConstructorAccessorImpl.java:45)&#13;&#10;&#9;at java.lang.reflect.Constructor.newInstance(Constructor.java:423)&#13;&#10;&#9;at org.openqa.selenium.remote.ErrorHandler.createThrowable(ErrorHandler.java:204)&#13;&#10;&#9;at org.openqa.selenium.remote.ErrorHandler.throwIfResponseFailed(ErrorHandler.java:162)&#13;&#10;&#9;at org.openqa.selenium.remote.RemoteWebDriver.execute(RemoteWebDriver.java:599)&#13;&#10;&#9;at org.openqa.selenium.remote.RemoteWebDriver$RemoteWebDriverOptions$RemoteWindow.maximize(RemoteWebDriver.java:829)&#13;&#10;&#9;at stepDef.UtilityDriver.inibrowser(UtilityDriver.java:55)&#13;&#10;&#9;at stepDef.Hooks.openBrowser(Hooks.java:27)&#13;&#10;&#9;at sun.reflect.GeneratedMethodAccessor18.invoke(Unknown Source)&#13;&#10;&#9;at sun.reflect.DelegatingMethodAccessorImpl.invoke(DelegatingMethodAccessorImpl.java:43)&#13;&#10;&#9;at java.lang.reflect.Method.invoke(Method.java:498)&#13;&#10;&#9;at cucumber.runtime.Utils$1.call(Utils.java:34)&#13;&#10;&#9;at cucumber.runtime.Timeout.timeout(Timeout.java:13)&#13;&#10;&#9;at cucumber.runtime.Utils.invoke(Utils.java:30)&#13;&#10;&#9;at cucumber.runtime.java.JavaHookDefinition.execute(JavaHookDefinition.java:59)&#13;&#10;&#9;at cucumber.runtime.Runtime.runHookIfTagsMatch(Runtime.java:222)&#13;&#10;&#9;at cucumber.runtime.Runtime.runHooks(Runtime.java:210)&#13;&#10;&#9;at cucumber.runtime.Runtime.runBeforeHooks(Runtime.java:200)&#13;&#10;&#9;at cucumber.runtime.model.CucumberScenario.run(CucumberScenario.java:44)&#13;&#10;&#9;at cucumber.runtime.junit.ExecutionUnitRunner.run(ExecutionUnitRunner.java:91)&#13;&#10;&#9;at cucumber.runtime.junit.FeatureRunner.runChild(FeatureRunner.java:63)&#13;&#10;&#9;at cucumber.runtime.junit.FeatureRunner.runChild(FeatureRunner.java:18)&#13;&#10;&#9;at org.junit.runners.ParentRunner$3.run(ParentRunner.java:238)&#13;&#10;&#9;at org.junit.runners.ParentRunner$1.schedule(ParentRunner.java:63)&#13;&#10;&#9;at org.junit.runners.ParentRunner.runChildren(ParentRunner.java:236)&#13;&#10;&#9;at org.junit.runners.ParentRunner.access$000(ParentRunner.java:53)&#13;&#10;&#9;at org.junit.runners.ParentRunner$2.evaluate(ParentRunner.java:229)&#13;&#10;&#9;at org.junit.runners.ParentRunner.run(ParentRunner.java:309)&#13;&#10;&#9;at cucumber.runtime.junit.FeatureRunner.run(FeatureRunner.java:70)&#13;&#10;&#9;at cucumber.api.junit.Cucumber.runChild(Cucumber.java:93)&#13;&#10;&#9;at cucumber.api.junit.Cucumber.runChild(Cucumber.java:37)&#13;&#10;&#9;at org.junit.runners.ParentRunner$3.run(ParentRunner.java:238)&#13;&#10;&#9;at org.junit.runners.ParentRunner$1.schedule(ParentRunner.java:63)&#13;&#10;&#9;at org.junit.runners.ParentRunner.runChildren(ParentRunner.java:236)&#13;&#10;&#9;at org.junit.runners.ParentRunner.access$000(ParentRunner.java:53)&#13;&#10;&#9;at org.junit.runners.ParentRunner$2.evaluate(ParentRunner.java:229)&#13;&#10;&#9;at org.junit.runners.ParentRunner.run(ParentRunner.java:309)&#13;&#10;&#9;at cucumber.api.junit.Cucumber.run(Cucumber.java:98)&#13;&#10;&#9;at org.junit.runners.Suite.runChild(Suite.java:127)&#13;&#10;&#9;at org.junit.runners.Suite.runChild(Suite.java:26)&#13;&#10;&#9;at org.junit.runners.ParentRunner$3.run(ParentRunner.java:238)&#13;&#10;&#9;at org.junit.runners.ParentRunner$1.schedule(ParentRunner.java:63)&#13;&#10;&#9;at org.junit.runners.ParentRunner.runChildren(ParentRunner.java:236)&#13;&#10;&#9;at org.junit.runners.ParentRunner.access$000(ParentRunner.java:53)&#13;&#10;&#9;at org.junit.runners.ParentRunner$2.evaluate(ParentRunner.java:229)&#13;&#10;&#9;at org.junit.runners.ParentRunner.run(ParentRunner.java:309)&#13;&#10;&#9;at org.junit.runner.JUnitCore.run(JUnitCore.java:160)&#13;&#10;&#9;at org.junit.runner.JUnitCore.run(JUnitCore.java:138)&#13;&#10;&#9;at org.apache.maven.surefire.junitcore.JUnitCoreWrapper.createRequestAndRun(JUnitCoreWrapper.java:107)&#13;&#10;&#9;at org.apache.maven.surefire.junitcore.JUnitCoreWrapper.executeEager(JUnitCoreWrapper.java:77)&#13;&#10;&#9;at org.apache.maven.surefire.junitcore.JUnitCoreWrapper.execute(JUnitCoreWrapper.java:53)&#13;&#10;&#9;at org.apache.maven.surefire.junitcore.JUnitCoreProvider.invoke(JUnitCoreProvider.java:144)&#13;&#10;&#9;at org.apache.maven.surefire.booter.ForkedBooter.invokeProviderInSameClassLoader(ForkedBooter.java:203)&#13;&#10;&#9;at org.apache.maven.surefire.booter.ForkedBooter.runSuitesInProcess(ForkedBooter.java:155)&#13;&#10;&#9;at org.apache.maven.surefire.booter.ForkedBooter.main(ForkedBooter.java:103)&#13;&#10;"><![CDATA[Given Launch Browser and Open eClock........................................skipped
When Enter valid supervisor credentials and click login.....................skipped
Then User should be able to login successfully..............................skipped
Then supervisor click on schedule weekly schedule from side menu............skipped
Then supervisor click on schedule Default from side menu....................skipped
Then Loggedout successfully.................................................skipped

StackTrace:
org.openqa.selenium.UnhandledAlertException: unexpected alert open: {Alert text : There was a problem updating 1 or more record(s) due to  time overlaps.}
  (Session info: chrome=84.0.4147.89)
  (Driver info: chromedriver=84.0.4147.30 (48b3e868b4cc0aa7e8149519690b6f6949e110a8-refs/branch-heads/4147@{#310}),platform=Windows NT 10.0.18362 x86_64) (WARNING: The server did not provide any stacktrace information)
Command duration or timeout: 2 milliseconds: null
Build info: version: '2.44.0', revision: '76d78cf323ce037c5f92db6c1bba601c2ac43ad8', time: '2014-10-23 13:11:40'
System info: host: 'PIS076', ip: '192.168.20.24', os.name: 'Windows 10', os.arch: 'amd64', os.version: '10.0', java.version: '1.8.0_251'
Driver info: org.openqa.selenium.chrome.ChromeDriver
Capabilities [{mobileEmulationEnabled=false, timeouts={implicit=0, pageLoad=300000, script=30000}, hasTouchScreen=false, platform=XP, acceptSslCerts=false, goog:chromeOptions={debuggerAddress=localhost:53632}, acceptInsecureCerts=false, webStorageEnabled=true, browserName=chrome, takesScreenshot=true, javascriptEnabled=true, setWindowRect=true, unexpectedAlertBehaviour=ignore, applicationCacheEnabled=false, rotatable=false, networkConnectionEnabled=false, chrome={chromedriverVersion=84.0.4147.30 (48b3e868b4cc0aa7e8149519690b6f6949e110a8-refs/branch-heads/4147@{#310}), userDataDir=C:\Users\schandan\AppData\Local\Temp\scoped_dir10852_1795962031}, takesHeapSnapshot=true, pageLoadStrategy=normal, strictFileInteractability=false, databaseEnabled=false, handlesAlerts=true, version=84.0.4147.89, browserConnectionEnabled=false, proxy={}, nativeEvents=true, locationContextEnabled=true, cssSelectorsEnabled=true, webauthn:virtualAuthenticators=true}]
Session ID: 92bd800b0db149d26eea4acf383fe7d5
	at sun.reflect.NativeConstructorAccessorImpl.newInstance0(Native Method)
	at sun.reflect.NativeConstructorAccessorImpl.newInstance(NativeConstructorAccessorImpl.java:62)
	at sun.reflect.DelegatingConstructorAccessorImpl.newInstance(DelegatingConstructorAccessorImpl.java:45)
	at java.lang.reflect.Constructor.newInstance(Constructor.java:423)
	at org.openqa.selenium.remote.ErrorHandler.createThrowable(ErrorHandler.java:204)
	at org.openqa.selenium.remote.ErrorHandler.throwIfResponseFailed(ErrorHandler.java:162)
	at org.openqa.selenium.remote.RemoteWebDriver.execute(RemoteWebDriver.java:599)
	at org.openqa.selenium.remote.RemoteWebDriver$RemoteWebDriverOptions$RemoteWindow.maximize(RemoteWebDriver.java:829)
	at stepDef.UtilityDriver.inibrowser(UtilityDriver.java:55)
	at stepDef.Hooks.openBrowser(Hooks.java:27)
	at sun.reflect.GeneratedMethodAccessor18.invoke(Unknown Source)
	at sun.reflect.DelegatingMethodAccessorImpl.invoke(DelegatingMethodAccessorImpl.java:43)
	at java.lang.reflect.Method.invoke(Method.java:498)
	at cucumber.runtime.Utils$1.call(Utils.java:34)
	at cucumber.runtime.Timeout.timeout(Timeout.java:13)
	at cucumber.runtime.Utils.invoke(Utils.java:30)
	at cucumber.runtime.java.JavaHookDefinition.execute(JavaHookDefinition.java:59)
	at cucumber.runtime.Runtime.runHookIfTagsMatch(Runtime.java:222)
	at cucumber.runtime.Runtime.runHooks(Runtime.java:210)
	at cucumber.runtime.Runtime.runBeforeHooks(Runtime.java:200)
	at cucumber.runtime.model.CucumberScenario.run(CucumberScenario.java:44)
	at cucumber.runtime.junit.ExecutionUnitRunner.run(ExecutionUnitRunner.java:91)
	at cucumber.runtime.junit.FeatureRunner.runChild(FeatureRunner.java:63)
	at cucumber.runtime.junit.FeatureRunner.runChild(FeatureRunner.java:18)
	at org.junit.runners.ParentRunner$3.run(ParentRunner.java:238)
	at org.junit.runners.ParentRunner$1.schedule(ParentRunner.java:63)
	at org.junit.runners.ParentRunner.runChildren(ParentRunner.java:236)
	at org.junit.runners.ParentRunner.access$000(ParentRunner.java:53)
	at org.junit.runners.ParentRunner$2.evaluate(ParentRunner.java:229)
	at org.junit.runners.ParentRunner.run(ParentRunner.java:309)
[...]
When enter valid Employee credentials at webclock...........................skipped
Then check  POS Transfer....................................................skipped

StackTrace:
org.openqa.selenium.UnhandledAlertException: unexpected alert open: {Alert text : There was a problem updating 1 or more record(s) due to  time overlaps.}
  (Session info: chrome=84.0.4147.89)
  (Driver info: chromedriver=84.0.4147.30 (48b3e868b4cc0aa7e8149519690b6f6949e110a8-refs/branch-heads/4147@{#310}),platform=Windows NT 10.0.18362 x86_64) (WARNING: The server did not provide any stacktrace information)
Command duration or timeout: 3 milliseconds: null
Build info: version: '2.44.0', revision: '76d78cf323ce037c5f92db6c1bba601c2ac43ad8', time: '2014-10-23 13:11:40'
System info: host: 'PIS076', ip: '192.168.20.24', os.name: 'Windows 10', os.arch: 'amd64', os.version: '10.0', java.version: '1.8.0_251'
Driver info: org.openqa.selenium.chrome.ChromeDriver
Capabilities [{mobileEmulationEnabled=false, timeouts={implicit=0, pageLoad=300000, script=30000}, hasTouchScreen=false, platform=XP, acceptSslCerts=false, goog:chromeOptions={debuggerAddress=localhost:53632}, acceptInsecureCerts=false, webStorageEnabled=true, browserName=chrome, takesScreenshot=true, javascriptEnabled=true, setWindowRect=true, unexpectedAlertBehaviour=ignore, applicationCacheEnabled=false, rotatable=false, networkConnectionEnabled=false, chrome={chromedriverVersion=84.0.4147.30 (48b3e868b4cc0aa7e8149519690b6f6949e110a8-refs/branch-heads/4147@{#310}), userDataDir=C:\Users\schandan\AppData\Local\Temp\scoped_dir10852_1795962031}, takesHeapSnapshot=true, pageLoadStrategy=normal, strictFileInteractability=false, databaseEnabled=false, handlesAlerts=true, version=84.0.4147.89, browserConnectionEnabled=false, proxy={}, nativeEvents=true, locationContextEnabled=true, cssSelectorsEnabled=true, webauthn:virtualAuthenticators=true}]
Session ID: 92bd800b0db149d26eea4acf383fe7d5
	at sun.reflect.GeneratedConstructorAccessor18.newInstance(Unknown Source)
	at sun.reflect.DelegatingConstructorAccessorImpl.newInstance(DelegatingConstructorAccessorImpl.java:45)
	at java.lang.reflect.Constructor.newInstance(Constructor.java:423)
	at org.openqa.selenium.remote.ErrorHandler.createThrowable(ErrorHandler.java:204)
	at org.openqa.selenium.remote.ErrorHandler.throwIfResponseFailed(ErrorHandler.java:162)
	at org.openqa.selenium.remote.RemoteWebDriver.execute(RemoteWebDriver.java:599)
	at org.openqa.selenium.remote.RemoteWebDriver$RemoteWebDriverOptions$RemoteWindow.maximize(RemoteWebDriver.java:829)
	at stepDef.UtilityDriver.inibrowser(UtilityDriver.java:55)
	at stepDef.Hooks.openBrowser(Hooks.java:27)
	at sun.reflect.GeneratedMethodAccessor18.invoke(Unknown Source)
	at sun.reflect.DelegatingMethodAccessorImpl.invoke(DelegatingMethodAccessorImpl.java:43)
	at java.lang.reflect.Method.invoke(Method.java:498)
	at cucumber.runtime.Utils$1.call(Utils.java:34)
	at cucumber.runtime.Timeout.timeout(Timeout.java:13)
	at cucumber.runtime.Utils.invoke(Utils.java:30)
	at cucumber.runtime.java.JavaHookDefinition.execute(JavaHookDefinition.java:59)
	at cucumber.runtime.Runtime.runHookIfTagsMatch(Runtime.java:222)
	at cucumber.runtime.Runtime.runHooks(Runtime.java:210)
	at cucumber.runtime.Runtime.runBeforeHooks(Runtime.java:200)
	at cucumber.runtime.model.CucumberScenario.run(CucumberScenario.java:44)
	at cucumber.runtime.junit.ExecutionUnitRunner.run(ExecutionUnitRunner.java:91)
	at cucumber.runtime.junit.FeatureRunner.runChild(FeatureRunner.java:63)
	at cucumber.runtime.junit.FeatureRunner.runChild(FeatureRunner.java:18)
	at org.junit.runners.ParentRunner$3.run(ParentRunner.java:238)
	at org.junit.runners.ParentRunner$1.schedule(ParentRunner.java:63)
	at org.junit.runners.ParentRunner.runChildren(ParentRunner.java:236)
	at org.junit.runners.ParentRunner.access$000(ParentRunner.java:53)
	at org.junit.runners.ParentRunner$2.evaluate(ParentRunner.java:229)
	at org.junit.runners.ParentRunner.run(ParentRunner.java:309)
	at cucumber.runtime.junit.FeatureRunner.run(FeatureRunner.java:70)
	at cucumber.api.junit.Cucumber.runChild(Cucumber.java:93)
	at cucumber.api.junit.Cucumber.runChild(Cucumber.java:37)
	at org.junit.runners.ParentRunner$3.run(ParentRunner.java:238)
	at org.junit.runners.ParentRunner$1.schedule(ParentRunner.java:63)
	at org.junit.runners.ParentRunner.runChildren(ParentRunner.java:236)
	at org.junit.runners.ParentRunner.access$000(ParentRunner.java:53)
	at org.junit.runners.ParentRunner$2.evaluate(ParentRunner.java:229)
	at org.junit.runners.ParentRunner.run(ParentRunner.java:309)
	at cucumber.api.junit.Cucumber.run(Cucumber.java:98)
	at org.junit.runners.Suite.runChild(Suite.java:127)
	at org.junit.runners.Suite.runChild(Suite.java:26)
	at org.junit.runners.ParentRunner$3.run(ParentRunner.java:238)
	at org.junit.runners.ParentRunner$1.schedule(ParentRunner.java:63)
	at org.junit.runners.ParentRunner.runChildren(ParentRunner.java:236)
	at org.junit.runners.ParentRunner.access$000(ParentRunner.java:53)
	at org.junit.runners.ParentRunner$2.evaluate(ParentRunner.java:229)
	at org.junit.runners.ParentRunner.run(ParentRunner.java:309)
	at org.junit.runner.JUnitCore.run(JUnitCore.java:160)
	at org.junit.runner.JUnitCore.run(JUnitCore.java:138)
	at org.apache.maven.surefire.junitcore.JUnitCoreWrapper.createRequestAndRun(JUnitCoreWrapper.java:107)
	at org.apache.maven.surefire.junitcore.JUnitCoreWrapper.executeEager(JUnitCoreWrapper.java:77)
	at org.apache.maven.surefire.junitcore.JUnitCoreWrapper.execute(JUnitCoreWrapper.java:53)
	at org.apache.maven.surefire.junitcore.JUnitCoreProvider.invoke(JUnitCoreProvider.java:144)
	at org.apache.maven.surefire.booter.ForkedBooter.invokeProviderInSameClassLoader(ForkedBooter.java:203)
	at org.apache.maven.surefire.booter.ForkedBooter.runSuitesInProcess(ForkedBooter.java:155)
	at org.apache.maven.surefire.booter.ForkedBooter.main(ForkedBooter.java:103)
]]></failure>
</testcase>
<testcase classname="WebClock features check" name="Webclcok Employee Punchout" time="0.008233">
<failure message="org.openqa.selenium.UnhandledAlertException: unexpected alert open: {Alert text : There was a problem updating 1 or more record(s) due to  time overlaps.}&#10;  (Session info: chrome=84.0.4147.89)&#10;  (Driver info: chromedriver=84.0.4147.30 (48b3e868b4cc0aa7e8149519690b6f6949e110a8-refs/branch-heads/4147@{#310}),platform=Windows NT 10.0.18362 x86_64) (WARNING: The server did not provide any stacktrace information)&#10;Command duration or timeout: 3 milliseconds: null&#10;Build info: version: '2.44.0', revision: '76d78cf323ce037c5f92db6c1bba601c2ac43ad8', time: '2014-10-23 13:11:40'&#10;System info: host: 'PIS076', ip: '192.168.20.24', os.name: 'Windows 10', os.arch: 'amd64', os.version: '10.0', java.version: '1.8.0_251'&#10;Driver info: org.openqa.selenium.chrome.ChromeDriver&#10;Capabilities [{mobileEmulationEnabled=false, timeouts={implicit=0, pageLoad=300000, script=30000}, hasTouchScreen=false, platform=XP, acceptSslCerts=false, goog:chromeOptions={debuggerAddress=localhost:53632}, acceptInsecureCerts=false, webStorageEnabled=true, browserName=chrome, takesScreenshot=true, javascriptEnabled=true, setWindowRect=true, unexpectedAlertBehaviour=ignore, applicationCacheEnabled=false, rotatable=false, networkConnectionEnabled=false, chrome={chromedriverVersion=84.0.4147.30 (48b3e868b4cc0aa7e8149519690b6f6949e110a8-refs/branch-heads/4147@{#310}), userDataDir=C:\Users\schandan\AppData\Local\Temp\scoped_dir10852_1795962031}, takesHeapSnapshot=true, pageLoadStrategy=normal, strictFileInteractability=false, databaseEnabled=false, handlesAlerts=true, version=84.0.4147.89, browserConnectionEnabled=false, proxy={}, nativeEvents=true, locationContextEnabled=true, cssSelectorsEnabled=true, webauthn:virtualAuthenticators=true}]&#10;Session ID: 92bd800b0db149d26eea4acf383fe7d5&#13;&#10;&#9;at sun.reflect.GeneratedConstructorAccessor18.newInstance(Unknown Source)&#13;&#10;&#9;at sun.reflect.DelegatingConstructorAccessorImpl.newInstance(DelegatingConstructorAccessorImpl.java:45)&#13;&#10;&#9;at java.lang.reflect.Constructor.newInstance(Constructor.java:423)&#13;&#10;&#9;at org.openqa.selenium.remote.ErrorHandler.createThrowable(ErrorHandler.java:204)&#13;&#10;&#9;at org.openqa.selenium.remote.ErrorHandler.throwIfResponseFailed(ErrorHandler.java:162)&#13;&#10;&#9;at org.openqa.selenium.remote.RemoteWebDriver.execute(RemoteWebDriver.java:599)&#13;&#10;&#9;at org.openqa.selenium.remote.RemoteWebDriver$RemoteWebDriverOptions$RemoteWindow.maximize(RemoteWebDriver.java:829)&#13;&#10;&#9;at stepDef.UtilityDriver.inibrowser(UtilityDriver.java:55)&#13;&#10;&#9;at stepDef.Hooks.openBrowser(Hooks.java:27)&#13;&#10;&#9;at sun.reflect.GeneratedMethodAccessor18.invoke(Unknown Source)&#13;&#10;&#9;at sun.reflect.DelegatingMethodAccessorImpl.invoke(DelegatingMethodAccessorImpl.java:43)&#13;&#10;&#9;at java.lang.reflect.Method.invoke(Method.java:498)&#13;&#10;&#9;at cucumber.runtime.Utils$1.call(Utils.java:34)&#13;&#10;&#9;at cucumber.runtime.Timeout.timeout(Timeout.java:13)&#13;&#10;&#9;at cucumber.runtime.Utils.invoke(Utils.java:30)&#13;&#10;&#9;at cucumber.runtime.java.JavaHookDefinition.execute(JavaHookDefinition.java:59)&#13;&#10;&#9;at cucumber.runtime.Runtime.runHookIfTagsMatch(Runtime.java:222)&#13;&#10;&#9;at cucumber.runtime.Runtime.runHooks(Runtime.java:210)&#13;&#10;&#9;at cucumber.runtime.Runtime.runBeforeHooks(Runtime.java:200)&#13;&#10;&#9;at cucumber.runtime.model.CucumberScenario.run(CucumberScenario.java:44)&#13;&#10;&#9;at cucumber.runtime.junit.ExecutionUnitRunner.run(ExecutionUnitRunner.java:91)&#13;&#10;&#9;at cucumber.runtime.junit.FeatureRunner.runChild(FeatureRunner.java:63)&#13;&#10;&#9;at cucumber.runtime.junit.FeatureRunner.runChild(FeatureRunner.java:18)&#13;&#10;&#9;at org.junit.runners.ParentRunner$3.run(ParentRunner.java:238)&#13;&#10;&#9;at org.junit.runners.ParentRunner$1.schedule(ParentRunner.java:63)&#13;&#10;&#9;at org.junit.runners.ParentRunner.runChildren(ParentRunner.java:236)&#13;&#10;&#9;at org.junit.runners.ParentRunner.access$000(ParentRunner.java:53)&#13;&#10;&#9;at org.junit.runners.ParentRunner$2.evaluate(ParentRunner.java:229)&#13;&#10;&#9;at org.junit.runners.ParentRunner.run(ParentRunner.java:309)&#13;&#10;&#9;at cucumber.runtime.junit.FeatureRunner.run(FeatureRunner.java:70)&#13;&#10;&#9;at cucumber.api.junit.Cucumber.runChild(Cucumber.java:93)&#13;&#10;&#9;at cucumber.api.junit.Cucumber.runChild(Cucumber.java:37)&#13;&#10;&#9;at org.junit.runners.ParentRunner$3.run(ParentRunner.java:238)&#13;&#10;&#9;at org.junit.runners.ParentRunner$1.schedule(ParentRunner.java:63)&#13;&#10;&#9;at org.junit.runners.ParentRunner.runChildren(ParentRunner.java:236)&#13;&#10;&#9;at org.junit.runners.ParentRunner.access$000(ParentRunner.java:53)&#13;&#10;&#9;at org.junit.runners.ParentRunner$2.evaluate(ParentRunner.java:229)&#13;&#10;&#9;at org.junit.runners.ParentRunner.run(ParentRunner.java:309)&#13;&#10;&#9;at cucumber.api.junit.Cucumber.run(Cucumber.java:98)&#13;&#10;&#9;at org.junit.runners.Suite.runChild(Suite.java:127)&#13;&#10;&#9;at org.junit.runners.Suite.runChild(Suite.java:26)&#13;&#10;&#9;at org.junit.runners.ParentRunner$3.run(ParentRunner.java:238)&#13;&#10;&#9;at org.junit.runners.ParentRunner$1.schedule(ParentRunner.java:63)&#13;&#10;&#9;at org.junit.runners.ParentRunner.runChildren(ParentRunner.java:236)&#13;&#10;&#9;at org.junit.runners.ParentRunner.access$000(ParentRunner.java:53)&#13;&#10;&#9;at org.junit.runners.ParentRunner$2.evaluate(ParentRunner.java:229)&#13;&#10;&#9;at org.junit.runners.ParentRunner.run(ParentRunner.java:309)&#13;&#10;&#9;at org.junit.runner.JUnitCore.run(JUnitCore.java:160)&#13;&#10;&#9;at org.junit.runner.JUnitCore.run(JUnitCore.java:138)&#13;&#10;&#9;at org.apache.maven.surefire.junitcore.JUnitCoreWrapper.createRequestAndRun(JUnitCoreWrapper.java:107)&#13;&#10;&#9;at org.apache.maven.surefire.junitcore.JUnitCoreWrapper.executeEager(JUnitCoreWrapper.java:77)&#13;&#10;&#9;at org.apache.maven.surefire.junitcore.JUnitCoreWrapper.execute(JUnitCoreWrapper.java:53)&#13;&#10;&#9;at org.apache.maven.surefire.junitcore.JUnitCoreProvider.invoke(JUnitCoreProvider.java:144)&#13;&#10;&#9;at org.apache.maven.surefire.booter.ForkedBooter.invokeProviderInSameClassLoader(ForkedBooter.java:203)&#13;&#10;&#9;at org.apache.maven.surefire.booter.ForkedBooter.runSuitesInProcess(ForkedBooter.java:155)&#13;&#10;&#9;at org.apache.maven.surefire.booter.ForkedBooter.main(ForkedBooter.java:103)&#13;&#10;"><![CDATA[Given Launch Browser and Open webClock......................................skipped
When enter valid Employee credentials at webclock...........................skipped
Then check Punchout.........................................................skipped

StackTrace:
org.openqa.selenium.UnhandledAlertException: unexpected alert open: {Alert text : There was a problem updating 1 or more record(s) due to  time overlaps.}
  (Session info: chrome=84.0.4147.89)
  (Driver info: chromedriver=84.0.4147.30 (48b3e868b4cc0aa7e8149519690b6f6949e110a8-refs/branch-heads/4147@{#310}),platform=Windows NT 10.0.18362 x86_64) (WARNING: The server did not provide any stacktrace information)
Command duration or timeout: 3 milliseconds: null
Build info: version: '2.44.0', revision: '76d78cf323ce037c5f92db6c1bba601c2ac43ad8', time: '2014-10-23 13:11:40'
System info: host: 'PIS076', ip: '192.168.20.24', os.name: 'Windows 10', os.arch: 'amd64', os.version: '10.0', java.version: '1.8.0_251'
Driver info: org.openqa.selenium.chrome.ChromeDriver
Capabilities [{mobileEmulationEnabled=false, timeouts={implicit=0, pageLoad=300000, script=30000}, hasTouchScreen=false, platform=XP, acceptSslCerts=false, goog:chromeOptions={debuggerAddress=localhost:53632}, acceptInsecureCerts=false, webStorageEnabled=true, browserName=chrome, takesScreenshot=true, javascriptEnabled=true, setWindowRect=true, unexpectedAlertBehaviour=ignore, applicationCacheEnabled=false, rotatable=false, networkConnectionEnabled=false, chrome={chromedriverVersion=84.0.4147.30 (48b3e868b4cc0aa7e8149519690b6f6949e110a8-refs/branch-heads/4147@{#310}), userDataDir=C:\Users\schandan\AppData\Local\Temp\scoped_dir10852_1795962031}, takesHeapSnapshot=true, pageLoadStrategy=normal, strictFileInteractability=false, databaseEnabled=false, handlesAlerts=true, version=84.0.4147.89, browserConnectionEnabled=false, proxy={}, nativeEvents=true, locationContextEnabled=true, cssSelectorsEnabled=true, webauthn:virtualAuthenticators=true}]
Session ID: 92bd800b0db149d26eea4acf383fe7d5
	at sun.reflect.GeneratedConstructorAccessor18.newInstance(Unknown Source)
	at sun.reflect.DelegatingConstructorAccessorImpl.newInstance(DelegatingConstructorAccessorImpl.java:45)
	at java.lang.reflect.Constructor.newInstance(Constructor.java:423)
	at org.openqa.selenium.remote.ErrorHandler.createThrowable(ErrorHandler.java:204)
	at org.openqa.selenium.remote.ErrorHandler.throwIfResponseFailed(ErrorHandler.java:162)
	at org.openqa.selenium.remote.RemoteWebDriver.execute(RemoteWebDriver.java:599)
	at org.openqa.selenium.remote.RemoteWebDriver$RemoteWebDriverOptions$RemoteWindow.maximize(RemoteWebDriver.java:829)
	at stepDef.UtilityDriver.inibrowser(UtilityDriver.java:55)
	at stepDef.Hooks.openBrowser(Hooks.java:27)
	at sun.reflect.GeneratedMethodAccessor18.invoke(Unknown Source)
	at sun.reflect.DelegatingMethodAccessorImpl.invoke(DelegatingMethodAccessorImpl.java:43)
	at java.lang.reflect.Method.invoke(Method.java:498)
	at cucumber.runtime.Utils$1.call(Utils.java:34)
	at cucumber.runtime.Timeout.timeout(Timeout.java:13)
	at cucumber.runtime.Utils.invoke(Utils.java:30)
	at cucumber.runtime.java.JavaHookDefinition.execute(JavaHookDefinition.java:59)
	at cucumber.runtime.Runtime.runHookIfTagsMatch(Runtime.java:222)
	at cucumber.runtime.Runtime.runHooks(Runtime.java:210)
	at cucumber.runtime.Runtime.runBeforeHooks(Runtime.java:200)
	at cucumber.runtime.model.CucumberScenario.run(CucumberScenario.java:44)
	at cucumber.runtime.junit.ExecutionUnitRunner.run(ExecutionUnitRunner.java:91)
	at cucumber.runtime.junit.FeatureRunner.runChild(FeatureRunner.java:63)
	at cucumber.runtime.junit.FeatureRunner.runChild(FeatureRunner.java:18)
	at org.junit.runners.ParentRunner$3.run(ParentRunner.java:238)
	at org.junit.runners.ParentRunner$1.schedule(ParentRunner.java:63)
	at org.junit.runners.ParentRunner.runChildren(ParentRunner.java:236)
	at org.junit.runners.ParentRunner.access$000(ParentRunner.java:53)
	at org.junit.runners.ParentRunner$2.evaluate(ParentRunner.java:229)
	at org.junit.runners.ParentRunner.run(ParentRunner.java:309)
	at cucumber.runtime.junit.FeatureRunner.run(FeatureRunner.java:70)
	at cucumber.api.junit.Cucumber.runChild(Cucumber.java:93)
	at cucumber.api.junit.Cucumber.runChild(Cucumber.java:37)
	at org.junit.runners.ParentRunner$3.run(ParentRunner.java:238)
	at org.junit.runners.ParentRunner$1.schedule(ParentRunner.java:63)
	at org.junit.runners.ParentRunner.runChildren(ParentRunner.java:236)
	at org.junit.runners.ParentRunner.access$000(ParentRunner.java:53)
	at org.junit.runners.ParentRunner$2.evaluate(ParentRunner.java:229)
	at org.junit.runners.ParentRunner.run(ParentRunner.java:309)
	at cucumber.api.junit.Cucumber.run(Cucumber.java:98)
	at org.junit.runners.Suite.runChild(Suite.java:127)
	at org.junit.runners.Suite.runChild(Suite.java:26)
	at org.junit.runners.ParentRunner$3.run(ParentRunner.java:238)
	at org.junit.runners.ParentRunner$1.schedule(ParentRunner.java:63)
	at org.junit.runners.ParentRunner.runChildren(ParentRunner.java:236)
	at org.junit.runners.ParentRunner.access$000(ParentRunner.java:53)
	at org.junit.runners.ParentRunner$2.evaluate(ParentRunner.java:229)
	at org.junit.runners.ParentRunner.run(ParentRunner.java:309)
	at org.junit.runner.JUnitCore.run(JUnitCore.java:160)
	at org.junit.runner.JUnitCore.run(JUnitCore.java:138)
	at org.apache.maven.surefire.junitcore.JUnitCoreWrapper.createRequestAndRun(JUnitCoreWrapper.java:107)
	at org.apache.maven.surefire.junitcore.JUnitCoreWrapper.executeEager(JUnitCoreWrapper.java:77)
	at org.apache.maven.surefire.junitcore.JUnitCoreWrapper.execute(JUnitCoreWrapper.java:53)
	at org.apache.maven.surefire.junitcore.JUnitCoreProvider.invoke(JUnitCoreProvider.java:144)
	at org.apache.maven.surefire.booter.ForkedBooter.invokeProviderInSameClassLoader(ForkedBooter.java:203)
	at org.apache.maven.surefire.booter.ForkedBooter.runSuitesInProcess(ForkedBooter.java:155)
	at org.apache.maven.surefire.booter.ForkedBooter.main(ForkedBooter.java:103)
]]></failure>
</testcase>
</testsuite>
